[11/11/2012 12:30:32] /a 2
[11/11/2012 12:30:32] /a 2
[11/11/2012 12:30:33] /a 2
[11/11/2012 12:30:33] /a 2
[11/11/2012 12:30:33] /a 2
[11/11/2012 12:30:33] /a 2
[11/11/2012 12:30:33] /a 2
[11/11/2012 12:30:33] /a 2
[11/11/2012 12:30:33] /a 2
[11/11/2012 12:30:33] /a 2
[11/11/2012 12:30:33] /a 2
[11/11/2012 12:30:33] /a 2
[11/11/2012 12:30:33] /a 2
[11/11/2012 12:30:33] /a 2
[11/11/2012 12:30:34] /a 2
[11/11/2012 12:30:34] /a 2
[11/11/2012 12:30:34] /a 2
[11/11/2012 12:30:34] /a 2
[11/11/2012 12:30:34] /a 2
[11/11/2012 12:30:34] /a 2
[11/11/2012 12:30:34] /a 2
[11/11/2012 12:30:34] /a 2
[11/11/2012 12:30:35] /a 2
[11/11/2012 12:30:35] /a 2
[11/11/2012 12:30:35] /a 2
[11/11/2012 12:30:35] /a 2
[11/11/2012 12:30:35] /a 2
[11/11/2012 12:30:35] /a 2
[11/11/2012 12:30:35] /a 2
[11/11/2012 12:30:35] /a 2
[11/11/2012 12:30:35] /a 2
[11/11/2012 12:30:36] /a 2
[11/11/2012 12:30:36] /a 2
[11/11/2012 12:30:36] /a 2
[11/11/2012 12:30:36] /a 2
[11/11/2012 12:30:36] /a 2
[11/11/2012 12:30:36] /a 2
[11/11/2012 12:30:37] /a 2
[11/11/2012 12:30:37] /a 2
[11/11/2012 12:30:37] /a 2
[11/11/2012 12:30:37] /a 2
[11/11/2012 12:30:37] /a 2
[11/11/2012 12:30:37] /a 2
[11/11/2012 12:30:37] /a 2
[12/11/2012 19:47:47] /up
[12/11/2012 19:54:37] /up
[12/11/2012 19:56:00] /up
[12/11/2012 19:56:08] /up
[12/11/2012 19:57:57] /t
[12/11/2012 22:52:45] /bat
[12/11/2012 23:01:54] /a 2
[12/11/2012 23:03:01] /a 2
[13/11/2012 12:18:29] /a 2
[13/11/2012 12:18:29] /a 2
[13/11/2012 12:18:30] /a 2
[13/11/2012 12:18:30] /a 2
[13/11/2012 12:18:30] /a 2
[13/11/2012 12:18:30] /a 2
[13/11/2012 14:00:48] /a 2
[13/11/2012 14:01:06] /a 2
[13/11/2012 14:01:09] /a 2
[13/11/2012 14:01:11] /a 2
[13/11/2012 14:01:11] /a 2
[13/11/2012 14:06:28] /a 2
[13/11/2012 14:06:38] /a 2
[13/11/2012 16:18:47] /cliport
[13/11/2012 16:19:03] /a 3
[13/11/2012 16:19:14] /up
[13/11/2012 16:20:12] /goto demon
[13/11/2012 16:20:47] /t
[13/11/2012 16:21:17] /a 2
[13/11/2012 16:21:28] /up
[13/11/2012 16:21:32] /up
[13/11/2012 16:21:36] /up
[13/11/2012 16:21:39] /a 3
[13/11/2012 16:22:24] /a 2
[13/11/2012 16:22:25] /a 2
[13/11/2012 16:22:25] /a 2
[13/11/2012 16:22:25] /a 2
[13/11/2012 16:22:26] /a 2
[13/11/2012 16:22:26] /a 2
[13/11/2012 16:22:26] /a 2
[13/11/2012 16:22:26] /a 2
[13/11/2012 16:22:27] /a 2
[13/11/2012 16:22:27] /a 2
[13/11/2012 16:22:27] /a 2
[13/11/2012 16:22:27] /a 2
[13/11/2012 16:22:27] /a 2
[13/11/2012 16:22:27] /a 2
[13/11/2012 16:22:27] /a 2
[13/11/2012 16:22:27] /a 2
[13/11/2012 16:22:27] /a 2
[13/11/2012 16:22:27] /a 2
[13/11/2012 16:22:27] /a 2
[13/11/2012 16:22:28] /a 2
[13/11/2012 16:22:28] /a 2
[13/11/2012 16:22:28] /a 2
[13/11/2012 16:22:28] /a 2
[13/11/2012 16:22:28] /a 2
[13/11/2012 16:22:28] /a 2
[13/11/2012 16:22:28] /a 2
[13/11/2012 16:22:28] /a 2
[13/11/2012 16:22:28] /a 2
[13/11/2012 16:22:29] /a 2
[13/11/2012 16:22:30] /a 2
[13/11/2012 16:22:30] /a 2
[13/11/2012 16:22:30] /a 2
[13/11/2012 16:22:30] /a 2
[13/11/2012 16:22:30] /a 2
[13/11/2012 16:22:30] /a 2
[13/11/2012 16:22:30] /a 2
[13/11/2012 16:22:30] /a 2
[13/11/2012 16:22:30] /a 2
[13/11/2012 16:22:30] /a 2
[13/11/2012 16:22:30] /a 2
[13/11/2012 16:22:30] /a 2
[13/11/2012 16:22:30] /a 2
[13/11/2012 16:22:30] /a 2
[13/11/2012 16:22:30] /a 2
[13/11/2012 16:22:30] /a 2
[13/11/2012 16:22:30] /a 2
[13/11/2012 16:22:30] /a 2
[13/11/2012 16:22:30] /a 2
[13/11/2012 16:22:30] /a 2
[13/11/2012 16:22:30] /a 2
[13/11/2012 16:22:30] /a 2
[13/11/2012 16:22:30] /a 2
[13/11/2012 16:22:30] /a 2
[13/11/2012 16:22:30] /a 2
[13/11/2012 16:22:30] /a 2
[13/11/2012 16:22:30] /a 2
[13/11/2012 16:22:31] /a 2
[13/11/2012 16:22:37] /down
[13/11/2012 16:22:38] /a 2
[13/11/2012 16:22:39] /a 2
[13/11/2012 16:22:39] /a 2
[13/11/2012 16:22:39] /a 2
[13/11/2012 16:22:39] /a 2
[13/11/2012 16:22:39] /a 2
[13/11/2012 16:22:39] /a 2
[13/11/2012 16:22:39] /a 2
[13/11/2012 16:22:39] /a 2
[13/11/2012 16:22:39] /a 2
[13/11/2012 16:22:39] /a 2
[13/11/2012 16:22:41] /up
[13/11/2012 16:22:44] /a 2
[13/11/2012 16:22:44] /a 2
[13/11/2012 16:22:45] /a 2
[13/11/2012 16:22:45] /a 2
[13/11/2012 16:22:47] /a 2
[13/11/2012 16:22:51] /a 2
[13/11/2012 16:22:52] /a 2
[13/11/2012 16:22:52] /a 2
[13/11/2012 16:22:53] /a 2
[13/11/2012 16:22:53] /a 2
[13/11/2012 16:22:53] /a 2
[13/11/2012 16:22:54] /a 2
[13/11/2012 16:22:54] /a 2
[13/11/2012 16:22:54] /a 2
[13/11/2012 16:22:54] /a 2
[13/11/2012 16:22:54] /a 2
[13/11/2012 16:22:54] /a 2
[13/11/2012 16:22:54] /a 2
[13/11/2012 16:22:56] /a 2
[13/11/2012 16:22:56] /a 2
[13/11/2012 16:22:56] /a 2
[13/11/2012 16:22:57] /a 2
[13/11/2012 16:22:57] /a 2
[13/11/2012 16:22:57] /a 2
[13/11/2012 16:22:57] /a 2
[13/11/2012 16:22:57] /a 2
[13/11/2012 16:22:57] /a 2
[13/11/2012 16:22:57] /a 2
[13/11/2012 16:22:57] /a 2
[13/11/2012 16:22:57] /a 2
[13/11/2012 16:22:57] /a 2
[13/11/2012 16:22:57] /a 2
[13/11/2012 16:22:58] /a 2
[13/11/2012 16:22:58] /a 2
[13/11/2012 16:22:58] /a 2
[13/11/2012 16:22:58] /a 2
[13/11/2012 16:22:58] /a 2
[13/11/2012 16:22:58] /a 2
[13/11/2012 16:22:58] /a 2
[13/11/2012 16:22:58] /a 2
[13/11/2012 16:22:59] /a 2
[13/11/2012 16:22:59] /a 2
[13/11/2012 16:22:59] /a 2
[13/11/2012 16:22:59] /a 2
[13/11/2012 16:22:59] /a 2
[13/11/2012 16:22:59] /a 2
[13/11/2012 16:22:59] /a 2
[13/11/2012 16:22:59] /a 2
[13/11/2012 16:23:00] /a 2
[13/11/2012 16:23:01] /a 2
[13/11/2012 16:23:05] /a 2
[13/11/2012 16:23:06] /a 2
[13/11/2012 16:23:15] /a 2
[13/11/2012 16:23:16] /a 2
[13/11/2012 16:23:17] /a 2
[13/11/2012 16:23:17] /a 2
[13/11/2012 16:23:17] /a 2
[13/11/2012 16:23:17] /a 2
[13/11/2012 16:23:17] /a 2
[13/11/2012 16:23:17] /a 2
[13/11/2012 16:23:17] /a 2
[13/11/2012 16:23:17] /a 2
[13/11/2012 16:23:17] /a 2
[13/11/2012 16:23:17] /a 2
[13/11/2012 16:23:17] /a 2
[13/11/2012 16:23:17] /a 2
[13/11/2012 16:23:17] /a 2
[13/11/2012 16:23:18] /a 2
[13/11/2012 16:23:18] /a 2
[13/11/2012 16:23:18] /a 2
[13/11/2012 16:23:18] /a 2
[13/11/2012 16:23:18] /a 2
[13/11/2012 16:23:18] /a 2
[13/11/2012 16:23:18] /a 2
[13/11/2012 16:23:18] /a 2
[13/11/2012 16:23:19] /a 2
[13/11/2012 16:23:19] /a 2
[13/11/2012 16:23:19] /a 2
[13/11/2012 16:23:19] /a 2
[13/11/2012 16:23:19] /a 2
[13/11/2012 16:23:19] /a 2
[13/11/2012 16:23:19] /a 2
[13/11/2012 16:23:19] /a 2
[13/11/2012 16:23:19] /a 2
[13/11/2012 16:23:19] /a 2
[13/11/2012 16:23:19] /a 2
[13/11/2012 16:23:19] /a 2
[13/11/2012 16:23:19] /a 2
[13/11/2012 16:23:19] /a 2
[13/11/2012 16:23:19] /a 2
[13/11/2012 16:23:19] /a 2
[13/11/2012 16:23:19] /a 2
[13/11/2012 16:23:19] /a 2
[13/11/2012 16:23:20] /a 2
[13/11/2012 16:23:20] /a 2
[13/11/2012 16:23:20] /a 2
[13/11/2012 16:23:20] /a 2
[13/11/2012 16:23:20] /a 2
[13/11/2012 16:23:20] /a 2
[13/11/2012 16:23:20] /a 2
[13/11/2012 16:23:20] /a 2
[13/11/2012 16:23:20] /a 2
[13/11/2012 16:23:20] /a 2
[13/11/2012 16:23:20] /a 2
[13/11/2012 16:23:20] /a 2
[13/11/2012 16:23:20] /a 2
[13/11/2012 16:23:21] /a 2
[13/11/2012 16:23:21] /a 2
[13/11/2012 16:23:21] /a 2
[13/11/2012 16:23:21] /a 2
[13/11/2012 16:23:21] /a 2
[13/11/2012 16:23:21] /a 2
[13/11/2012 16:23:21] /a 2
[13/11/2012 16:23:21] /a 2
[13/11/2012 16:23:23] /a 2
[13/11/2012 16:23:23] /a 2
[13/11/2012 16:23:24] /a 2
[13/11/2012 16:23:24] /a 2
[13/11/2012 16:23:26] /up
[13/11/2012 16:23:34] /a 2
[13/11/2012 16:23:43] /a 2
[13/11/2012 16:24:01] /a 2
[13/11/2012 16:24:01] /a 2
[13/11/2012 16:24:02] /a 2
[13/11/2012 16:24:02] /a 2
[13/11/2012 16:24:03] /a 2
[13/11/2012 16:24:03] /a 2
[13/11/2012 16:24:05] /a 2
[13/11/2012 16:24:05] /a 2
[13/11/2012 16:24:06] /a 2
[13/11/2012 16:24:07] /a 2
[13/11/2012 16:24:27] /a 2
[13/11/2012 16:24:28] /a 2
[13/11/2012 16:24:28] /a 2
[13/11/2012 16:24:28] /a 2
[13/11/2012 16:24:28] /a 2
[13/11/2012 16:24:28] /a 2
[13/11/2012 16:24:30] /a 2
[13/11/2012 16:24:34] /a 2
[13/11/2012 16:24:48] /t
[13/11/2012 16:24:56] /a 2
[13/11/2012 16:24:56] /a 2
[13/11/2012 16:24:57] /a 2
[13/11/2012 16:24:57] /a 2
[13/11/2012 16:24:58] /a 2
[13/11/2012 16:24:58] /a 2
[13/11/2012 16:24:58] /a 2
[13/11/2012 16:24:58] /a 2
[13/11/2012 16:24:58] /a 2
[13/11/2012 16:24:58] /a 2
[13/11/2012 16:24:58] /a 2
[13/11/2012 16:24:58] /a 2
[13/11/2012 16:24:58] /a 2
[13/11/2012 16:24:58] /a 2
[13/11/2012 16:24:59] /a 2
[13/11/2012 16:24:59] /a 2
[13/11/2012 16:25:00] /a 2
[13/11/2012 16:25:00] /a 2
[13/11/2012 16:25:00] /a 2
[13/11/2012 16:25:00] /a 2
[13/11/2012 16:25:02] /a 2
[13/11/2012 16:25:02] /a 2
[13/11/2012 16:25:02] /a 2
[13/11/2012 16:25:02] /a 2
[13/11/2012 16:25:03] /a 2
[13/11/2012 16:25:03] /a 2
[13/11/2012 16:25:03] /a 2
[13/11/2012 16:25:03] /a 2
[13/11/2012 16:25:03] /a 2
[13/11/2012 16:25:03] /a 2
[13/11/2012 16:25:03] /a 2
[13/11/2012 16:25:04] /a 2
[13/11/2012 16:25:04] /a 2
[13/11/2012 16:25:04] /a 2
[13/11/2012 16:25:04] /a 2
[13/11/2012 16:25:04] /a 2
[13/11/2012 16:25:04] /a 2
[13/11/2012 16:25:04] /a 2
[13/11/2012 16:25:04] /a 2
[13/11/2012 16:25:04] /a 2
[13/11/2012 16:25:04] /a 2
[13/11/2012 16:25:04] /a 2
[13/11/2012 16:25:04] /a 2
[13/11/2012 16:25:04] /a 2
[13/11/2012 16:25:04] /a 2
[13/11/2012 16:25:04] /a 2
[13/11/2012 16:25:04] /a 2
[13/11/2012 16:25:04] /a 2
[13/11/2012 16:25:04] /a 2
[13/11/2012 16:25:04] /a 2
[13/11/2012 16:25:04] /a 2
[13/11/2012 16:25:04] /a 2
[13/11/2012 16:25:04] /a 2
[13/11/2012 16:25:05] /a 2
[13/11/2012 16:25:05] /a 2
[13/11/2012 16:25:05] /a 2
[13/11/2012 16:25:05] /a 2
[13/11/2012 16:25:05] /a 2
[13/11/2012 16:25:05] /a 2
[13/11/2012 16:25:06] /a 2
[13/11/2012 16:25:06] /a 2
[13/11/2012 16:25:06] /a 2
[13/11/2012 16:25:06] /a 2
[13/11/2012 16:25:06] /a 2
[13/11/2012 16:25:06] /a 2
[13/11/2012 16:25:06] /a 2
[13/11/2012 16:25:06] /a 2
[13/11/2012 16:25:06] /a 2
[13/11/2012 16:25:06] /a 2
[13/11/2012 16:25:07] /a 2
[13/11/2012 16:25:07] /a 2
[13/11/2012 16:25:07] /a 2
[13/11/2012 16:25:08] /a 2
[13/11/2012 16:25:08] /a 2
[13/11/2012 16:25:08] /a 2
[13/11/2012 16:25:09] /a 2
[13/11/2012 16:25:14] /a 2
[13/11/2012 16:25:14] /a 2
[13/11/2012 16:25:14] /a 2
[13/11/2012 16:25:14] /a 2
[13/11/2012 16:25:14] /a 2
[13/11/2012 16:25:14] /a 2
[13/11/2012 16:25:14] /a 2
[13/11/2012 16:25:15] /a 2
[13/11/2012 16:25:15] /a 2
[13/11/2012 16:25:15] /a 2
[13/11/2012 16:25:15] /a 2
[13/11/2012 16:25:15] /a 2
[13/11/2012 16:25:15] /a 2
[13/11/2012 16:25:15] /a 2
[13/11/2012 16:25:15] /a 2
[13/11/2012 16:25:15] /a 2
[13/11/2012 16:25:15] /a 2
[13/11/2012 16:25:15] /a 2
[13/11/2012 16:25:15] /a 2
[13/11/2012 16:25:16] /a 2
[13/11/2012 16:25:16] /a 2
[13/11/2012 16:25:16] /a 2
[13/11/2012 16:25:16] /a 2
[13/11/2012 16:25:16] /a 2
[13/11/2012 16:25:16] /a 2
[13/11/2012 16:25:16] /a 2
[13/11/2012 16:25:16] /a 2
[13/11/2012 16:25:16] /a 2
[13/11/2012 16:25:16] /a 2
[13/11/2012 16:25:16] /a 2
[13/11/2012 16:25:16] /a 2
[13/11/2012 16:25:16] /a 2
[13/11/2012 16:25:16] /a 2
[13/11/2012 16:25:16] /a 2
[13/11/2012 16:25:16] /a 2
[13/11/2012 16:25:17] /a 2
[13/11/2012 16:25:18] /a 2
[13/11/2012 16:25:18] /a 2
[13/11/2012 16:25:18] /a 2
[13/11/2012 16:25:18] /a 2
[13/11/2012 16:25:18] /a 2
[13/11/2012 16:25:19] /a 2
[13/11/2012 16:25:19] /a 2
[13/11/2012 16:25:31] /a 2
[13/11/2012 16:25:32] /a 2
[13/11/2012 16:25:46] /a 2
[13/11/2012 16:25:47] /a 2
[13/11/2012 16:25:48] /a 2
[13/11/2012 16:25:48] /a 2
[13/11/2012 16:25:48] /a 2
[13/11/2012 16:25:48] /a 2
[13/11/2012 16:25:48] /a 2
[13/11/2012 16:25:48] /a 2
[13/11/2012 16:25:49] /a 2
[13/11/2012 16:25:49] /a 2
[13/11/2012 16:25:51] /a 2
[13/11/2012 16:25:52] /a 2
[13/11/2012 16:25:53] /a 2
[13/11/2012 16:25:54] /a 2
[13/11/2012 16:25:54] /a 2
[13/11/2012 16:25:55] /a 2
[13/11/2012 16:25:56] /a 2
[13/11/2012 16:25:56] /a 2
[13/11/2012 16:25:57] /a 2
[13/11/2012 16:25:57] /a 2
[13/11/2012 16:26:02] /down
[13/11/2012 16:26:04] /a 2
[13/11/2012 16:26:05] /a 2
[13/11/2012 16:26:05] /a 2
[13/11/2012 16:26:05] /a 2
[13/11/2012 16:26:05] /a 2
[13/11/2012 16:26:05] /a 2
[13/11/2012 16:26:05] /a 2
[13/11/2012 16:26:06] /a 2
[13/11/2012 16:26:07] /a 2
[13/11/2012 16:26:07] /a 2
[13/11/2012 16:26:07] /a 2
[13/11/2012 16:26:07] /a 2
[13/11/2012 16:26:07] /a 2
[13/11/2012 16:26:07] /a 2
[13/11/2012 16:26:07] /a 2
[13/11/2012 16:26:07] /a 2
[13/11/2012 16:26:07] /a 2
[13/11/2012 16:26:07] /a 2
[13/11/2012 16:26:07] /a 2
[13/11/2012 16:26:07] /a 2
[13/11/2012 16:26:07] /a 2
[13/11/2012 16:26:07] /a 2
[13/11/2012 16:26:07] /a 2
[13/11/2012 16:26:07] /a 2
[13/11/2012 16:26:07] /a 2
[13/11/2012 16:26:07] /a 2
[13/11/2012 16:26:07] /a 2
[13/11/2012 16:26:07] /a 2
[13/11/2012 16:26:07] /a 2
[13/11/2012 16:26:07] /a 2
[13/11/2012 16:26:08] /a 2
[13/11/2012 16:26:08] /a 2
[13/11/2012 16:26:08] /a 2
[13/11/2012 16:26:08] /a 2
[13/11/2012 16:26:08] /a 2
[13/11/2012 16:26:08] /a 2
[13/11/2012 16:26:08] /a 2
[13/11/2012 16:26:08] /a 2
[13/11/2012 16:26:08] /a 2
[13/11/2012 16:26:08] /a 2
[13/11/2012 16:26:08] /a 2
[13/11/2012 16:26:08] /a 2
[13/11/2012 16:26:09] /a 2
[13/11/2012 16:26:09] /a 2
[13/11/2012 16:26:09] /a 2
[13/11/2012 16:26:09] /a 2
[13/11/2012 16:26:09] /a 2
[13/11/2012 16:26:09] /a 2
[13/11/2012 16:26:09] /a 2
[13/11/2012 16:26:09] /a 2
[13/11/2012 16:26:10] /a 2
[13/11/2012 16:26:11] /a 2
[13/11/2012 16:26:12] /a 2
[13/11/2012 16:26:12] /a 2
[13/11/2012 16:26:12] /a 2
[13/11/2012 16:26:12] /a 2
[13/11/2012 16:26:18] /a 2
[13/11/2012 16:26:19] /a 2
[13/11/2012 16:26:19] /a 2
[13/11/2012 16:26:19] /a 2
[13/11/2012 16:26:19] /a 2
[13/11/2012 16:26:19] /a 2
[13/11/2012 16:26:19] /a 2
[13/11/2012 16:26:19] /a 2
[13/11/2012 16:26:19] /a 2
[13/11/2012 16:26:19] /a 2
[13/11/2012 16:26:19] /a 2
[13/11/2012 16:26:19] /a 2
[13/11/2012 16:26:19] /a 2
[13/11/2012 16:26:20] /a 2
[13/11/2012 16:26:20] /a 2
[13/11/2012 16:26:20] /a 2
[13/11/2012 16:26:20] /a 2
[13/11/2012 16:26:20] /a 2
[13/11/2012 16:26:20] /a 2
[13/11/2012 16:26:20] /a 2
[13/11/2012 16:26:20] /a 2
[13/11/2012 16:26:20] /a 2
[13/11/2012 16:26:20] /a 2
[13/11/2012 16:26:20] /a 2
[13/11/2012 16:26:20] /a 2
[13/11/2012 16:26:20] /a 2
[13/11/2012 16:26:20] /a 2
[13/11/2012 16:26:20] /a 2
[13/11/2012 16:26:20] /a 2
[13/11/2012 16:26:20] /a 2
[13/11/2012 16:26:20] /a 2
[13/11/2012 16:26:20] /a 2
[13/11/2012 16:26:20] /a 2
[13/11/2012 16:26:20] /a 2
[13/11/2012 16:26:20] /a 2
[13/11/2012 16:26:20] /a 2
[13/11/2012 16:26:20] /a 2
[13/11/2012 16:26:20] /a 2
[13/11/2012 16:26:20] /a 2
[13/11/2012 16:26:20] /a 2
[13/11/2012 16:26:21] /a 2
[13/11/2012 16:26:22] /a 2
[13/11/2012 16:26:22] /a 2
[13/11/2012 16:26:22] /a 2
[13/11/2012 16:26:22] /a 2
[13/11/2012 16:26:22] /a 2
[13/11/2012 16:26:22] /a 2
[13/11/2012 16:26:22] /a 2
[13/11/2012 16:26:22] /a 2
[13/11/2012 16:26:22] /a 2
[13/11/2012 16:26:22] /a 2
[13/11/2012 16:26:22] /a 2
[13/11/2012 16:26:22] /a 2
[13/11/2012 16:26:22] /a 2
[13/11/2012 16:26:22] /a 2
[13/11/2012 16:26:23] /a 2
[13/11/2012 16:26:23] /a 2
[13/11/2012 16:26:23] /a 2
[13/11/2012 16:26:23] /a 2
[13/11/2012 16:26:24] /a 2
[13/11/2012 16:26:24] /a 2
[13/11/2012 16:26:27] /a 2
[13/11/2012 16:26:34] /a 2
[13/11/2012 16:26:34] /a 2
[13/11/2012 16:26:35] /a 2
[13/11/2012 16:26:35] /a 2
[13/11/2012 16:26:35] /a 2
[13/11/2012 16:26:35] /a 2
[13/11/2012 16:26:35] /a 2
[13/11/2012 16:26:35] /a 2
[13/11/2012 16:26:35] /a 2
[13/11/2012 16:26:35] /a 2
[13/11/2012 16:26:35] /a 2
[13/11/2012 16:26:35] /a 2
[13/11/2012 16:26:35] /a 2
[13/11/2012 16:26:35] /a 2
[13/11/2012 16:26:35] /a 2
[13/11/2012 16:26:35] /a 2
[13/11/2012 16:26:35] /a 2
[13/11/2012 16:26:37] /a 2
[13/11/2012 16:26:37] /a 2
[13/11/2012 16:26:55] /a 2
[13/11/2012 16:27:28] /a 2
[13/11/2012 16:27:28] /a 2
[13/11/2012 16:27:29] /a 2
[13/11/2012 16:27:29] /a 2
[13/11/2012 16:27:29] /a 2
[13/11/2012 16:27:29] /a 2
[13/11/2012 16:27:29] /a 2
[13/11/2012 16:27:31] /a 2
[13/11/2012 16:27:32] /a 2
[13/11/2012 16:27:33] /a 2
[13/11/2012 16:27:33] /a 2
[13/11/2012 16:27:33] /a 2
[13/11/2012 16:27:33] /a 2
[13/11/2012 16:27:33] /a 2
[13/11/2012 16:27:33] /a 2
[13/11/2012 16:27:33] /a 2
[13/11/2012 16:27:34] /a 2
[13/11/2012 16:27:41] /a 2
[13/11/2012 16:27:41] /a 2
[13/11/2012 16:27:41] /a 2
[13/11/2012 16:27:41] /a 2
[13/11/2012 16:27:41] /a 2
[13/11/2012 16:27:42] /a 2
[13/11/2012 16:27:42] /a 2
[13/11/2012 16:27:42] /a 2
[13/11/2012 16:27:42] /a 2
[13/11/2012 16:27:42] /a 2
[13/11/2012 16:27:42] /a 2
[13/11/2012 16:27:42] /a 2
[13/11/2012 16:27:43] /a 2
[13/11/2012 16:27:43] /a 2
[13/11/2012 16:27:43] /a 2
[13/11/2012 16:27:44] /a 2
[13/11/2012 16:27:44] /a 2
[13/11/2012 16:27:44] /a 2
[13/11/2012 16:27:44] /a 2
[13/11/2012 16:27:44] /a 2
[13/11/2012 16:27:44] /a 2
[13/11/2012 16:27:44] /a 2
[13/11/2012 16:27:44] /a 2
[13/11/2012 16:27:45] /a 2
[13/11/2012 16:27:45] /a 2
[13/11/2012 16:27:45] /a 2
[13/11/2012 16:27:45] /a 2
[13/11/2012 16:27:45] /a 2
[13/11/2012 16:27:45] /a 2
[13/11/2012 16:27:45] /a 2
[13/11/2012 16:27:45] /a 2
[13/11/2012 16:27:45] /a 2
[13/11/2012 16:27:45] /a 2
[13/11/2012 16:27:45] /a 2
[13/11/2012 16:27:45] /a 2
[13/11/2012 16:27:47] /a 2
[13/11/2012 16:27:47] /a 2
[13/11/2012 16:27:47] /a 2
[13/11/2012 16:27:48] /a 2
[13/11/2012 16:27:50] /down
[13/11/2012 16:27:51] /a 2
[13/11/2012 16:27:52] /a 2
[13/11/2012 16:27:52] /a 2
[13/11/2012 16:27:52] /a 2
[13/11/2012 16:27:52] /a 2
[13/11/2012 16:27:52] /a 2
[13/11/2012 16:27:52] /a 2
[13/11/2012 16:27:52] /a 2
[13/11/2012 16:27:52] /a 2
[13/11/2012 16:27:53] /a 2
[13/11/2012 16:27:53] /a 2
[13/11/2012 16:27:53] /a 2
[13/11/2012 16:27:53] /a 2
[13/11/2012 16:27:53] /a 2
[13/11/2012 16:27:53] /a 2
[13/11/2012 16:27:53] /a 2
[13/11/2012 16:27:53] /a 2
[13/11/2012 16:27:53] /a 2
[13/11/2012 16:27:53] /a 2
[13/11/2012 16:27:53] /a 2
[13/11/2012 16:27:53] /a 2
[13/11/2012 16:27:53] /a 2
[13/11/2012 16:27:53] /a 2
[13/11/2012 16:27:53] /a 2
[13/11/2012 16:27:53] /a 2
[13/11/2012 16:27:53] /a 2
[13/11/2012 16:27:55] /a 2
[13/11/2012 16:27:55] /a 2
[13/11/2012 16:27:55] /a 2
[13/11/2012 16:27:55] /a 2
[13/11/2012 16:27:55] /a 2
[13/11/2012 16:27:55] /a 2
[13/11/2012 16:27:55] /a 2
[13/11/2012 16:27:55] /a 2
[13/11/2012 16:27:55] /a 2
[13/11/2012 16:27:55] /a 2
[13/11/2012 16:27:55] /a 2
[13/11/2012 16:27:55] /a 2
[13/11/2012 16:27:55] /a 2
[13/11/2012 16:27:55] /a 2
[13/11/2012 16:27:55] /a 2
[13/11/2012 16:27:55] /a 2
[13/11/2012 16:27:55] /a 2
[13/11/2012 16:27:55] /a 2
[13/11/2012 16:27:55] /a 2
[13/11/2012 16:27:57] /a 2
[13/11/2012 16:27:57] /a 2
[13/11/2012 16:27:57] /a 2
[13/11/2012 16:27:57] /a 2
[13/11/2012 16:27:57] /a 2
[13/11/2012 16:27:58] /a 2
[13/11/2012 16:27:58] /a 2
[13/11/2012 16:27:59] /a 2
[13/11/2012 16:28:00] /a 2
[13/11/2012 16:28:00] /a 2
[13/11/2012 16:28:00] /a 2
[13/11/2012 16:28:00] /a 2
[13/11/2012 16:28:01] /a 2
[13/11/2012 16:28:03] /down
[13/11/2012 16:28:05] /a 2
[13/11/2012 16:28:06] /a 2
[13/11/2012 16:28:12] /a 2
[13/11/2012 16:28:13] /a 2
[13/11/2012 16:28:14] /a 2
[13/11/2012 16:28:27] /a 2
[13/11/2012 16:29:03] /a 2
[13/11/2012 16:29:04] /a 2
[13/11/2012 16:29:04] /a 2
[13/11/2012 16:29:04] /a 2
[13/11/2012 16:29:04] /a 2
[13/11/2012 16:29:04] /a 2
[13/11/2012 16:29:04] /a 2
[13/11/2012 16:29:04] /a 2
[13/11/2012 16:29:04] /a 2
[13/11/2012 16:29:04] /a 2
[13/11/2012 16:29:04] /a 2
[13/11/2012 16:29:04] /a 2
[13/11/2012 16:29:05] /a 2
[13/11/2012 16:29:05] /a 2
[13/11/2012 16:29:05] /a 2
[13/11/2012 16:29:06] /a 2
[13/11/2012 16:29:06] /a 2
[13/11/2012 16:29:06] /a 2
[13/11/2012 16:29:06] /a 2
[13/11/2012 16:29:06] /a 2
[13/11/2012 16:29:07] /a 2
[13/11/2012 16:29:08] /a 2
[13/11/2012 16:29:08] /a 2
[13/11/2012 16:29:09] /a 2
[13/11/2012 16:29:09] /a 2
[13/11/2012 16:29:09] /a 2
[13/11/2012 16:29:31] /a 2
[13/11/2012 16:29:31] /a 2
[13/11/2012 16:29:32] /a 2
[13/11/2012 16:29:32] /a 2
[13/11/2012 16:29:37] /a 2
[13/11/2012 16:29:37] /a 2
[13/11/2012 16:29:38] /a 2
[13/11/2012 16:29:38] /a 2
[13/11/2012 16:29:40] /a 2
[13/11/2012 16:29:41] /a 2
[13/11/2012 16:29:41] /a 2
[13/11/2012 16:29:42] /a 2
[13/11/2012 16:29:42] /a 2
[13/11/2012 16:29:43] /a 2
[13/11/2012 16:29:44] /a 2
[13/11/2012 16:29:45] /a 2
[13/11/2012 16:29:45] /a 2
[13/11/2012 16:29:48] /a 2
[13/11/2012 16:29:50] /t
[13/11/2012 16:29:55] /t
[13/11/2012 16:30:03] /a 2
[13/11/2012 16:30:03] /a 2
[13/11/2012 16:30:03] /a 2
[13/11/2012 16:30:03] /a 2
[13/11/2012 16:30:03] /a 2
[13/11/2012 16:30:03] /a 2
[13/11/2012 16:30:04] /a 2
[13/11/2012 16:30:04] /a 2
[13/11/2012 16:30:04] /a 2
[13/11/2012 16:30:04] /a 2
[13/11/2012 16:30:04] /a 2
[13/11/2012 16:30:04] /a 2
[13/11/2012 16:30:04] /a 2
[13/11/2012 16:30:04] /a 2
[13/11/2012 16:30:04] /a 2
[13/11/2012 16:30:04] /a 2
[13/11/2012 16:30:04] /a 2
[13/11/2012 16:30:04] /a 2
[13/11/2012 16:30:04] /a 2
[13/11/2012 16:30:04] /a 2
[13/11/2012 16:30:05] /a 2
[13/11/2012 16:30:05] /a 2
[13/11/2012 16:30:05] /a 2
[13/11/2012 16:30:06] /a 2
[13/11/2012 16:30:06] /a 2
[13/11/2012 16:30:06] /a 2
[13/11/2012 16:30:07] /a 2
[13/11/2012 16:30:07] /a 2
[13/11/2012 16:30:08] /a 2
[13/11/2012 16:30:08] /a 2
[13/11/2012 16:30:08] /a 2
[13/11/2012 16:30:08] /a 2
[13/11/2012 16:30:09] /a 2
[13/11/2012 16:30:09] /a 2
[13/11/2012 16:30:09] /a 2
[13/11/2012 16:30:09] /a 2
[13/11/2012 16:30:09] /a 2
[13/11/2012 16:30:09] /a 2
[13/11/2012 16:30:09] /a 2
[13/11/2012 16:30:09] /a 2
[13/11/2012 16:30:10] /a 2
[13/11/2012 16:30:10] /a 2
[13/11/2012 16:30:16] /a 2
[13/11/2012 16:30:16] /a 2
[13/11/2012 16:30:17] /a 2
[13/11/2012 16:30:17] /a 2
[13/11/2012 16:30:17] /a 2
[13/11/2012 16:30:18] /a 2
[13/11/2012 16:30:19] /a 2
[13/11/2012 16:30:20] /a 2
[13/11/2012 16:30:20] /a 2
[13/11/2012 16:30:57] /a 2
[13/11/2012 16:30:57] /a 2
[13/11/2012 16:30:58] /a 2
[13/11/2012 16:30:58] /a 2
[13/11/2012 16:30:58] /a 2
[13/11/2012 16:30:58] /a 2
[13/11/2012 16:30:58] /a 2
[13/11/2012 16:30:58] /a 2
[13/11/2012 16:30:58] /a 2
[13/11/2012 16:30:58] /a 2
[13/11/2012 16:30:58] /a 2
[13/11/2012 16:30:58] /a 2
[13/11/2012 16:30:58] /a 2
[13/11/2012 16:30:58] /a 2
[13/11/2012 16:31:00] /a 2
[13/11/2012 16:31:01] /a 2
[13/11/2012 16:31:01] /a 2
[13/11/2012 16:31:01] /a 2
[13/11/2012 16:31:01] /a 2
[13/11/2012 16:31:31] /a 2
[13/11/2012 16:31:33] /a 2
[13/11/2012 16:31:35] /a 2
[13/11/2012 16:31:38] /a 2
[13/11/2012 16:31:44] /a 2
[13/11/2012 16:31:44] /a 2
[13/11/2012 16:31:45] /a 2
[13/11/2012 16:31:45] /a 2
[13/11/2012 16:31:49] /a 2
[13/11/2012 16:32:00] /a 2
[13/11/2012 16:32:01] /a 2
[13/11/2012 16:32:01] /a 2
[13/11/2012 16:32:01] /a 2
[13/11/2012 16:32:01] /a 2
[13/11/2012 16:32:01] /a 2
[13/11/2012 16:32:01] /a 2
[13/11/2012 16:32:01] /a 2
[13/11/2012 16:32:01] /a 2
[13/11/2012 16:32:01] /a 2
[13/11/2012 16:32:01] /a 2
[13/11/2012 16:32:01] /a 2
[13/11/2012 16:32:01] /a 2
[13/11/2012 16:32:01] /a 2
[13/11/2012 16:32:01] /a 2
[13/11/2012 16:32:01] /a 2
[13/11/2012 16:32:01] /a 2
[13/11/2012 16:32:03] /a 2
[13/11/2012 16:32:03] /a 2
[13/11/2012 16:32:03] /a 2
[13/11/2012 16:32:03] /a 2
[13/11/2012 16:32:03] /a 2
[13/11/2012 16:32:03] /a 2
[13/11/2012 16:32:03] /a 2
[13/11/2012 16:32:03] /a 2
[13/11/2012 16:32:03] /a 2
[13/11/2012 16:32:03] /a 2
[13/11/2012 16:32:03] /a 2
[13/11/2012 16:32:03] /a 2
[13/11/2012 16:32:04] /a 2
[13/11/2012 16:32:04] /a 2
[13/11/2012 16:32:04] /a 2
[13/11/2012 16:32:04] /a 2
[13/11/2012 16:32:04] /a 2
[13/11/2012 16:32:04] /a 2
[13/11/2012 16:32:04] /a 2
[13/11/2012 16:32:04] /a 2
[13/11/2012 16:32:04] /a 2
[13/11/2012 16:32:04] /a 2
[13/11/2012 16:32:04] /a 2
[13/11/2012 16:32:04] /a 2
[13/11/2012 16:32:04] /a 2
[13/11/2012 16:32:04] /a 2
[13/11/2012 16:32:05] /a 2
[13/11/2012 16:32:05] /a 2
[13/11/2012 16:32:05] /a 2
[13/11/2012 16:32:06] /a 2
[13/11/2012 16:32:07] /a 2
[13/11/2012 16:32:07] /a 2
[13/11/2012 16:32:07] /a 2
[13/11/2012 16:32:07] /a 2
[13/11/2012 16:32:07] /a 2
[13/11/2012 16:32:07] /a 2
[13/11/2012 16:32:14] /a 2
[13/11/2012 16:32:14] /a 2
[13/11/2012 16:32:14] /a 2
[13/11/2012 16:32:14] /a 2
[13/11/2012 16:32:23] /a 2
[13/11/2012 16:32:24] /a 2
[13/11/2012 16:32:25] /a 2
[13/11/2012 16:32:25] /a 2
[13/11/2012 16:32:25] /a 2
[13/11/2012 16:32:25] /a 2
[13/11/2012 16:32:25] /a 2
[13/11/2012 16:32:25] /a 2
[13/11/2012 16:32:25] /a 2
[13/11/2012 16:32:25] /a 2
[13/11/2012 16:32:25] /a 2
[13/11/2012 16:32:25] /a 2
[13/11/2012 16:32:25] /a 2
[13/11/2012 16:32:26] /a 2
[13/11/2012 16:32:26] /a 2
[13/11/2012 16:32:26] /a 2
[13/11/2012 16:32:26] /a 2
[13/11/2012 16:32:26] /a 2
[13/11/2012 16:32:27] /a 2
[13/11/2012 16:32:27] /a 2
[13/11/2012 16:32:27] /a 2
[13/11/2012 16:32:27] /a 2
[13/11/2012 16:32:27] /a 2
[13/11/2012 16:32:27] /a 2
[13/11/2012 16:32:27] /a 2
[13/11/2012 16:32:27] /a 2
[13/11/2012 16:32:27] /a 2
[13/11/2012 16:32:27] /a 2
[13/11/2012 16:32:27] /a 2
[13/11/2012 16:32:27] /a 2
[13/11/2012 16:32:27] /a 2
[13/11/2012 16:32:27] /a 2
[13/11/2012 16:32:27] /a 2
[13/11/2012 16:32:27] /a 2
[13/11/2012 16:32:27] /a 2
[13/11/2012 16:32:27] /a 2
[13/11/2012 16:32:27] /a 2
[13/11/2012 16:32:29] /a 2
[13/11/2012 16:32:30] /a 2
[13/11/2012 16:32:30] /a 2
[13/11/2012 16:32:31] /a 2
[13/11/2012 16:32:31] /a 2
[13/11/2012 16:32:31] /a 2
[13/11/2012 16:32:32] /a 2
[13/11/2012 16:32:32] /a 2
[13/11/2012 16:32:32] /a 2
[13/11/2012 16:32:32] /a 2
[13/11/2012 16:32:32] /a 2
[13/11/2012 16:32:32] /a 2
[13/11/2012 16:32:33] /a 2
[13/11/2012 16:32:34] /a 2
[13/11/2012 16:32:35] /a 2
[13/11/2012 16:32:42] /a 2
[13/11/2012 16:32:42] /a 2
[13/11/2012 16:32:42] /a 2
[13/11/2012 16:32:42] /a 2
[13/11/2012 16:32:44] /a 2
[13/11/2012 16:32:44] /a 2
[13/11/2012 16:32:45] /a 2
[13/11/2012 16:32:46] /a 2
[13/11/2012 16:32:47] /a 2
[13/11/2012 16:32:47] /a 2
[13/11/2012 16:32:47] /a 2
[13/11/2012 16:32:48] /a 2
[13/11/2012 16:32:48] /a 2
[13/11/2012 16:32:48] /a 2
[13/11/2012 16:32:48] /a 2
[13/11/2012 16:32:48] /a 2
[13/11/2012 16:32:48] /a 2
[13/11/2012 16:32:48] /a 2
[13/11/2012 16:32:48] /a 2
[13/11/2012 16:32:48] /a 2
[13/11/2012 16:32:48] /a 2
[13/11/2012 16:32:49] /a 2
[13/11/2012 16:32:50] /a 2
[13/11/2012 16:32:50] /a 2
[13/11/2012 16:32:51] /a 2
[13/11/2012 16:32:51] /a 2
[13/11/2012 16:32:51] /a 2
[13/11/2012 16:32:51] /a 2
[13/11/2012 16:32:51] /a 2
[13/11/2012 16:32:51] /a 2
[13/11/2012 16:32:51] /a 2
[13/11/2012 16:32:51] /a 2
[13/11/2012 16:32:51] /a 2
[13/11/2012 16:32:51] /a 2
[13/11/2012 16:32:55] /a 2
[13/11/2012 16:32:58] /a 2
[13/11/2012 16:32:59] /a 2
[13/11/2012 16:32:59] /a 2
[13/11/2012 16:33:01] /up
[13/11/2012 16:33:37] /a 2
[13/11/2012 16:34:02] /a 2
[13/11/2012 16:34:03] /a 2
[13/11/2012 16:34:03] /a 2
[13/11/2012 16:34:05] /a 2
[13/11/2012 16:34:05] /a 2
[13/11/2012 16:34:05] /a 2
[13/11/2012 16:34:05] /a 2
[13/11/2012 16:34:06] /a 2
[13/11/2012 16:34:06] /a 2
[13/11/2012 16:34:06] /a 2
[13/11/2012 16:34:06] /a 2
[13/11/2012 16:34:07] /a 2
[13/11/2012 16:34:07] /a 2
[13/11/2012 16:34:07] /a 2
[13/11/2012 16:34:08] /a 2
[13/11/2012 16:34:08] /a 2
[13/11/2012 16:34:08] /a 2
[13/11/2012 16:34:08] /a 2
[13/11/2012 16:34:09] /a 2
[13/11/2012 16:34:09] /a 2
[13/11/2012 16:34:10] /a 2
[13/11/2012 16:34:10] /a 2
[13/11/2012 16:34:11] /a 2
[13/11/2012 16:34:11] /a 2
[13/11/2012 16:34:11] /a 2
[13/11/2012 16:34:12] /a 2
[13/11/2012 16:34:12] /a 2
[13/11/2012 16:34:12] /a 2
[13/11/2012 16:34:12] /a 2
[13/11/2012 16:34:13] /a 2
[13/11/2012 16:34:14] /a 2
[13/11/2012 16:34:14] /a 2
[13/11/2012 16:34:14] /a 2
[13/11/2012 16:34:15] /a 2
[13/11/2012 16:34:15] /a 2
[13/11/2012 16:34:15] /a 2
[13/11/2012 16:34:16] /a 2
[13/11/2012 16:34:16] /a 2
[13/11/2012 16:34:17] /a 2
[13/11/2012 16:34:17] /a 2
[13/11/2012 16:34:18] /a 2
[13/11/2012 16:34:22] /a 2
[13/11/2012 16:34:23] /a 2
[13/11/2012 16:34:23] /a 2
[13/11/2012 16:34:24] /a 2
[13/11/2012 16:34:24] /a 2
[13/11/2012 16:34:25] /a 2
[13/11/2012 16:34:26] /a 2
[13/11/2012 16:34:26] /a 2
[13/11/2012 16:34:26] /a 2
[13/11/2012 16:34:26] /a 2
[13/11/2012 16:34:26] /a 2
[13/11/2012 16:34:26] /a 2
[13/11/2012 16:34:26] /a 2
[13/11/2012 16:34:26] /a 2
[13/11/2012 16:34:27] /a 2
[13/11/2012 16:34:27] /a 2
[13/11/2012 16:34:27] /a 2
[13/11/2012 16:34:27] /a 2
[13/11/2012 16:34:27] /a 2
[13/11/2012 16:34:27] /a 2
[13/11/2012 16:34:28] /a 2
[13/11/2012 16:34:29] /a 2
[13/11/2012 16:34:29] /a 2
[13/11/2012 16:34:29] /a 2
[13/11/2012 16:34:29] /a 2
[13/11/2012 16:34:29] /a 2
[13/11/2012 16:34:29] /a 2
[13/11/2012 16:34:29] /a 2
[13/11/2012 16:34:29] /a 2
[13/11/2012 16:34:29] /a 2
[13/11/2012 16:34:29] /a 2
[13/11/2012 16:34:30] /a 2
[13/11/2012 16:34:30] /a 2
[13/11/2012 16:34:30] /a 2
[13/11/2012 16:34:30] /a 2
[13/11/2012 16:34:31] /a 2
[13/11/2012 16:34:31] /a 2
[13/11/2012 16:34:31] /a 2
[13/11/2012 16:34:31] /a 2
[13/11/2012 16:34:31] /a 2
[13/11/2012 16:34:31] /a 2
[13/11/2012 16:34:31] /a 2
[13/11/2012 16:34:31] /a 2
[13/11/2012 16:34:31] /a 2
[13/11/2012 16:34:31] /a 2
[13/11/2012 16:34:32] /a 2
[13/11/2012 16:34:32] /a 2
[13/11/2012 16:34:32] /a 2
[13/11/2012 16:34:32] /a 2
[13/11/2012 16:34:32] /a 2
[13/11/2012 16:34:32] /a 2
[13/11/2012 16:34:33] /a 2
[13/11/2012 16:34:33] /a 2
[13/11/2012 16:34:34] /a 2
[13/11/2012 16:34:34] /a 2
[13/11/2012 16:34:36] /a 2
[13/11/2012 16:34:37] /a 2
[13/11/2012 16:34:37] /a 2
[13/11/2012 16:34:37] /a 2
[13/11/2012 16:34:37] /a 2
[13/11/2012 16:34:37] /a 2
[13/11/2012 16:34:37] /a 2
[13/11/2012 16:34:37] /a 2
[13/11/2012 16:34:37] /a 2
[13/11/2012 16:34:37] /a 2
[13/11/2012 16:34:37] /a 2
[13/11/2012 16:34:37] /a 2
[13/11/2012 16:34:37] /a 2
[13/11/2012 16:34:37] /a 2
[13/11/2012 16:34:37] /a 2
[13/11/2012 16:34:37] /a 2
[13/11/2012 16:34:37] /a 2
[13/11/2012 16:34:37] /a 2
[13/11/2012 16:34:37] /a 2
[13/11/2012 16:34:37] /a 2
[13/11/2012 16:34:37] /a 2
[13/11/2012 16:34:37] /a 2
[13/11/2012 16:34:38] /a 2
[13/11/2012 16:34:39] /a 2
[13/11/2012 16:34:39] /a 2
[13/11/2012 16:34:39] /a 2
[13/11/2012 16:34:39] /a 2
[13/11/2012 16:34:39] /a 2
[13/11/2012 16:34:39] /a 2
[13/11/2012 16:34:39] /a 2
[13/11/2012 16:34:39] /a 2
[13/11/2012 16:34:39] /a 2
[13/11/2012 16:34:39] /a 2
[13/11/2012 16:34:39] /a 2
[13/11/2012 16:34:39] /a 2
[13/11/2012 16:34:39] /a 2
[13/11/2012 16:34:39] /a 2
[13/11/2012 16:34:39] /a 2
[13/11/2012 16:34:39] /a 2
[13/11/2012 16:34:39] /a 2
[13/11/2012 16:34:39] /a 2
[13/11/2012 16:34:40] /a 2
[13/11/2012 16:34:40] /a 2
[13/11/2012 16:34:40] /a 2
[13/11/2012 16:34:40] /a 2
[13/11/2012 16:34:40] /a 2
[13/11/2012 16:34:40] /a 2
[13/11/2012 16:34:40] /a 2
[13/11/2012 16:34:40] /a 2
[13/11/2012 16:34:40] /a 2
[13/11/2012 16:34:40] /a 2
[13/11/2012 16:34:45] /a 2
[13/11/2012 16:34:45] /a 2
[13/11/2012 16:34:45] /a 2
[13/11/2012 16:34:45] /a 2
[13/11/2012 16:34:45] /a 2
[13/11/2012 16:34:45] /a 2
[13/11/2012 16:34:45] /a 2
[13/11/2012 16:34:45] /a 2
[13/11/2012 16:34:45] /a 2
[13/11/2012 16:34:45] /a 2
[13/11/2012 16:34:47] /a 2
[13/11/2012 16:34:47] /a 2
[13/11/2012 16:34:47] /a 2
[13/11/2012 16:34:47] /a 2
[13/11/2012 16:34:47] /a 2
[13/11/2012 16:34:47] /a 2
[13/11/2012 16:34:47] /a 2
[13/11/2012 16:34:47] /a 2
[13/11/2012 16:34:47] /a 2
[13/11/2012 16:34:47] /a 2
[13/11/2012 16:34:48] /a 2
[13/11/2012 16:34:48] /a 2
[13/11/2012 16:34:48] /a 2
[13/11/2012 16:34:48] /a 2
[13/11/2012 16:34:48] /a 2
[13/11/2012 16:34:48] /a 2
[13/11/2012 16:34:48] /a 2
[13/11/2012 16:34:48] /a 2
[13/11/2012 16:34:50] /a 2
[13/11/2012 16:34:50] /a 2
[13/11/2012 16:34:51] /a 2
[13/11/2012 16:34:51] /a 2
[13/11/2012 16:34:52] /a 2
[13/11/2012 16:34:53] /a 2
[13/11/2012 16:34:53] /a 2
[13/11/2012 16:34:54] /a 2
[13/11/2012 16:34:55] /a 2
[13/11/2012 16:34:55] /a 2
[13/11/2012 16:34:57] /up
[13/11/2012 16:35:00] /a 2
[13/11/2012 16:35:00] /a 2
[13/11/2012 16:35:00] /a 2
[13/11/2012 16:35:00] /a 2
[13/11/2012 16:35:01] /a 2
[13/11/2012 16:35:02] /a 2
[13/11/2012 16:35:02] /a 2
[13/11/2012 16:35:05] /a 2
[13/11/2012 16:35:05] /a 2
[13/11/2012 16:35:06] /a 2
[13/11/2012 16:35:06] /a 2
[13/11/2012 16:35:06] /a 2
[13/11/2012 16:35:07] /a 2
[13/11/2012 16:35:07] /a 2
[13/11/2012 16:35:09] /a 2
[13/11/2012 16:35:10] /a 2
[13/11/2012 16:35:12] /up
[13/11/2012 16:35:14] /a 2
[13/11/2012 16:35:14] /a 2
[13/11/2012 16:35:15] /a 2
[13/11/2012 16:35:15] /a 2
[13/11/2012 16:35:15] /a 2
[13/11/2012 16:35:15] /a 2
[13/11/2012 16:35:19] /a 2
[13/11/2012 16:35:20] /a 2
[13/11/2012 16:35:21] /a 2
[13/11/2012 16:35:21] /a 2
[13/11/2012 16:35:21] /a 2
[13/11/2012 16:35:21] /a 2
[13/11/2012 16:35:21] /a 2
[13/11/2012 16:35:21] /a 2
[13/11/2012 16:35:22] /a 2
[13/11/2012 16:35:22] /a 2
[13/11/2012 16:35:22] /a 2
[13/11/2012 16:35:22] /a 2
[13/11/2012 16:35:22] /a 2
[13/11/2012 16:35:22] /a 2
[13/11/2012 16:35:22] /a 2
[13/11/2012 16:35:22] /a 2
[13/11/2012 16:35:24] /a 2
[13/11/2012 16:35:24] /a 2
[13/11/2012 16:35:24] /a 2
[13/11/2012 16:35:24] /a 2
[13/11/2012 16:35:24] /a 2
[13/11/2012 16:35:24] /a 2
[13/11/2012 16:35:24] /a 2
[13/11/2012 16:35:24] /a 2
[13/11/2012 16:35:24] /a 2
[13/11/2012 16:35:27] /a 2
[13/11/2012 16:35:31] /t
[13/11/2012 16:35:32] /a 2
[13/11/2012 16:35:39] /goto dark demon
[13/11/2012 16:35:50] /a 2
[13/11/2012 16:35:52] /a 2
[13/11/2012 16:35:53] /a 2
[13/11/2012 16:35:53] /a 2
[13/11/2012 16:35:53] /a 2
[13/11/2012 16:35:53] /a 2
[13/11/2012 16:35:53] /a 2
[13/11/2012 16:35:53] /a 2
[13/11/2012 16:35:53] /a 2
[13/11/2012 16:35:53] /a 2
[13/11/2012 16:35:53] /a 2
[13/11/2012 16:35:53] /a 2
[13/11/2012 16:35:53] /a 2
[13/11/2012 16:35:53] /a 2
[13/11/2012 16:35:54] /a 2
[13/11/2012 16:35:54] /a 2
[13/11/2012 16:35:54] /a 2
[13/11/2012 16:35:54] /a 2
[13/11/2012 16:35:54] /a 2
[13/11/2012 16:35:54] /a 2
[13/11/2012 16:35:54] /a 2
[13/11/2012 16:35:54] /a 2
[13/11/2012 16:35:54] /a 2
[13/11/2012 16:35:54] /a 2
[13/11/2012 16:35:55] /a 2
[13/11/2012 16:35:55] /a 2
[13/11/2012 16:35:55] /a 2
[13/11/2012 16:35:55] /a 2
[13/11/2012 16:35:55] /a 2
[13/11/2012 16:35:55] /a 2
[13/11/2012 16:35:55] /a 2
[13/11/2012 16:35:55] /a 2
[13/11/2012 16:35:55] /a 2
[13/11/2012 16:35:55] /a 2
[13/11/2012 16:35:55] /a 2
[13/11/2012 16:35:55] /a 2
[13/11/2012 16:35:55] /a 2
[13/11/2012 16:35:56] /a 2
[13/11/2012 16:35:56] /a 2
[13/11/2012 16:35:56] /a 2
[13/11/2012 16:35:56] /a 2
[13/11/2012 16:35:56] /a 2
[13/11/2012 16:35:56] /a 2
[13/11/2012 16:35:56] /a 2
[13/11/2012 16:35:56] /a 2
[13/11/2012 16:35:56] /a 2
[13/11/2012 16:35:56] /a 2
[13/11/2012 16:35:56] /a 2
[13/11/2012 16:35:56] /a 2
[13/11/2012 16:35:58] /a 2
[13/11/2012 16:35:58] /a 2
[13/11/2012 16:35:58] /a 2
[13/11/2012 16:35:59] /a 2
[13/11/2012 16:35:59] /a 2
[13/11/2012 16:36:01] /a 2
[13/11/2012 16:36:01] /a 2
[13/11/2012 16:36:01] /a 2
[13/11/2012 16:36:01] /a 2
[13/11/2012 16:36:01] /a 2
[13/11/2012 16:36:01] /a 2
[13/11/2012 16:36:01] /a 2
[13/11/2012 16:36:01] /a 2
[13/11/2012 16:36:01] /a 2
[13/11/2012 16:36:02] /a 2
[13/11/2012 16:36:02] /a 2
[13/11/2012 16:36:02] /a 2
[13/11/2012 16:36:02] /a 2
[13/11/2012 16:36:02] /a 2
[13/11/2012 16:36:02] /a 2
[13/11/2012 16:36:02] /a 2
[13/11/2012 16:36:02] /a 2
[13/11/2012 16:36:02] /a 2
[13/11/2012 16:36:02] /a 2
[13/11/2012 16:36:03] /a 2
[13/11/2012 16:36:03] /a 2
[13/11/2012 16:36:03] /a 2
[13/11/2012 16:36:03] /a 2
[13/11/2012 16:36:03] /a 2
[13/11/2012 16:36:03] /a 2
[13/11/2012 16:36:03] /a 2
[13/11/2012 16:36:03] /a 2
[13/11/2012 16:36:03] /a 2
[13/11/2012 16:36:03] /a 2
[13/11/2012 16:36:03] /a 2
[13/11/2012 16:36:03] /a 2
[13/11/2012 16:36:03] /a 2
[13/11/2012 16:36:03] /a 2
[13/11/2012 16:36:03] /a 2
[13/11/2012 16:36:03] /a 2
[13/11/2012 16:36:03] /a 2
[13/11/2012 16:36:03] /a 2
[13/11/2012 16:36:04] /a 2
[13/11/2012 16:36:04] /a 2
[13/11/2012 16:36:04] /a 2
[13/11/2012 16:36:04] /a 2
[13/11/2012 16:36:04] /a 2
[13/11/2012 16:36:04] /a 2
[13/11/2012 16:36:04] /a 2
[13/11/2012 16:36:05] /a 2
[13/11/2012 16:36:05] /a 2
[13/11/2012 16:36:05] /a 2
[13/11/2012 16:36:05] /a 2
[13/11/2012 16:36:06] /a 2
[13/11/2012 16:36:16] /a 2
[13/11/2012 16:36:16] /a 2
[13/11/2012 16:36:16] /a 2
[13/11/2012 16:36:16] /a 2
[13/11/2012 16:36:16] /a 2
[13/11/2012 16:36:16] /a 2
[13/11/2012 16:36:16] /a 2
[13/11/2012 16:36:16] /a 2
[13/11/2012 16:36:16] /a 2
[13/11/2012 16:36:17] /a 2
[13/11/2012 16:36:17] /a 2
[13/11/2012 16:36:17] /a 2
[13/11/2012 16:36:19] /a 2
[13/11/2012 16:36:19] /a 2
[13/11/2012 16:36:19] /a 2
[13/11/2012 16:36:19] /a 2
[13/11/2012 16:36:19] /a 2
[13/11/2012 16:36:19] /a 2
[13/11/2012 16:36:25] /a 2
[13/11/2012 16:36:59] /t
[13/11/2012 16:37:06] /goto dark demon
[13/11/2012 16:37:10] /a 2
[13/11/2012 16:37:17] /goto dark demon
[13/11/2012 16:37:23] /t
[13/11/2012 16:37:27] /a 2
[13/11/2012 16:38:18] /clean
[13/11/2012 16:38:21] /a 2
[13/11/2012 16:38:21] /a 2
[13/11/2012 16:38:21] /a 2
[13/11/2012 16:38:21] /a 2
[13/11/2012 16:38:21] /a 2
[13/11/2012 16:38:21] /a 2
[13/11/2012 16:38:24] /t
[13/11/2012 16:38:31] /clean
[14/11/2012 15:39:34] /a 2
[14/11/2012 15:39:35] /a 2
[14/11/2012 15:39:35] /a 2
[14/11/2012 15:39:35] /a 2
[14/11/2012 15:39:35] /a 2
[14/11/2012 15:39:35] /a 2
[14/11/2012 15:39:36] /a 2
[14/11/2012 15:39:36] /a 2
[14/11/2012 15:39:36] /a 2
[14/11/2012 15:39:36] /a 2
[14/11/2012 15:39:36] /a 2
[14/11/2012 15:39:36] /a 2
[14/11/2012 15:39:36] /a 2
[14/11/2012 15:39:36] /a 2
[14/11/2012 15:39:36] /a 2
[14/11/2012 15:39:37] /a 2
[14/11/2012 15:39:37] /a 2
[14/11/2012 15:39:38] /a 2
[14/11/2012 15:39:38] /a 2
[14/11/2012 15:39:38] /a 2
[14/11/2012 15:39:38] /a 2
[14/11/2012 15:39:38] /a 2
[14/11/2012 15:39:38] /a 2
[14/11/2012 15:39:38] /a 2
[14/11/2012 15:39:39] /a 2
[14/11/2012 15:39:39] /a 2
[14/11/2012 15:39:39] /a 2
[14/11/2012 15:39:40] /a 2
[14/11/2012 15:39:40] /a 2
[14/11/2012 15:39:40] /a 2
[14/11/2012 15:39:40] /a 2
[14/11/2012 15:39:40] /a 2
[14/11/2012 15:39:40] /a 2
[14/11/2012 15:39:40] /a 2
[14/11/2012 15:39:40] /a 2
[14/11/2012 15:39:40] /a 2
[14/11/2012 15:39:41] /a 2
[14/11/2012 15:39:41] /a 2
[14/11/2012 15:39:41] /a 2
[14/11/2012 15:39:41] /a 2
[14/11/2012 15:39:41] /a 2
[14/11/2012 15:39:41] /a 2
[14/11/2012 15:39:42] /a 2
[14/11/2012 15:39:42] /a 2
[14/11/2012 15:39:42] /a 2
[14/11/2012 15:39:49] /a 2
[14/11/2012 15:39:49] /a 2
[14/11/2012 15:39:50] /a 2
[14/11/2012 15:39:50] /a 2
[14/11/2012 15:39:50] /a 2
[14/11/2012 15:39:50] /a 2
[14/11/2012 15:39:50] /a 2
[14/11/2012 15:39:50] /a 2
[14/11/2012 15:39:50] /a 2
[14/11/2012 15:39:50] /a 2
[14/11/2012 15:39:50] /a 2
[14/11/2012 15:39:50] /a 2
[14/11/2012 15:39:50] /a 2
[14/11/2012 15:39:50] /a 2
[14/11/2012 15:39:50] /a 2
[14/11/2012 15:39:50] /a 2
[14/11/2012 15:39:51] /a 2
[14/11/2012 15:39:51] /a 2
[14/11/2012 15:39:51] /a 2
[14/11/2012 15:39:51] /a 2
[14/11/2012 15:39:51] /a 2
[14/11/2012 15:39:51] /a 2
[14/11/2012 15:39:51] /a 2
[14/11/2012 15:39:51] /a 2
[14/11/2012 15:39:51] /a 2
[14/11/2012 15:39:51] /a 2
[14/11/2012 15:39:52] /a 2
[14/11/2012 15:39:52] /a 2
[14/11/2012 15:39:52] /a 2
[14/11/2012 15:39:52] /a 2
[14/11/2012 15:39:52] /a 2
[14/11/2012 15:39:53] /a 2
[14/11/2012 15:39:53] /a 2
[14/11/2012 15:39:53] /a 2
[14/11/2012 15:39:53] /a 2
[14/11/2012 15:39:54] /a 2
[14/11/2012 15:39:54] /a 2
[14/11/2012 15:39:54] /a 2
[14/11/2012 15:39:54] /a 2
[14/11/2012 15:39:56] /a 2
[14/11/2012 15:40:05] /a 2
[14/11/2012 15:40:06] /a 2
[14/11/2012 15:41:09] /c Pally Of Hell
[14/11/2012 15:42:11] /t
[14/11/2012 15:42:13] /c Pally Of Hell
[14/11/2012 15:42:16] /c Pally Of Hell
[14/11/2012 15:45:02] /addskill Druid Of Druid, level 1
[14/11/2012 15:45:04] /addskill Druid Of Druid, level 1
[14/11/2012 15:45:04] /addskill Druid Of Druid, level 1
[14/11/2012 15:45:05] /addskill Druid Of Druid, level 1
[14/11/2012 15:45:05] /addskill Druid Of Druid, level 1
[14/11/2012 15:45:05] /addskill Druid Of Druid, level 1
[14/11/2012 15:45:06] /addskill Druid Of Druid, level 1
[14/11/2012 15:45:06] /addskill Druid Of Druid, level 1
[14/11/2012 15:45:07] /addskill Druid Of Druid, level 1
[14/11/2012 15:45:07] /addskill Druid Of Druid, level 1
[14/11/2012 15:45:08] /addskill Druid Of Druid, level 1
[14/11/2012 15:45:09] /addskill Druid Of Druid, level 1
[14/11/2012 15:45:18] /addskill Druid Of Druid, level 1
[14/11/2012 15:45:19] /addskill Druid Of Druid, level 1
[14/11/2012 15:45:19] /addskill Druid Of Druid, level 1
[14/11/2012 15:45:20] /addskill Druid Of Druid, level 1
[14/11/2012 15:45:20] /addskill Druid Of Druid, level 1
[14/11/2012 15:45:20] /addskill Druid Of Druid, level 1
[14/11/2012 15:45:21] /addskill Druid Of Druid, level 1
[14/11/2012 15:45:22] /addskill Druid Of Druid, level 1
[14/11/2012 15:45:23] /addskill Druid Of Druid, level 1
[14/11/2012 15:45:30] /addskill Druid Of Druid, level 1
[14/11/2012 15:45:31] /addskill Druid Of Druid, level 1
[14/11/2012 15:45:31] /addskill Druid Of Druid, level 1
[14/11/2012 15:45:31] /addskill Druid Of Druid, level 1
[14/11/2012 15:45:31] /addskill Druid Of Druid, level 1
[14/11/2012 15:45:31] /addskill Druid Of Druid, level 1
[14/11/2012 15:45:31] /addskill Druid Of Druid, level 1
[14/11/2012 15:45:31] /addskill Druid Of Druid, level 1
[14/11/2012 15:45:32] /addskill Druid Of Druid, level 1
[14/11/2012 15:45:32] /addskill Druid Of Druid, level 1
[14/11/2012 15:45:32] /addskill Druid Of Druid, level 1
[14/11/2012 15:45:32] /addskill Druid Of Druid, level 1
[14/11/2012 15:45:32] /addskill Druid Of Druid, level 1
[14/11/2012 15:45:32] /addskill Druid Of Druid, level 1
[14/11/2012 15:45:32] /addskill Druid Of Druid, level 1
[14/11/2012 15:45:33] /addskill Druid Of Druid, level 1
[14/11/2012 15:45:33] /addskill Druid Of Druid, level 1
[14/11/2012 15:45:33] /addskill Druid Of Druid, level 1
[14/11/2012 15:45:33] /addskill Druid Of Druid, level 1
[14/11/2012 15:45:33] /addskill Druid Of Druid, level 1
[14/11/2012 15:45:39] /addskill Druid Of Druid, level 1
[14/11/2012 15:45:39] /addskill Druid Of Druid, level 1
[14/11/2012 15:45:39] /addskill Druid Of Druid, level 1
[14/11/2012 15:45:39] /addskill Druid Of Druid, level 1
[14/11/2012 15:45:39] /addskill Druid Of Druid, level 1
[14/11/2012 15:45:39] /addskill Druid Of Druid, level 1
[14/11/2012 15:45:39] /addskill Druid Of Druid, level 1
[14/11/2012 15:45:39] /addskill Druid Of Druid, level 1
[14/11/2012 15:45:39] /addskill Druid Of Druid, level 1
[14/11/2012 15:45:39] /addskill Druid Of Druid, level 1
[14/11/2012 15:45:39] /addskill Druid Of Druid, level 1
[14/11/2012 15:45:39] /addskill Druid Of Druid, level 1
[14/11/2012 15:45:39] /addskill Druid Of Druid, level 1
[14/11/2012 15:45:39] /addskill Druid Of Druid, level 1
[14/11/2012 15:45:39] /addskill Druid Of Druid, level 1
[14/11/2012 15:45:39] /addskill Druid Of Druid, level 1
[14/11/2012 15:45:39] /addskill Druid Of Druid, level 1
[14/11/2012 15:45:39] /addskill Druid Of Druid, level 1
[14/11/2012 15:45:39] /addskill Druid Of Druid, level 1
[14/11/2012 15:45:39] /addskill Druid Of Druid, level 1
[14/11/2012 15:45:39] /addskill Druid Of Druid, level 1
[14/11/2012 15:45:39] /addskill Druid Of Druid, level 1
[14/11/2012 15:45:39] /addskill Druid Of Druid, level 1
[14/11/2012 15:45:39] /addskill Druid Of Druid, level 1
[14/11/2012 15:45:39] /addskill Druid Of Druid, level 1
[14/11/2012 15:45:39] /addskill Druid Of Druid, level 1
[14/11/2012 15:45:39] /addskill Druid Of Druid, level 1
[14/11/2012 15:45:39] /addskill Druid Of Druid, level 1
[14/11/2012 15:45:39] /addskill Druid Of Druid, level 1
[14/11/2012 15:45:39] /addskill Druid Of Druid, level 1
[14/11/2012 15:45:39] /addskill Druid Of Druid, level 1
[14/11/2012 15:45:39] /addskill Druid Of Druid, level 1
[14/11/2012 15:45:39] /addskill Druid Of Druid, level 1
[14/11/2012 15:45:39] /addskill Druid Of Druid, level 1
[14/11/2012 15:45:39] /addskill Druid Of Druid, level 1
[14/11/2012 15:45:39] /addskill Druid Of Druid, level 1
[14/11/2012 15:45:39] /addskill Druid Of Druid, level 1
[14/11/2012 15:45:43] /addskill Druid Of Druid, level 1
[14/11/2012 15:45:52] /addskill Druid Of Druid, level 1
[14/11/2012 15:45:52] /addskill Druid Of Druid, level 1
[14/11/2012 15:45:53] /addskill Druid Of Druid, level 1
[14/11/2012 15:45:53] /addskill Druid Of Druid, level 1
[14/11/2012 16:04:43] /addskill Druid Of Druid, level 1
[14/11/2012 16:04:44] /addskill Druid Of Druid, level 1
[14/11/2012 16:04:44] /addskill Druid Of Druid, level 1
[14/11/2012 16:04:44] /addskill Druid Of Druid, level 1
[14/11/2012 16:04:44] /addskill Druid Of Druid, level 1
[14/11/2012 16:04:44] /addskill Druid Of Druid, level 1
[14/11/2012 16:04:44] /addskill Druid Of Druid, level 1
[14/11/2012 16:04:44] /addskill Druid Of Druid, level 1
[14/11/2012 16:04:45] /addskill Druid Of Druid, level 1
[14/11/2012 16:04:45] /addskill Druid Of Druid, level 1
[14/11/2012 16:04:45] /addskill Druid Of Druid, level 1
[14/11/2012 16:04:45] /addskill Druid Of Druid, level 1
[14/11/2012 16:04:45] /addskill Druid Of Druid, level 1
[14/11/2012 16:04:45] /addskill Druid Of Druid, level 1
[14/11/2012 16:04:45] /addskill Druid Of Druid, level 1
[14/11/2012 16:04:45] /addskill Druid Of Druid, level 1
[14/11/2012 16:04:58] /a 1
[14/11/2012 16:04:58] /a 1
[14/11/2012 16:04:58] /a 1
[14/11/2012 16:04:58] /a 1
[14/11/2012 16:04:58] /a 1
[14/11/2012 16:04:58] /a 1
[14/11/2012 16:04:58] /a 1
[14/11/2012 16:04:59] /a 1
[14/11/2012 16:04:59] /a 1
[14/11/2012 16:04:59] /a 1
[14/11/2012 16:04:59] /a 1
[14/11/2012 16:04:59] /a 1
[14/11/2012 16:04:59] /a 1
[14/11/2012 16:04:59] /a 1
[14/11/2012 16:04:59] /a 1
[14/11/2012 16:04:59] /a 1
[14/11/2012 16:04:59] /a 1
[14/11/2012 16:04:59] /a 1
[14/11/2012 16:04:59] /a 1
[14/11/2012 16:05:00] /a 1
[14/11/2012 16:05:00] /a 1
[14/11/2012 16:05:00] /a 1
[14/11/2012 16:05:00] /a 1
[14/11/2012 16:05:00] /a 1
[14/11/2012 16:05:00] /a 1
[14/11/2012 16:05:00] /a 1
[14/11/2012 16:05:00] /a 1
[14/11/2012 16:05:00] /a 1
[14/11/2012 16:05:00] /a 1
[14/11/2012 16:05:01] /a 1
[14/11/2012 16:05:01] /a 1
[14/11/2012 16:05:01] /a 1
[14/11/2012 16:05:01] /a 1
[14/11/2012 16:05:01] /a 1
[14/11/2012 16:05:01] /a 1
[14/11/2012 16:05:01] /a 1
[14/11/2012 16:05:02] /a 1
[14/11/2012 16:05:02] /a 1
[14/11/2012 16:05:02] /a 1
[14/11/2012 16:05:02] /a 1
[14/11/2012 16:05:02] /a 1
[14/11/2012 16:05:02] /a 1
[14/11/2012 16:05:02] /a 1
[14/11/2012 16:05:03] /a 1
[14/11/2012 16:05:21] /a 1
[14/11/2012 16:05:21] /a 1
[14/11/2012 16:05:25] /a 1
[14/11/2012 16:05:25] /a 1
[14/11/2012 16:05:25] /a 1
[14/11/2012 16:05:25] /a 1
[14/11/2012 16:05:25] /a 1
[14/11/2012 16:05:26] /a 1
[14/11/2012 16:05:26] /a 1
[14/11/2012 16:05:26] /a 1
[14/11/2012 16:05:26] /a 1
[14/11/2012 16:05:26] /a 1
[14/11/2012 16:05:26] /a 1
[14/11/2012 16:05:26] /a 1
[14/11/2012 16:05:26] /a 1
[14/11/2012 16:05:26] /a 1
[14/11/2012 16:05:26] /a 1
[14/11/2012 16:05:26] /a 1
[14/11/2012 16:05:26] /a 1
[14/11/2012 16:05:26] /a 1
[14/11/2012 16:05:26] /a 1
[14/11/2012 16:05:27] /a 1
[14/11/2012 16:05:27] /a 1
[14/11/2012 16:05:27] /a 1
[14/11/2012 16:05:27] /a 1
[14/11/2012 16:05:27] /a 1
[14/11/2012 16:05:27] /a 1
[14/11/2012 16:05:27] /a 1
[14/11/2012 16:05:27] /a 1
[14/11/2012 16:05:27] /a 1
[14/11/2012 16:05:27] /a 1
[14/11/2012 16:05:27] /a 1
[14/11/2012 16:05:28] /a 1
[14/11/2012 16:05:28] /a 1
[14/11/2012 16:05:28] /a 1
[14/11/2012 16:05:28] /a 1
[14/11/2012 16:05:28] /a 1
[14/11/2012 16:05:28] /a 1
[14/11/2012 16:05:28] /a 1
[14/11/2012 16:05:29] /a 1
[14/11/2012 16:05:29] /a 1
[14/11/2012 16:05:29] /a 1
[14/11/2012 16:05:29] /a 1
[14/11/2012 16:05:29] /a 1
[14/11/2012 16:05:29] /a 1
[14/11/2012 16:05:29] /a 1
[14/11/2012 16:05:29] /a 1
[14/11/2012 16:05:29] /a 1
[14/11/2012 16:05:29] /a 1
[14/11/2012 16:05:29] /a 1
[14/11/2012 16:05:29] /a 1
[14/11/2012 16:05:30] /a 1
[14/11/2012 16:05:30] /a 1
[14/11/2012 16:05:30] /a 1
[14/11/2012 16:05:30] /a 1
[14/11/2012 16:05:30] /a 1
[14/11/2012 16:05:30] /a 1
[14/11/2012 16:05:30] /a 1
[14/11/2012 16:05:30] /a 1
[14/11/2012 16:05:30] /a 1
[14/11/2012 16:05:30] /a 1
[14/11/2012 16:05:30] /a 1
[14/11/2012 16:05:30] /a 1
[14/11/2012 16:05:31] /a 1
[14/11/2012 16:05:31] /a 1
[14/11/2012 16:05:31] /a 1
[14/11/2012 16:05:31] /a 1
[14/11/2012 16:05:31] /a 1
[14/11/2012 16:05:31] /a 1
[14/11/2012 16:05:31] /a 1
[14/11/2012 16:05:31] /a 1
[14/11/2012 16:05:31] /a 1
[14/11/2012 16:05:31] /a 1
[14/11/2012 16:05:31] /a 1
[14/11/2012 16:05:31] /a 1
[14/11/2012 16:05:32] /a 1
[14/11/2012 16:05:32] /a 1
[14/11/2012 16:05:32] /a 1
[14/11/2012 16:05:32] /a 1
[14/11/2012 16:05:32] /a 1
[14/11/2012 16:05:33] /a 1
[14/11/2012 16:05:33] /a 1
[14/11/2012 16:05:33] /a 1
[14/11/2012 16:05:33] /a 1
[14/11/2012 16:05:33] /a 1
[14/11/2012 16:06:13] /a 1
[14/11/2012 16:06:14] /a 1
[14/11/2012 16:06:14] /a 1
[14/11/2012 16:06:14] /a 1
[14/11/2012 16:06:14] /a 1
[14/11/2012 16:06:14] /a 1
[14/11/2012 16:06:14] /a 1
[14/11/2012 16:06:14] /a 1
[14/11/2012 16:06:14] /a 1
[14/11/2012 16:06:14] /a 1
[14/11/2012 16:06:14] /a 1
[14/11/2012 16:06:15] /a 1
[14/11/2012 16:06:15] /a 1
[14/11/2012 16:06:15] /a 1
[14/11/2012 16:06:15] /a 1
[14/11/2012 16:06:15] /a 1
[14/11/2012 16:06:15] /a 1
[14/11/2012 16:06:15] /a 1
[14/11/2012 16:06:15] /a 1
[14/11/2012 16:06:15] /a 1
[14/11/2012 16:06:15] /a 1
[14/11/2012 16:06:15] /a 1
[14/11/2012 16:06:15] /a 1
[14/11/2012 16:06:15] /a 1
[14/11/2012 16:06:16] /a 1
[14/11/2012 16:06:16] /a 1
[14/11/2012 16:06:16] /a 1
[14/11/2012 16:06:16] /a 1
[14/11/2012 16:06:16] /a 1
[14/11/2012 16:06:30] /a 1
[14/11/2012 16:07:58] /a 1
[14/11/2012 16:09:06] /t
[14/11/2012 16:34:19] /a 1
[14/11/2012 16:34:19] /a 1
[14/11/2012 16:34:20] /a 1
[14/11/2012 16:34:20] /a 1
[14/11/2012 16:34:20] /a 1
[14/11/2012 16:34:20] /a 1
[14/11/2012 16:34:20] /a 1
[14/11/2012 16:34:20] /a 1
[14/11/2012 16:34:20] /a 1
[14/11/2012 16:34:20] /a 1
[14/11/2012 16:34:20] /a 1
[14/11/2012 16:34:20] /a 1
[14/11/2012 16:34:20] /a 1
[14/11/2012 16:34:20] /a 1
[14/11/2012 16:34:21] /a 1
[14/11/2012 16:34:21] /a 1
[14/11/2012 16:34:21] /a 1
[14/11/2012 16:34:21] /a 1
[14/11/2012 16:34:21] /a 1
[14/11/2012 16:34:21] /a 1
[14/11/2012 16:34:21] /a 1
[14/11/2012 16:34:21] /a 1
[14/11/2012 16:34:21] /a 1
[14/11/2012 16:34:21] /a 1
[14/11/2012 16:34:21] /a 1
[14/11/2012 16:34:21] /a 1
[14/11/2012 16:34:21] /a 1
[14/11/2012 16:34:22] /a 1
[14/11/2012 16:34:22] /a 1
[14/11/2012 16:34:22] /a 1
[14/11/2012 16:34:22] /a 1
[14/11/2012 16:34:22] /a 1
[14/11/2012 16:34:22] /a 1
[14/11/2012 16:34:22] /a 1
[14/11/2012 16:34:22] /a 1
[14/11/2012 16:34:22] /a 1
[14/11/2012 16:34:22] /a 1
[14/11/2012 16:34:22] /a 1
[14/11/2012 16:34:22] /a 1
[14/11/2012 16:34:23] /a 1
[14/11/2012 16:34:23] /a 1
[14/11/2012 16:34:23] /a 1
[14/11/2012 16:34:27] /a 1
[14/11/2012 16:34:27] /a 1
[14/11/2012 16:34:27] /a 1
[14/11/2012 16:34:27] /a 1
[14/11/2012 16:34:27] /a 1
[14/11/2012 16:34:27] /a 1
[14/11/2012 16:34:27] /a 1
[14/11/2012 16:34:28] /a 1
[14/11/2012 16:34:28] /a 1
[14/11/2012 16:34:28] /a 1
[14/11/2012 16:34:28] /a 1
[14/11/2012 16:34:28] /a 1
[14/11/2012 16:34:28] /a 1
[14/11/2012 16:34:28] /a 1
[14/11/2012 16:34:28] /a 1
[14/11/2012 16:34:28] /a 1
[14/11/2012 16:34:28] /a 1
[14/11/2012 16:34:28] /a 1
[14/11/2012 16:34:28] /a 1
[14/11/2012 16:34:28] /a 1
[14/11/2012 16:34:32] /a 1
[14/11/2012 16:34:32] /a 1
[14/11/2012 16:34:32] /a 1
[14/11/2012 16:34:33] /a 1
[14/11/2012 16:34:33] /a 1
[14/11/2012 16:34:33] /a 1
[14/11/2012 16:34:33] /a 1
[14/11/2012 16:34:33] /a 1
[14/11/2012 16:34:33] /a 1
[14/11/2012 16:34:33] /a 1
[14/11/2012 16:34:33] /a 1
[14/11/2012 16:34:33] /a 1
[14/11/2012 16:34:33] /a 1
[14/11/2012 16:34:33] /a 1
[14/11/2012 16:34:33] /a 1
[14/11/2012 16:34:34] /a 1
[14/11/2012 16:34:34] /a 1
[14/11/2012 16:34:34] /a 1
[14/11/2012 16:34:34] /a 1
[14/11/2012 16:34:34] /a 1
[14/11/2012 16:34:34] /a 1
[14/11/2012 16:34:34] /a 1
[14/11/2012 16:34:34] /a 1
[14/11/2012 16:34:34] /a 1
[14/11/2012 16:34:42] /a 1
[14/11/2012 16:34:45] /a 1
[14/11/2012 16:34:46] /a 1
[14/11/2012 16:34:46] /a 1
[14/11/2012 16:34:46] /a 1
[14/11/2012 16:34:46] /a 1
[14/11/2012 16:34:47] /a 1
[14/11/2012 16:34:47] /a 1
[14/11/2012 16:35:13] /t
[14/11/2012 22:39:24] /a 50
[14/11/2012 22:39:25] /a 50
[14/11/2012 22:39:26] /a 50
[14/11/2012 22:39:29] /a 50
[14/11/2012 22:39:35] /t
[15/11/2012 22:59:37] /t
[16/11/2012 19:45:25] /i blackpakc
[16/11/2012 19:45:29] /i blackpack
[16/11/2012 19:45:36] /i backpack
[16/11/2012 19:45:49] /i 2492
[16/11/2012 19:49:37] /t
[16/11/2012 20:30:18] /goto demondras
[16/11/2012 20:30:23] /goto demodras
[17/11/2012 17:37:00] /goto behomont
[17/11/2012 17:37:06] /addskill Druid Of Druid, level 1
[17/11/2012 17:37:06] /addskill Druid Of Druid, level 1
[17/11/2012 17:37:06] /addskill Druid Of Druid, level 1
[17/11/2012 17:37:06] /addskill Druid Of Druid, level 1
[17/11/2012 17:37:06] /addskill Druid Of Druid, level 1
[17/11/2012 17:37:07] /addskill Druid Of Druid, level 1
[17/11/2012 17:37:07] /addskill Druid Of Druid, level 1
[17/11/2012 17:37:07] /addskill Druid Of Druid, level 1
[17/11/2012 17:37:07] /addskill Druid Of Druid, level 1
[17/11/2012 17:37:07] /addskill Druid Of Druid, level 1
[17/11/2012 17:37:12] /t
[17/11/2012 17:40:04] /i 4891
[17/11/2012 17:40:08] /i 4891
[17/11/2012 17:40:10] /i 4891
[17/11/2012 17:40:12] /i 4892
[17/11/2012 17:40:14] /i 4892
[17/11/2012 17:40:38] /i 4891
[17/11/2012 17:40:41] /i 4891
[17/11/2012 17:43:02] /i 1945
[17/11/2012 17:43:17] /i 1946
[17/11/2012 17:43:28] /i 1006
[17/11/2012 17:43:31] /i 1006
[17/11/2012 17:43:48] /i 1355
[17/11/2012 17:45:37] /z 1
[17/11/2012 17:45:39] /z 45
[17/11/2012 17:45:47] /z 46
[17/11/2012 17:45:48] /z 47
[17/11/2012 17:45:49] /z 48
[17/11/2012 17:45:50] /z 49
[17/11/2012 17:45:53] /z 50
[17/11/2012 17:45:55] /z 51
[17/11/2012 17:45:55] /z 52
[17/11/2012 17:45:56] /z 53
[17/11/2012 17:45:57] /z 54
[17/11/2012 17:45:58] /z 55
[17/11/2012 17:45:59] /z 56
[17/11/2012 17:46:00] /z 56
[17/11/2012 17:54:16] /z 46
[17/11/2012 17:54:31] /z 40
[17/11/2012 17:54:32] /z 41
[17/11/2012 17:54:33] /z 42
[17/11/2012 17:54:33] /z 43
[17/11/2012 17:54:34] /z 44
[17/11/2012 17:54:35] /z 45
[17/11/2012 17:54:36] /z 46
[17/11/2012 17:54:37] /z 46
[17/11/2012 17:54:38] /z 45
[17/11/2012 17:54:59] /i 1946
[17/11/2012 17:55:15] /i 1006
[17/11/2012 18:48:52] /t
[17/11/2012 18:48:57] /goto demondras
[17/11/2012 18:49:03] /goto demodras
[21/11/2012 16:50:08] /t
[21/11/2012 16:50:15] /a 1
[21/11/2012 16:50:15] /a 1
[21/11/2012 16:50:15] /a 1
[21/11/2012 16:50:15] /a 1
[21/11/2012 16:50:16] /a 1
[21/11/2012 16:50:16] /a 1
[21/11/2012 16:50:16] /a 1
[21/11/2012 16:50:16] /a 1
[21/11/2012 16:50:16] /a 1
[21/11/2012 16:50:16] /a 1
[21/11/2012 16:50:16] /a 1
[21/11/2012 16:50:16] /a 1
[21/11/2012 16:50:17] /a 1
[21/11/2012 16:50:17] /a 1
[21/11/2012 16:50:17] /a 1
[21/11/2012 16:50:17] /a 1
[21/11/2012 16:50:18] /a 1
[21/11/2012 16:50:18] /a 1
[21/11/2012 16:50:18] /a 1
[21/11/2012 16:50:18] /a 1
[21/11/2012 16:50:18] /a 1
[21/11/2012 16:50:18] /a 1
[21/11/2012 16:50:18] /a 1
[21/11/2012 16:50:18] /a 1
[21/11/2012 16:50:18] /a 1
[21/11/2012 16:50:18] /a 1
[21/11/2012 16:50:18] /a 1
[21/11/2012 16:50:18] /a 1
[21/11/2012 16:50:18] /a 1
[21/11/2012 16:50:19] /a 1
[21/11/2012 16:50:19] /a 1
[21/11/2012 16:50:19] /a 1
[21/11/2012 16:50:19] /a 1
[21/11/2012 16:50:19] /a 1
[21/11/2012 16:50:19] /a 1
[21/11/2012 16:50:19] /a 1
[21/11/2012 16:50:19] /a 1
[21/11/2012 16:50:19] /a 1
[21/11/2012 16:50:19] /a 1
[21/11/2012 16:50:20] /a 1
[21/11/2012 16:50:20] /a 1
[21/11/2012 16:50:20] /a 1
[21/11/2012 16:50:20] /a 1
[21/11/2012 16:50:20] /a 1
[21/11/2012 16:50:20] /a 1
[21/11/2012 16:50:20] /a 1
[21/11/2012 16:50:20] /a 1
[21/11/2012 16:50:20] /a 1
[21/11/2012 16:50:20] /a 1
[21/11/2012 16:50:20] /a 1
[21/11/2012 16:50:20] /a 1
[21/11/2012 16:50:21] /a 1
[21/11/2012 16:50:21] /a 1
[21/11/2012 16:50:21] /a 1
[21/11/2012 16:50:21] /a 1
[21/11/2012 16:50:21] /a 1
[21/11/2012 16:50:21] /a 1
[21/11/2012 16:50:21] /a 1
[21/11/2012 16:50:21] /a 1
[21/11/2012 16:50:21] /a 1
[21/11/2012 16:50:21] /a 1
[21/11/2012 16:50:21] /a 1
[21/11/2012 16:50:21] /a 1
[21/11/2012 16:50:21] /a 1
[21/11/2012 16:50:21] /a 1
[21/11/2012 16:50:22] /a 1
[21/11/2012 16:50:22] /a 1
[21/11/2012 16:50:22] /a 1
[21/11/2012 16:50:22] /a 1
[21/11/2012 16:50:22] /a 1
[21/11/2012 16:50:23] /a 1
[21/11/2012 16:50:23] /a 1
[21/11/2012 16:50:23] /a 1
[21/11/2012 16:50:23] /a 1
[21/11/2012 16:50:23] /a 1
[21/11/2012 16:50:23] /a 1
[21/11/2012 16:50:23] /a 1
[21/11/2012 16:50:23] /a 1
[21/11/2012 16:50:23] /a 1
[21/11/2012 16:50:23] /a 1
[21/11/2012 16:50:23] /a 1
[21/11/2012 16:50:23] /a 1
[21/11/2012 16:50:24] /a 1
[21/11/2012 16:50:24] /a 1
[21/11/2012 16:50:24] /a 1
[21/11/2012 16:50:24] /a 1
[21/11/2012 16:50:24] /a 1
[21/11/2012 16:50:24] /a 1
[21/11/2012 16:50:24] /a 1
[21/11/2012 16:50:25] /a 1
[21/11/2012 16:50:25] /a 1
[21/11/2012 16:50:25] /a 1
[21/11/2012 16:50:25] /a 1
[21/11/2012 16:50:25] /a 1
[21/11/2012 16:50:25] /a 1
[21/11/2012 16:50:25] /a 1
[21/11/2012 16:50:25] /a 1
[21/11/2012 16:50:25] /a 1
[21/11/2012 16:50:25] /a 1
[21/11/2012 16:50:25] /a 1
[21/11/2012 16:50:25] /a 1
[21/11/2012 16:50:26] /a 1
[21/11/2012 16:50:26] /a 1
[21/11/2012 16:50:26] /a 1
[21/11/2012 16:50:26] /a 1
[21/11/2012 16:50:26] /a 1
[21/11/2012 16:50:26] /a 1
[21/11/2012 16:50:26] /a 1
[21/11/2012 16:50:26] /a 1
[21/11/2012 16:50:26] /a 1
[21/11/2012 16:50:27] /a 1
[21/11/2012 16:50:27] /a 1
[21/11/2012 16:50:27] /a 1
[21/11/2012 16:50:27] /a 1
[21/11/2012 16:50:27] /a 1
[21/11/2012 16:50:27] /a 1
[21/11/2012 16:50:27] /a 1
[21/11/2012 16:50:27] /a 1
[21/11/2012 16:50:28] /a 1
[21/11/2012 18:40:37] /t
[21/11/2012 18:41:56] /down
[21/11/2012 18:41:59] /t
[22/11/2012 15:06:54] /ghost
[22/11/2012 15:06:58] /bat
[22/11/2012 15:07:10] /goto Gem Seller
[22/11/2012 15:07:17] /a 1
[22/11/2012 15:07:46] /a 1
[22/11/2012 15:07:49] /a 1
[22/11/2012 15:07:51] /a 1
[22/11/2012 15:07:57] /a 1
[22/11/2012 15:08:43] /c Gem Seller
[22/11/2012 15:08:58] /t
[22/11/2012 15:08:59] /c Gem Seller
[23/11/2012 13:03:37] /t
[23/11/2012 13:03:38] /t
[23/11/2012 13:03:38] /t
[24/11/2012 16:03:54] /a 1
[24/11/2012 16:04:17] /up
[24/11/2012 16:04:22] /up
[24/11/2012 16:04:38] /up
[24/11/2012 16:04:43] /a 1
[24/11/2012 16:05:00] /up
[24/11/2012 16:05:03] /a 5
[24/11/2012 16:05:13] /up
[24/11/2012 16:05:14] /a 5
[24/11/2012 16:05:19] /up
[24/11/2012 16:05:21] /a 5
[24/11/2012 16:05:30] /t
[24/11/2012 16:05:33] /bat
[24/11/2012 16:05:36] /ghost
[24/11/2012 16:06:03] /i 2154
[24/11/2012 16:06:05] /i 2154
[24/11/2012 16:06:15] /i 2154
[24/11/2012 16:06:17] /i 2154
[24/11/2012 16:06:18] /i 2154
[24/11/2012 16:09:17] /goto gem seller
[24/11/2012 16:09:23] /ghost
[24/11/2012 16:09:30] /bat
[24/11/2012 16:09:45] /i 2154
[24/11/2012 16:09:55] /i 2154
[24/11/2012 16:09:55] /i 2154
[24/11/2012 16:10:14] /t
[24/11/2012 16:18:08] /c by cris
[28/11/2012 23:04:27] /bat
[28/11/2012 23:04:30] /ghost
[28/11/2012 23:04:41] /goto forst dragon
[28/11/2012 23:04:54] /goto ice titan
[28/11/2012 23:07:32] /r
[28/11/2012 23:07:56] /t
[29/11/2012 21:21:41] /bat
[29/11/2012 21:25:12] /a 1
[29/11/2012 21:25:47] /t
[01/12/2012 19:48:01] /t
[01/12/2012 19:48:42] /goto demon
[01/12/2012 19:48:45] /t
[01/12/2012 19:49:00] /a 1
[01/12/2012 19:49:00] /a 1
[01/12/2012 19:49:00] /a 1
[01/12/2012 19:49:00] /a 1
[01/12/2012 19:49:00] /a 1
[01/12/2012 19:49:00] /a 1
[01/12/2012 19:49:00] /a 1
[01/12/2012 19:49:01] /a 1
[01/12/2012 19:49:01] /a 1
[01/12/2012 19:49:01] /a 1
[01/12/2012 19:49:01] /a 1
[01/12/2012 19:49:01] /a 1
[01/12/2012 19:49:01] /a 1
[01/12/2012 19:49:01] /a 1
[01/12/2012 19:49:01] /a 1
[01/12/2012 19:49:01] /a 1
[01/12/2012 19:49:01] /a 1
[01/12/2012 19:49:01] /a 1
[01/12/2012 19:49:01] /a 1
[01/12/2012 19:49:01] /a 1
[01/12/2012 19:49:01] /a 1
[01/12/2012 19:49:01] /a 1
[01/12/2012 19:49:02] /a 1
[01/12/2012 19:49:02] /a 1
[01/12/2012 19:49:02] /a 1
[01/12/2012 19:49:02] /a 1
[01/12/2012 19:49:02] /a 1
[01/12/2012 19:49:02] /a 1
[01/12/2012 19:49:02] /a 1
[01/12/2012 19:49:02] /a 1
[01/12/2012 19:49:02] /a 1
[01/12/2012 19:49:02] /a 1
[01/12/2012 19:49:02] /a 1
[01/12/2012 19:49:02] /a 1
[01/12/2012 19:49:02] /a 1
[01/12/2012 19:49:02] /a 1
[01/12/2012 19:49:02] /a 1
[01/12/2012 19:49:02] /a 1
[01/12/2012 19:49:03] /a 1
[01/12/2012 19:49:03] /a 1
[01/12/2012 19:49:03] /a 1
[01/12/2012 19:49:03] /a 1
[01/12/2012 19:49:03] /a 1
[01/12/2012 19:49:03] /a 1
[01/12/2012 19:49:03] /a 1
[01/12/2012 19:49:03] /a 1
[01/12/2012 19:49:03] /a 1
[01/12/2012 19:49:03] /a 1
[01/12/2012 19:49:03] /a 1
[01/12/2012 19:49:03] /a 1
[01/12/2012 19:49:03] /a 1
[01/12/2012 19:49:04] /a 1
[01/12/2012 19:49:04] /a 1
[01/12/2012 19:49:04] /a 1
[01/12/2012 19:49:04] /a 1
[01/12/2012 19:49:04] /a 1
[01/12/2012 19:49:04] /a 1
[01/12/2012 19:49:04] /a 1
[01/12/2012 19:49:04] /a 1
[01/12/2012 19:49:04] /a 1
[01/12/2012 19:49:04] /a 1
[01/12/2012 19:49:05] /a 1
[01/12/2012 19:49:05] /a 1
[01/12/2012 19:49:05] /a 1
[01/12/2012 19:49:05] /a 1
[01/12/2012 19:49:05] /a 1
[01/12/2012 19:49:05] /a 1
[01/12/2012 19:49:05] /a 1
[01/12/2012 19:49:05] /a 1
[01/12/2012 19:49:05] /a 1
[01/12/2012 19:49:05] /a 1
[01/12/2012 19:49:05] /a 1
[01/12/2012 19:49:05] /a 1
[01/12/2012 19:49:05] /a 1
[01/12/2012 19:49:05] /a 1
[01/12/2012 19:49:06] /a 1
[01/12/2012 19:49:06] /a 1
[01/12/2012 19:49:06] /a 1
[01/12/2012 19:49:06] /a 1
[01/12/2012 19:49:06] /a 1
[01/12/2012 19:49:06] /a 1
[01/12/2012 19:49:06] /a 1
[01/12/2012 19:49:06] /a 1
[01/12/2012 19:49:06] /a 1
[01/12/2012 19:49:06] /a 1
[01/12/2012 19:49:06] /a 1
[01/12/2012 19:49:06] /a 1
[01/12/2012 19:49:06] /a 1
[01/12/2012 19:49:06] /a 1
[01/12/2012 19:49:06] /a 1
[01/12/2012 19:49:07] /a 1
[01/12/2012 19:49:07] /a 1
[01/12/2012 19:49:07] /a 1
[01/12/2012 19:49:07] /a 1
[01/12/2012 19:49:07] /a 1
[01/12/2012 19:49:07] /a 1
[01/12/2012 19:49:07] /a 1
[01/12/2012 19:49:07] /a 1
[01/12/2012 19:49:07] /a 1
[01/12/2012 19:49:07] /a 1
[01/12/2012 19:49:08] /a 1
[01/12/2012 19:49:08] /a 1
[01/12/2012 19:49:08] /a 1
[01/12/2012 19:49:08] /a 1
[01/12/2012 19:49:08] /a 1
[01/12/2012 19:49:08] /a 1
[01/12/2012 19:49:08] /a 1
[01/12/2012 19:49:08] /a 1
[01/12/2012 19:49:09] /a 1
[01/12/2012 19:49:09] /a 1
[01/12/2012 19:49:09] /a 1
[01/12/2012 19:49:09] /a 1
[01/12/2012 19:49:09] /a 1
[01/12/2012 19:49:09] /a 1
[01/12/2012 19:49:09] /a 1
[01/12/2012 19:49:09] /a 1
[01/12/2012 19:49:09] /a 1
[01/12/2012 19:49:09] /a 1
[01/12/2012 19:49:09] /a 1
[01/12/2012 19:49:09] /a 1
[01/12/2012 19:49:09] /a 1
[01/12/2012 19:49:09] /a 1
[01/12/2012 19:49:09] /a 1
[01/12/2012 19:49:10] /a 1
[01/12/2012 19:49:10] /a 1
[01/12/2012 19:49:10] /a 1
[01/12/2012 19:49:10] /a 1
[01/12/2012 19:49:10] /a 1
[01/12/2012 19:49:10] /a 1
[01/12/2012 19:49:10] /a 1
[01/12/2012 19:49:10] /a 1
[01/12/2012 19:49:10] /a 1
[01/12/2012 19:49:10] /a 1
[01/12/2012 19:49:10] /a 1
[01/12/2012 19:49:10] /a 1
[01/12/2012 19:49:10] /a 1
[01/12/2012 19:49:11] /a 1
[01/12/2012 19:49:11] /a 1
[01/12/2012 19:49:11] /a 1
[01/12/2012 19:49:11] /a 1
[01/12/2012 19:49:11] /a 1
[01/12/2012 19:49:11] /a 1
[01/12/2012 19:49:11] /a 1
[01/12/2012 19:49:11] /a 1
[01/12/2012 19:49:11] /a 1
[01/12/2012 19:49:11] /a 1
[01/12/2012 19:49:11] /a 1
[01/12/2012 19:49:11] /a 1
[01/12/2012 19:49:11] /a 1
[01/12/2012 19:49:12] /a 1
[01/12/2012 19:49:12] /a 1
[01/12/2012 19:49:12] /a 1
[01/12/2012 19:49:12] /a 1
[01/12/2012 19:49:12] /a 1
[01/12/2012 19:49:12] /a 1
[01/12/2012 19:49:12] /a 1
[01/12/2012 19:49:12] /a 1
[01/12/2012 19:49:12] /a 1
[01/12/2012 19:49:12] /a 1
[01/12/2012 19:49:12] /a 1
[01/12/2012 19:49:17] /down
[01/12/2012 19:49:18] /down
[01/12/2012 19:49:19] /down
[01/12/2012 19:49:20] /a 1
[01/12/2012 19:49:21] /a 1
[01/12/2012 19:49:21] /a 1
[01/12/2012 19:49:21] /a 1
[01/12/2012 19:49:21] /a 1
[01/12/2012 19:49:21] /a 1
[01/12/2012 19:49:21] /a 1
[01/12/2012 19:49:21] /a 1
[01/12/2012 19:49:21] /a 1
[01/12/2012 19:49:21] /a 1
[01/12/2012 19:49:21] /a 1
[01/12/2012 19:49:21] /a 1
[01/12/2012 19:49:21] /a 1
[01/12/2012 19:49:21] /a 1
[01/12/2012 19:49:22] /a 1
[01/12/2012 19:49:22] /a 1
[01/12/2012 19:49:22] /a 1
[01/12/2012 19:49:22] /a 1
[01/12/2012 19:49:22] /a 1
[01/12/2012 19:49:22] /a 1
[01/12/2012 19:49:22] /a 1
[01/12/2012 19:49:22] /a 1
[01/12/2012 19:49:22] /a 1
[01/12/2012 19:49:22] /a 1
[01/12/2012 19:49:22] /a 1
[01/12/2012 19:49:22] /a 1
[01/12/2012 19:49:23] /a 1
[01/12/2012 19:49:23] /a 1
[01/12/2012 19:49:23] /a 1
[01/12/2012 19:49:23] /a 1
[01/12/2012 19:49:23] /a 1
[01/12/2012 19:49:23] /a 1
[01/12/2012 19:49:24] /a 1
[01/12/2012 19:49:24] /a 1
[01/12/2012 19:49:24] /a 1
[01/12/2012 19:49:24] /a 1
[01/12/2012 19:49:24] /a 1
[01/12/2012 19:49:24] /a 1
[01/12/2012 19:49:24] /a 1
[01/12/2012 19:49:24] /a 1
[01/12/2012 19:49:24] /a 1
[01/12/2012 19:49:24] /a 1
[01/12/2012 19:49:24] /a 1
[01/12/2012 19:49:24] /a 1
[01/12/2012 19:49:24] /a 1
[01/12/2012 19:49:25] /a 1
[01/12/2012 19:49:25] /a 1
[01/12/2012 19:49:25] /a 1
[01/12/2012 19:49:25] /a 1
[01/12/2012 19:49:25] /a 1
[01/12/2012 19:49:25] /a 1
[01/12/2012 19:49:25] /a 1
[01/12/2012 19:49:25] /a 1
[01/12/2012 19:49:25] /a 1
[01/12/2012 19:49:25] /a 1
[01/12/2012 19:49:26] /a 1
[01/12/2012 19:49:27] /a 1
[01/12/2012 19:49:27] /a 1
[01/12/2012 19:49:27] /a 1
[01/12/2012 19:49:27] /a 1
[01/12/2012 19:49:27] /a 1
[01/12/2012 19:49:27] /a 1
[01/12/2012 19:49:27] /a 1
[01/12/2012 19:49:27] /a 1
[01/12/2012 19:49:27] /a 1
[01/12/2012 19:49:27] /a 1
[01/12/2012 19:49:28] /a 1
[01/12/2012 19:49:28] /a 1
[01/12/2012 19:49:28] /a 1
[01/12/2012 19:49:29] /a 1
[01/12/2012 19:49:29] /a 1
[01/12/2012 19:49:29] /a 1
[01/12/2012 19:49:29] /a 1
[01/12/2012 19:49:29] /a 1
[01/12/2012 19:49:29] /a 1
[01/12/2012 19:49:29] /a 1
[01/12/2012 19:49:29] /a 1
[01/12/2012 19:49:29] /a 1
[01/12/2012 19:49:29] /a 1
[01/12/2012 19:49:30] /a 1
[01/12/2012 19:49:30] /a 1
[01/12/2012 19:49:30] /a 1
[01/12/2012 19:49:30] /a 1
[01/12/2012 19:49:31] /a 1
[01/12/2012 19:49:31] /a 1
[01/12/2012 19:49:31] /a 1
[01/12/2012 19:49:31] /a 1
[01/12/2012 19:49:32] /a 1
[01/12/2012 19:49:32] /a 1
[01/12/2012 19:49:32] /a 1
[01/12/2012 19:49:33] /a 1
[01/12/2012 19:49:33] /a 1
[01/12/2012 19:49:33] /a 1
[01/12/2012 19:49:33] /a 1
[01/12/2012 19:49:33] /a 1
[01/12/2012 19:49:33] /a 1
[01/12/2012 19:49:33] /a 1
[01/12/2012 19:49:34] /a 1
[01/12/2012 19:49:34] /a 1
[01/12/2012 19:49:34] /a 1
[01/12/2012 19:49:34] /a 1
[01/12/2012 19:49:35] /a 1
[01/12/2012 19:49:35] /a 1
[01/12/2012 19:49:35] /a 1
[01/12/2012 19:49:35] /a 1
[01/12/2012 19:49:36] /a 1
[01/12/2012 19:49:36] /a 1
[01/12/2012 19:49:37] /a 1
[01/12/2012 19:49:37] /a 1
[01/12/2012 19:49:37] /a 1
[01/12/2012 19:49:38] /a 1
[01/12/2012 19:49:40] /a 1
[01/12/2012 19:49:40] /a 1
[01/12/2012 19:49:40] /a 1
[01/12/2012 19:49:40] /a 1
[01/12/2012 19:49:40] /a 1
[01/12/2012 19:49:40] /a 1
[01/12/2012 19:49:41] /a 1
[01/12/2012 19:49:41] /a 1
[01/12/2012 19:49:41] /a 1
[01/12/2012 19:49:41] /a 1
[01/12/2012 19:49:41] /a 1
[01/12/2012 19:49:41] /a 1
[01/12/2012 19:49:41] /a 1
[01/12/2012 19:49:41] /a 1
[01/12/2012 19:49:41] /a 1
[01/12/2012 19:49:41] /a 1
[01/12/2012 19:49:41] /a 1
[01/12/2012 19:49:41] /a 1
[01/12/2012 19:49:41] /a 1
[01/12/2012 19:49:42] /a 1
[01/12/2012 19:49:42] /a 1
[01/12/2012 19:49:42] /a 1
[01/12/2012 19:49:42] /a 1
[01/12/2012 19:49:42] /a 1
[01/12/2012 19:49:42] /a 1
[01/12/2012 19:49:42] /a 1
[01/12/2012 19:49:42] /a 1
[01/12/2012 19:49:42] /a 1
[01/12/2012 19:49:42] /a 1
[01/12/2012 19:49:42] /a 1
[01/12/2012 19:49:42] /a 1
[01/12/2012 19:49:42] /a 1
[01/12/2012 19:49:42] /a 1
[01/12/2012 19:49:43] /a 1
[01/12/2012 19:49:43] /a 1
[01/12/2012 19:49:43] /a 1
[01/12/2012 19:49:43] /a 1
[01/12/2012 19:49:43] /a 1
[01/12/2012 19:49:43] /a 1
[01/12/2012 19:49:43] /a 1
[01/12/2012 19:49:43] /a 1
[01/12/2012 19:49:43] /a 1
[01/12/2012 19:49:43] /a 1
[01/12/2012 19:49:43] /a 1
[01/12/2012 19:49:43] /a 1
[01/12/2012 19:49:43] /a 1
[01/12/2012 19:49:44] /a 1
[01/12/2012 19:49:44] /a 1
[01/12/2012 19:49:44] /a 1
[01/12/2012 19:49:44] /a 1
[01/12/2012 19:49:44] /a 1
[01/12/2012 19:49:44] /a 1
[01/12/2012 19:49:44] /a 1
[01/12/2012 19:49:45] /a 1
[01/12/2012 19:49:45] /a 1
[01/12/2012 19:49:45] /a 1
[01/12/2012 19:49:45] /a 1
[01/12/2012 19:49:45] /a 1
[01/12/2012 19:49:45] /a 1
[01/12/2012 19:49:45] /a 1
[01/12/2012 19:49:45] /a 1
[01/12/2012 19:49:46] /a 1
[01/12/2012 19:49:46] /a 1
[01/12/2012 19:49:46] /a 1
[01/12/2012 19:49:46] /a 1
[01/12/2012 19:49:46] /a 1
[01/12/2012 19:49:46] /a 1
[01/12/2012 19:49:46] /a 1
[01/12/2012 19:49:46] /a 1
[01/12/2012 19:49:46] /a 1
[01/12/2012 19:49:46] /a 1
[01/12/2012 19:49:46] /a 1
[01/12/2012 19:49:47] /a 1
[01/12/2012 19:49:47] /a 1
[01/12/2012 19:49:47] /a 1
[01/12/2012 19:49:48] /a 1
[01/12/2012 19:49:48] /a 1
[01/12/2012 19:49:48] /a 1
[01/12/2012 19:49:48] /a 1
[01/12/2012 19:49:48] /a 1
[01/12/2012 19:49:48] /a 1
[01/12/2012 19:49:48] /a 1
[01/12/2012 19:49:48] /a 1
[01/12/2012 19:49:48] /a 1
[01/12/2012 19:49:48] /a 1
[01/12/2012 19:49:48] /a 1
[01/12/2012 19:49:49] /a 1
[01/12/2012 19:49:49] /a 1
[01/12/2012 19:49:49] /a 1
[01/12/2012 19:49:49] /a 1
[01/12/2012 19:49:49] /a 1
[01/12/2012 19:49:49] /a 1
[01/12/2012 19:49:49] /a 1
[01/12/2012 19:49:49] /a 1
[01/12/2012 19:49:49] /a 1
[01/12/2012 19:49:49] /a 1
[01/12/2012 19:49:49] /a 1
[01/12/2012 19:49:49] /a 1
[01/12/2012 19:49:49] /a 1
[01/12/2012 19:49:49] /a 1
[01/12/2012 19:49:50] /a 1
[01/12/2012 19:49:50] /a 1
[01/12/2012 19:49:50] /a 1
[01/12/2012 19:49:50] /a 1
[01/12/2012 19:49:50] /a 1
[01/12/2012 19:49:50] /a 1
[01/12/2012 19:49:50] /a 1
[01/12/2012 19:49:50] /a 1
[01/12/2012 19:49:50] /a 1
[01/12/2012 19:49:50] /a 1
[01/12/2012 19:49:50] /a 1
[01/12/2012 19:49:50] /a 1
[01/12/2012 19:49:50] /a 1
[01/12/2012 19:49:50] /a 1
[01/12/2012 19:49:50] /a 1
[01/12/2012 19:49:51] /a 1
[01/12/2012 19:49:51] /a 1
[01/12/2012 19:49:51] /a 1
[01/12/2012 19:49:51] /a 1
[01/12/2012 19:49:51] /a 1
[01/12/2012 19:49:51] /a 1
[01/12/2012 19:49:51] /a 1
[01/12/2012 19:49:51] /a 1
[01/12/2012 19:49:51] /a 1
[01/12/2012 19:49:51] /a 1
[01/12/2012 19:49:51] /a 1
[01/12/2012 19:49:51] /a 1
[01/12/2012 19:49:51] /a 1
[01/12/2012 19:49:51] /a 1
[01/12/2012 19:49:52] /a 1
[01/12/2012 19:49:52] /a 1
[01/12/2012 19:49:52] /a 1
[01/12/2012 19:49:52] /a 1
[01/12/2012 19:49:52] /a 1
[01/12/2012 19:49:52] /a 1
[01/12/2012 19:49:52] /a 1
[01/12/2012 19:49:52] /a 1
[01/12/2012 19:49:52] /a 1
[01/12/2012 19:49:52] /a 1
[01/12/2012 19:49:52] /a 1
[01/12/2012 19:49:52] /a 1
[01/12/2012 19:49:52] /a 1
[01/12/2012 19:49:53] /a 1
[01/12/2012 19:49:53] /a 1
[01/12/2012 19:49:53] /a 1
[01/12/2012 19:49:53] /a 1
[01/12/2012 19:49:53] /a 1
[01/12/2012 19:49:53] /a 1
[01/12/2012 19:49:53] /a 1
[01/12/2012 19:49:53] /a 1
[01/12/2012 19:49:53] /a 1
[01/12/2012 19:49:53] /a 1
[01/12/2012 19:49:53] /a 1
[01/12/2012 19:49:53] /a 1
[01/12/2012 19:49:53] /a 1
[01/12/2012 19:49:53] /a 1
[01/12/2012 19:49:53] /a 1
[01/12/2012 19:49:54] /a 1
[01/12/2012 19:49:54] /a 1
[01/12/2012 19:49:54] /a 1
[01/12/2012 19:49:54] /a 1
[01/12/2012 19:49:54] /a 1
[01/12/2012 19:49:54] /a 1
[01/12/2012 19:49:54] /a 1
[01/12/2012 19:49:54] /a 1
[01/12/2012 19:49:54] /a 1
[01/12/2012 19:49:54] /a 1
[01/12/2012 19:49:54] /a 1
[01/12/2012 19:49:54] /a 1
[01/12/2012 19:49:54] /a 1
[01/12/2012 19:49:55] /a 1
[01/12/2012 19:49:55] /a 1
[01/12/2012 19:49:55] /a 1
[01/12/2012 19:49:55] /a 1
[01/12/2012 19:49:55] /a 1
[01/12/2012 19:49:55] /a 1
[01/12/2012 19:49:55] /a 1
[01/12/2012 19:49:55] /a 1
[01/12/2012 19:49:55] /a 1
[01/12/2012 19:49:55] /a 1
[01/12/2012 19:49:55] /a 1
[01/12/2012 19:49:55] /a 1
[01/12/2012 19:49:55] /a 1
[01/12/2012 19:49:55] /a 1
[01/12/2012 19:49:55] /a 1
[01/12/2012 19:49:55] /a 1
[01/12/2012 19:49:56] /a 1
[01/12/2012 19:49:56] /a 1
[01/12/2012 19:49:56] /a 1
[01/12/2012 19:49:56] /a 1
[01/12/2012 19:49:56] /a 1
[01/12/2012 19:49:56] /a 1
[01/12/2012 19:49:56] /a 1
[01/12/2012 19:49:56] /a 1
[01/12/2012 19:49:56] /a 1
[01/12/2012 19:49:56] /a 1
[01/12/2012 19:49:56] /a 1
[01/12/2012 19:49:56] /a 1
[01/12/2012 19:49:56] /a 1
[01/12/2012 19:49:57] /a 1
[01/12/2012 19:49:57] /a 1
[01/12/2012 19:49:57] /a 1
[01/12/2012 19:49:57] /a 1
[01/12/2012 19:49:57] /a 1
[01/12/2012 19:49:57] /a 1
[01/12/2012 19:49:57] /a 1
[01/12/2012 19:49:57] /a 1
[01/12/2012 19:49:57] /a 1
[01/12/2012 19:49:57] /a 1
[01/12/2012 19:49:57] /a 1
[01/12/2012 19:49:57] /a 1
[01/12/2012 19:49:57] /a 1
[01/12/2012 19:49:57] /a 1
[01/12/2012 19:50:12] /a 1
[01/12/2012 19:50:13] /a 1
[01/12/2012 19:50:13] /a 1
[01/12/2012 19:50:13] /a 1
[01/12/2012 19:50:13] /a 1
[01/12/2012 19:50:13] /a 1
[01/12/2012 19:50:13] /a 1
[01/12/2012 19:50:13] /a 1
[01/12/2012 19:50:13] /a 1
[01/12/2012 19:50:13] /a 1
[01/12/2012 19:50:13] /a 1
[01/12/2012 19:50:13] /a 1
[01/12/2012 19:50:13] /a 1
[01/12/2012 19:50:14] /a 1
[01/12/2012 19:50:14] /a 1
[01/12/2012 19:50:14] /a 1
[01/12/2012 19:50:14] /a 1
[01/12/2012 19:50:14] /a 1
[01/12/2012 19:50:14] /a 1
[01/12/2012 19:50:14] /a 1
[01/12/2012 19:50:14] /a 1
[01/12/2012 19:50:14] /a 1
[01/12/2012 19:50:14] /a 1
[01/12/2012 19:50:14] /a 1
[01/12/2012 19:50:14] /a 1
[01/12/2012 19:50:14] /a 1
[01/12/2012 19:50:14] /a 1
[01/12/2012 19:50:14] /a 1
[01/12/2012 19:50:15] /a 1
[01/12/2012 19:50:15] /a 1
[01/12/2012 19:50:15] /a 1
[01/12/2012 19:50:15] /a 1
[01/12/2012 19:50:15] /a 1
[01/12/2012 19:50:15] /a 1
[01/12/2012 19:50:15] /a 1
[01/12/2012 19:50:15] /a 1
[01/12/2012 19:50:15] /a 1
[01/12/2012 19:50:15] /a 1
[01/12/2012 19:50:15] /a 1
[01/12/2012 19:50:15] /a 1
[01/12/2012 19:50:15] /a 1
[01/12/2012 19:50:15] /a 1
[01/12/2012 19:50:16] /a 1
[01/12/2012 19:50:16] /a 1
[01/12/2012 19:50:16] /a 1
[01/12/2012 19:50:16] /a 1
[01/12/2012 19:50:16] /a 1
[01/12/2012 19:50:16] /a 1
[01/12/2012 19:50:16] /a 1
[01/12/2012 19:50:16] /a 1
[01/12/2012 19:50:16] /a 1
[01/12/2012 19:50:16] /a 1
[01/12/2012 19:50:16] /a 1
[01/12/2012 19:50:16] /a 1
[01/12/2012 19:50:16] /a 1
[01/12/2012 19:50:16] /a 1
[01/12/2012 19:50:16] /a 1
[01/12/2012 19:50:17] /a 1
[01/12/2012 19:50:17] /a 1
[01/12/2012 19:50:17] /a 1
[01/12/2012 19:50:17] /a 1
[01/12/2012 19:50:17] /a 1
[01/12/2012 19:50:17] /a 1
[01/12/2012 19:50:17] /a 1
[01/12/2012 19:50:17] /a 1
[01/12/2012 19:50:17] /a 1
[01/12/2012 19:50:17] /a 1
[01/12/2012 19:50:17] /a 1
[01/12/2012 19:50:17] /a 1
[01/12/2012 19:50:17] /a 1
[01/12/2012 19:50:17] /a 1
[01/12/2012 19:50:18] /a 1
[01/12/2012 19:50:18] /a 1
[01/12/2012 19:50:18] /a 1
[01/12/2012 19:50:18] /a 1
[01/12/2012 19:50:18] /a 1
[01/12/2012 19:50:18] /a 1
[01/12/2012 19:50:18] /a 1
[01/12/2012 19:50:18] /a 1
[01/12/2012 19:50:18] /a 1
[01/12/2012 19:50:18] /a 1
[01/12/2012 19:50:18] /a 1
[01/12/2012 19:50:18] /a 1
[01/12/2012 19:50:18] /a 1
[01/12/2012 19:50:18] /a 1
[01/12/2012 19:50:18] /a 1
[01/12/2012 19:50:19] /a 1
[01/12/2012 19:50:19] /a 1
[01/12/2012 19:50:19] /a 1
[01/12/2012 19:50:19] /a 1
[01/12/2012 19:50:19] /a 1
[01/12/2012 19:50:19] /a 1
[01/12/2012 19:50:19] /a 1
[01/12/2012 19:50:19] /a 1
[01/12/2012 19:50:19] /a 1
[01/12/2012 19:50:19] /a 1
[01/12/2012 19:50:19] /a 1
[01/12/2012 19:50:19] /a 1
[01/12/2012 19:50:19] /a 1
[01/12/2012 19:50:19] /a 1
[01/12/2012 19:50:19] /a 1
[01/12/2012 19:50:19] /a 1
[01/12/2012 19:50:20] /a 1
[01/12/2012 19:50:20] /a 1
[01/12/2012 19:50:20] /a 1
[01/12/2012 19:50:20] /a 1
[01/12/2012 19:50:20] /a 1
[01/12/2012 19:50:20] /a 1
[01/12/2012 19:50:21] /a 1
[01/12/2012 19:50:21] /a 1
[01/12/2012 19:50:21] /a 1
[01/12/2012 19:50:21] /a 1
[01/12/2012 19:50:21] /a 1
[01/12/2012 19:50:21] /a 1
[01/12/2012 19:50:21] /a 1
[01/12/2012 19:50:21] /a 1
[01/12/2012 19:50:21] /a 1
[01/12/2012 19:50:21] /a 1
[01/12/2012 19:50:21] /a 1
[01/12/2012 19:50:21] /a 1
[01/12/2012 19:50:21] /a 1
[01/12/2012 19:50:21] /a 1
[01/12/2012 19:50:21] /a 1
[01/12/2012 19:50:22] /a 1
[01/12/2012 19:50:22] /a 1
[01/12/2012 19:50:22] /a 1
[01/12/2012 19:50:22] /a 1
[01/12/2012 19:50:22] /a 1
[01/12/2012 19:50:22] /a 1
[01/12/2012 19:50:22] /a 1
[01/12/2012 19:50:22] /a 1
[01/12/2012 19:50:22] /a 1
[01/12/2012 19:50:22] /a 1
[01/12/2012 19:50:22] /a 1
[01/12/2012 19:50:22] /a 1
[01/12/2012 19:50:22] /a 1
[01/12/2012 19:50:22] /a 1
[01/12/2012 19:50:23] /a 1
[01/12/2012 19:50:23] /a 1
[01/12/2012 19:50:23] /a 1
[01/12/2012 19:50:23] /a 1
[01/12/2012 19:50:23] /a 1
[01/12/2012 19:50:23] /a 1
[01/12/2012 19:50:23] /a 1
[01/12/2012 19:50:23] /a 1
[01/12/2012 19:50:24] /a 1
[01/12/2012 19:50:24] /a 1
[01/12/2012 19:50:24] /a 1
[01/12/2012 19:50:24] /a 1
[01/12/2012 19:50:24] /a 1
[01/12/2012 19:50:24] /a 1
[01/12/2012 19:50:24] /a 1
[01/12/2012 19:50:24] /a 1
[01/12/2012 19:50:24] /a 1
[01/12/2012 19:50:24] /a 1
[01/12/2012 19:50:24] /a 1
[01/12/2012 19:50:24] /a 1
[01/12/2012 19:50:24] /a 1
[01/12/2012 19:50:24] /a 1
[01/12/2012 19:50:25] /a 1
[01/12/2012 19:50:25] /a 1
[01/12/2012 19:50:25] /a 1
[01/12/2012 19:50:25] /a 1
[01/12/2012 19:50:25] /a 1
[01/12/2012 19:50:25] /a 1
[01/12/2012 19:50:25] /a 1
[01/12/2012 19:50:25] /a 1
[01/12/2012 19:50:25] /a 1
[01/12/2012 19:50:25] /a 1
[01/12/2012 19:50:25] /a 1
[01/12/2012 19:50:25] /a 1
[01/12/2012 19:50:25] /a 1
[01/12/2012 19:50:25] /a 1
[01/12/2012 19:50:25] /a 1
[01/12/2012 19:50:26] /a 1
[01/12/2012 19:50:26] /a 1
[01/12/2012 19:50:26] /a 1
[01/12/2012 19:50:26] /a 1
[01/12/2012 19:50:26] /a 1
[01/12/2012 19:50:26] /a 1
[01/12/2012 19:50:26] /a 1
[01/12/2012 19:50:26] /a 1
[01/12/2012 19:50:26] /a 1
[01/12/2012 19:50:26] /a 1
[01/12/2012 19:50:26] /a 1
[01/12/2012 19:50:26] /a 1
[01/12/2012 19:50:27] /a 1
[01/12/2012 19:50:27] /a 1
[01/12/2012 19:50:27] /a 1
[01/12/2012 19:50:27] /a 1
[01/12/2012 19:50:27] /a 1
[01/12/2012 19:50:27] /a 1
[01/12/2012 19:50:27] /a 1
[01/12/2012 19:50:27] /a 1
[01/12/2012 19:50:27] /a 1
[01/12/2012 19:50:27] /a 1
[01/12/2012 19:50:27] /a 1
[01/12/2012 19:50:28] /a 1
[01/12/2012 19:50:28] /a 1
[01/12/2012 19:50:28] /a 1
[01/12/2012 19:50:28] /a 1
[01/12/2012 19:50:28] /a 1
[01/12/2012 19:50:28] /a 1
[01/12/2012 19:50:28] /a 1
[01/12/2012 19:50:28] /a 1
[01/12/2012 19:50:28] /a 1
[01/12/2012 19:50:32] /down
[01/12/2012 19:50:32] /a 1
[01/12/2012 19:50:33] /a 1
[01/12/2012 19:50:33] /a 1
[01/12/2012 19:50:33] /a 1
[01/12/2012 19:50:33] /a 1
[01/12/2012 19:50:33] /a 1
[01/12/2012 19:50:33] /a 1
[01/12/2012 19:50:33] /a 1
[01/12/2012 19:50:33] /a 1
[01/12/2012 19:50:33] /a 1
[01/12/2012 19:50:33] /a 1
[01/12/2012 19:50:34] /a 1
[01/12/2012 19:50:34] /a 1
[01/12/2012 19:50:34] /a 1
[01/12/2012 19:50:34] /a 1
[01/12/2012 19:50:34] /a 1
[01/12/2012 19:50:34] /a 1
[01/12/2012 19:50:34] /a 1
[01/12/2012 19:50:34] /a 1
[01/12/2012 19:50:34] /a 1
[01/12/2012 19:50:34] /a 1
[01/12/2012 19:50:34] /a 1
[01/12/2012 19:50:34] /a 1
[01/12/2012 19:50:34] /a 1
[01/12/2012 19:50:34] /a 1
[01/12/2012 19:50:35] /a 1
[01/12/2012 19:50:35] /a 1
[01/12/2012 19:50:35] /a 1
[01/12/2012 19:50:35] /a 1
[01/12/2012 19:50:35] /a 1
[01/12/2012 19:50:35] /a 1
[01/12/2012 19:50:35] /a 1
[01/12/2012 19:50:35] /a 1
[01/12/2012 19:50:35] /a 1
[01/12/2012 19:50:36] /a 1
[01/12/2012 19:50:36] /a 1
[01/12/2012 19:50:36] /a 1
[01/12/2012 19:50:36] /a 1
[01/12/2012 19:50:36] /a 1
[01/12/2012 19:50:36] /a 1
[01/12/2012 19:50:36] /a 1
[01/12/2012 19:50:36] /a 1
[01/12/2012 19:50:36] /a 1
[01/12/2012 19:50:36] /a 1
[01/12/2012 19:50:36] /a 1
[01/12/2012 19:50:36] /a 1
[01/12/2012 19:50:37] /a 1
[01/12/2012 19:50:37] /a 1
[01/12/2012 19:50:37] /a 1
[01/12/2012 19:50:37] /a 1
[01/12/2012 19:50:37] /a 1
[01/12/2012 19:50:37] /a 1
[01/12/2012 19:50:37] /a 1
[01/12/2012 19:50:37] /a 1
[01/12/2012 19:50:37] /a 1
[01/12/2012 19:50:37] /a 1
[01/12/2012 19:50:37] /a 1
[01/12/2012 19:50:37] /a 1
[01/12/2012 19:50:38] /a 1
[01/12/2012 19:50:38] /a 1
[01/12/2012 19:50:38] /a 1
[01/12/2012 19:50:38] /a 1
[01/12/2012 19:50:38] /a 1
[01/12/2012 19:50:38] /a 1
[01/12/2012 19:50:38] /a 1
[01/12/2012 19:50:38] /a 1
[01/12/2012 19:50:38] /a 1
[01/12/2012 19:50:39] /a 1
[01/12/2012 19:50:39] /a 1
[01/12/2012 19:50:39] /a 1
[01/12/2012 19:50:39] /a 1
[01/12/2012 19:50:39] /a 1
[01/12/2012 19:50:39] /a 1
[01/12/2012 19:50:39] /a 1
[01/12/2012 19:50:39] /a 1
[01/12/2012 19:50:39] /a 1
[01/12/2012 19:50:39] /a 1
[01/12/2012 19:50:39] /a 1
[01/12/2012 19:50:39] /a 1
[01/12/2012 19:50:39] /a 1
[01/12/2012 19:50:39] /a 1
[01/12/2012 19:50:40] /a 1
[01/12/2012 19:50:40] /a 1
[01/12/2012 19:50:40] /a 1
[01/12/2012 19:50:40] /a 1
[01/12/2012 19:50:40] /a 1
[01/12/2012 19:50:40] /a 1
[01/12/2012 19:50:40] /a 1
[01/12/2012 19:50:40] /a 1
[01/12/2012 19:50:40] /a 1
[01/12/2012 19:50:40] /a 1
[01/12/2012 19:50:40] /a 1
[01/12/2012 19:50:40] /a 1
[01/12/2012 19:50:40] /a 1
[01/12/2012 19:50:40] /a 1
[01/12/2012 19:50:41] /a 1
[01/12/2012 19:50:41] /a 1
[01/12/2012 19:50:41] /a 1
[01/12/2012 19:50:41] /a 1
[01/12/2012 19:50:41] /a 1
[01/12/2012 19:50:41] /a 1
[01/12/2012 19:50:41] /a 1
[01/12/2012 19:50:41] /a 1
[01/12/2012 19:50:41] /a 1
[01/12/2012 19:50:41] /a 1
[01/12/2012 19:50:41] /a 1
[01/12/2012 19:50:41] /a 1
[01/12/2012 19:50:41] /a 1
[01/12/2012 19:50:41] /a 1
[01/12/2012 19:50:41] /a 1
[01/12/2012 19:50:42] /a 1
[01/12/2012 19:50:42] /a 1
[01/12/2012 19:50:44] /a 1
[01/12/2012 19:50:44] /a 1
[01/12/2012 19:50:44] /a 1
[01/12/2012 19:50:44] /a 1
[01/12/2012 19:50:45] /a 1
[01/12/2012 19:50:45] /a 1
[01/12/2012 19:50:45] /a 1
[01/12/2012 19:50:45] /a 1
[01/12/2012 19:50:45] /a 1
[01/12/2012 19:50:45] /a 1
[01/12/2012 19:50:45] /a 1
[01/12/2012 19:50:45] /a 1
[01/12/2012 19:50:45] /a 1
[01/12/2012 19:50:45] /a 1
[01/12/2012 19:50:45] /a 1
[01/12/2012 19:50:45] /a 1
[01/12/2012 19:50:45] /a 1
[01/12/2012 19:50:45] /a 1
[01/12/2012 19:50:45] /a 1
[01/12/2012 19:50:45] /a 1
[01/12/2012 19:50:45] /a 1
[01/12/2012 19:50:46] /a 1
[01/12/2012 19:50:46] /a 1
[01/12/2012 19:50:46] /a 1
[01/12/2012 19:50:46] /a 1
[01/12/2012 19:50:46] /a 1
[01/12/2012 19:50:46] /a 1
[01/12/2012 19:50:46] /a 1
[01/12/2012 19:50:46] /a 1
[01/12/2012 19:50:47] /a 1
[01/12/2012 19:50:47] /a 1
[01/12/2012 19:50:47] /a 1
[01/12/2012 19:50:47] /a 1
[01/12/2012 19:50:47] /a 1
[01/12/2012 19:50:47] /a 1
[01/12/2012 19:50:47] /a 1
[01/12/2012 19:50:47] /a 1
[01/12/2012 19:50:47] /a 1
[01/12/2012 19:50:48] /a 1
[01/12/2012 19:50:48] /a 1
[01/12/2012 19:50:48] /a 1
[01/12/2012 19:50:48] /a 1
[01/12/2012 19:50:48] /a 1
[01/12/2012 19:50:48] /a 1
[01/12/2012 19:50:48] /a 1
[01/12/2012 19:50:48] /a 1
[01/12/2012 19:50:48] /a 1
[01/12/2012 19:50:49] /a 1
[01/12/2012 19:50:49] /a 1
[01/12/2012 19:50:49] /a 1
[01/12/2012 19:50:49] /a 1
[01/12/2012 19:50:49] /a 1
[01/12/2012 19:50:49] /a 1
[01/12/2012 19:50:49] /a 1
[01/12/2012 19:50:51] /a 1
[01/12/2012 19:50:52] /a 1
[01/12/2012 19:50:52] /a 1
[01/12/2012 19:50:52] /a 1
[01/12/2012 19:50:52] /a 1
[01/12/2012 19:50:53] /a 1
[01/12/2012 19:50:53] /a 1
[01/12/2012 19:50:53] /a 1
[01/12/2012 19:50:53] /a 1
[01/12/2012 19:50:54] /a 1
[01/12/2012 19:50:54] /a 1
[01/12/2012 19:50:54] /a 1
[01/12/2012 19:50:54] /a 1
[01/12/2012 19:50:54] /a 1
[01/12/2012 19:50:54] /a 1
[01/12/2012 19:50:54] /a 1
[01/12/2012 19:50:54] /a 1
[01/12/2012 19:50:55] /a 1
[01/12/2012 19:50:55] /a 1
[01/12/2012 19:50:55] /a 1
[01/12/2012 19:50:55] /a 1
[01/12/2012 19:50:55] /a 1
[01/12/2012 19:50:56] /a 1
[01/12/2012 19:50:56] /a 1
[01/12/2012 19:50:56] /a 1
[01/12/2012 19:50:57] /a 1
[01/12/2012 19:50:57] /a 1
[01/12/2012 19:50:57] /a 1
[01/12/2012 19:50:57] /a 1
[01/12/2012 19:50:57] /a 1
[01/12/2012 19:50:57] /a 1
[01/12/2012 19:50:57] /a 1
[01/12/2012 19:50:57] /a 1
[01/12/2012 19:50:57] /a 1
[01/12/2012 19:50:57] /a 1
[01/12/2012 19:50:57] /a 1
[01/12/2012 19:50:57] /a 1
[01/12/2012 19:50:57] /a 1
[01/12/2012 19:50:57] /a 1
[01/12/2012 19:50:58] /a 1
[01/12/2012 19:50:58] /a 1
[01/12/2012 19:50:58] /a 1
[01/12/2012 19:50:58] /a 1
[01/12/2012 19:50:59] /a 1
[01/12/2012 19:50:59] /a 1
[01/12/2012 19:50:59] /a 1
[01/12/2012 19:50:59] /a 1
[01/12/2012 19:50:59] /a 1
[01/12/2012 19:50:59] /a 1
[01/12/2012 19:50:59] /a 1
[01/12/2012 19:50:59] /a 1
[01/12/2012 19:50:59] /a 1
[01/12/2012 19:51:00] /a 1
[01/12/2012 19:51:00] /a 1
[01/12/2012 19:51:00] /a 1
[01/12/2012 19:51:00] /a 1
[01/12/2012 19:51:00] /a 1
[01/12/2012 19:51:00] /a 1
[01/12/2012 19:51:00] /a 1
[01/12/2012 19:51:00] /a 1
[01/12/2012 19:51:00] /a 1
[01/12/2012 19:51:01] /a 1
[01/12/2012 19:51:01] /a 1
[01/12/2012 19:51:01] /a 1
[01/12/2012 19:51:01] /a 1
[01/12/2012 19:51:01] /a 1
[01/12/2012 19:51:01] /a 1
[01/12/2012 19:51:01] /a 1
[01/12/2012 19:51:02] /a 1
[01/12/2012 19:51:02] /a 1
[01/12/2012 19:51:02] /a 1
[01/12/2012 19:52:48] /addskill [ADMIN] Nerd, magic level 1
[01/12/2012 19:52:49] /addskill [ADMIN] Nerd, magic level 1
[01/12/2012 19:52:50] /addskill [ADMIN] Nerd, magic level 1
[01/12/2012 19:52:52] /addskill [ADMIN] Nerd, magic level 1
[01/12/2012 19:52:53] /addskill [ADMIN] Nerd, magic level 1
[01/12/2012 19:53:26] /c by cris
[01/12/2012 20:25:06] /t
[01/12/2012 20:25:14] /goto behomonth
[01/12/2012 20:25:21] /bat
[01/12/2012 20:25:57] /a 1
[01/12/2012 20:28:01] /c Druid Of Druid
