[20/05/2012 20:30:22] /a 50
[20/05/2012 20:30:23] /a 50
[20/05/2012 20:30:27] /m training monk
[20/05/2012 20:30:39] /clean
[20/05/2012 20:33:39] /r
[20/05/2012 20:33:49] /s orshabaal
[20/05/2012 20:34:10] /m morgaroth
[20/05/2012 20:41:33] /i green gem
[20/05/2012 20:41:35] /i red gem
[20/05/2012 20:41:37] /i blue gem
[20/05/2012 20:41:39] /i red gem
[04/06/2012 22:27:12] /a 50
[04/06/2012 22:27:16] /m training monk
[08/07/2012 23:22:52] /a 5
[08/07/2012 23:23:12] /s behemoth
[08/07/2012 23:23:20] /s behemoth
[08/07/2012 23:23:28] /s saco de pancada
[08/07/2012 23:25:59] /a 2
[08/07/2012 23:26:10] /a 2
[08/07/2012 23:26:36] /a 4
[08/07/2012 23:31:29] /clean
[08/07/2012 23:31:47] /r
[08/07/2012 23:31:50] /r
[08/07/2012 23:31:51] /r
[08/07/2012 23:37:39] /a 3
[08/07/2012 23:41:51] /t
[28/07/2012 05:13:41] /t
[28/07/2012 05:13:56] /i 407
[28/07/2012 05:13:57] /i 407
[28/07/2012 05:13:57] /i 407
[28/07/2012 05:13:59] /i 407
[28/07/2012 05:13:59] /i 407
[28/07/2012 05:14:00] /i 407
[28/07/2012 05:14:00] /i 407
[28/07/2012 05:14:00] /i 407
[28/07/2012 05:14:01] /i 407
[28/07/2012 05:14:02] /i 406
[28/07/2012 05:14:03] /i 407
[28/07/2012 05:14:03] /i 407
[28/07/2012 05:14:04] /i 407
[28/07/2012 05:14:04] /i 407
[28/07/2012 05:14:04] /i 407
[28/07/2012 05:14:05] /i 407
[28/07/2012 05:14:05] /i 407
[28/07/2012 05:14:05] /i 407
[28/07/2012 05:14:05] /i 407
[28/07/2012 05:14:05] /i 407
[28/07/2012 05:14:06] /i 407
[28/07/2012 05:14:06] /i 407
[28/07/2012 05:14:06] /i 407
[28/07/2012 05:14:07] /i 407
[28/07/2012 05:14:08] /i 407
[28/07/2012 05:14:08] /i 407
[28/07/2012 05:14:09] /i 407
[28/07/2012 05:14:09] /i 407
[28/07/2012 05:14:27] /i 407
[28/07/2012 05:14:27] /i 407
[28/07/2012 05:14:28] /i 407
[28/07/2012 05:14:29] /i 407
[28/07/2012 05:14:29] /i 406
[28/07/2012 05:14:29] /i 406
[28/07/2012 05:14:30] /i 406
[28/07/2012 05:14:32] /i 406
[28/07/2012 07:00:02] /a
[28/07/2012 07:01:51] /a 3
[28/07/2012 07:03:52] /a 3
[28/07/2012 07:03:58] /a 2
[28/07/2012 19:21:59] /a 15
[28/07/2012 19:22:00] /m rat
[28/07/2012 19:22:17] /m rat
[28/07/2012 19:23:05] /m rat
[28/07/2012 19:23:16] /clean
[28/07/2012 19:24:15] /m rat
[28/07/2012 19:25:55] /m rat
[28/07/2012 19:27:28] /m demon
[28/07/2012 19:31:54] /m rat
[28/07/2012 19:36:14] /m dragon
[28/07/2012 19:36:39] /m dragon
[28/07/2012 19:38:42] /m dragon
[28/07/2012 19:38:45] /m dragon
[28/07/2012 19:39:01] /m dragon
[28/07/2012 19:42:40] /m dragon
[28/07/2012 19:42:50] /m dragon
[28/07/2012 19:42:59] /m dragon
[28/07/2012 19:44:24] /m dragon
[28/07/2012 19:45:58] /m dragon
[28/07/2012 19:46:14] /m dragon
[28/07/2012 19:47:22] /m dragon
[28/07/2012 19:47:29] /m dragon
[28/07/2012 19:47:31] /m dragon
[28/07/2012 19:47:31] /m dragon
[28/07/2012 19:47:32] /m dragon
[28/07/2012 19:47:32] /m dragon
[28/07/2012 19:50:10] /m dragon
[28/07/2012 19:50:11] /m dragon
[28/07/2012 19:50:11] /m dragon
[28/07/2012 19:51:58] /m dragon
[28/07/2012 19:51:59] /m dragon
[28/07/2012 19:52:32] /m dragon
[28/07/2012 19:52:50] /m dragon
[28/07/2012 19:52:50] /m dragon
[28/07/2012 19:53:03] /m dragon
[28/07/2012 19:54:05] /m dragon
[28/07/2012 19:54:35] /m rat
[28/07/2012 19:54:53] /m rat
[28/07/2012 19:55:00] /m rat
[28/07/2012 19:55:04] /m rat
[28/07/2012 19:57:19] /m Dragon
[28/07/2012 19:57:29] /m Dragon
[28/07/2012 19:57:42] /m Dragon
[28/07/2012 19:58:14] /m dragon
[28/07/2012 19:59:34] /m dragon
[28/07/2012 20:00:02] /m dragon
[28/07/2012 20:00:06] /clean
[28/07/2012 20:00:09] /m dragon
[28/07/2012 20:00:37] /m dragon
[28/07/2012 20:01:06] /m dragon
[28/07/2012 20:01:35] /m demon
[28/07/2012 20:01:37] /m rat
[28/07/2012 20:01:40] /m orshabaal
[28/07/2012 20:01:52] /m demon
[28/07/2012 20:02:12] /m demon
[28/07/2012 20:02:55] /m demon
[28/07/2012 20:03:52] /m demon
[28/07/2012 20:04:12] /m demon
[28/07/2012 20:05:10] /m demon
[28/07/2012 20:05:23] /m demon
[28/07/2012 20:05:47] /m demon
[28/07/2012 20:06:25] /m demon
[28/07/2012 20:06:28] /m demon
[28/07/2012 20:08:16] /m demon
[28/07/2012 20:08:56] /m demon
[28/07/2012 20:09:23] /m demon
[28/07/2012 20:09:25] /m demon
[28/07/2012 20:10:47] /m demon
[28/07/2012 20:10:50] /m demon
[28/07/2012 20:10:58] /m dragon
[28/07/2012 20:11:04] /m rat
[28/07/2012 20:12:42] /clean
[28/07/2012 20:12:45] /a 50
[28/07/2012 20:12:57] /m demon
[28/07/2012 20:13:00] /m demon
[28/07/2012 20:13:31] /m demon
[28/07/2012 20:13:48] /m demon
[28/07/2012 20:34:03] /m lord draculian
[28/07/2012 20:34:10] /m lord draculian
[28/07/2012 20:34:11] /m lord draculian
[05/08/2012 16:14:21] /m barrier
[05/08/2012 16:14:23] /m barrier
[05/08/2012 16:15:31] /m barrier
[05/08/2012 16:16:11] /m barrier
[05/08/2012 16:16:20] /m rat
[05/08/2012 16:16:23] /s rat
[05/08/2012 16:16:30] /t
[05/08/2012 16:16:34] /m barrier
[05/08/2012 16:18:10] /s rat
[05/08/2012 16:21:21] /m rat
[05/08/2012 16:21:22] /m rat
[05/08/2012 16:21:26] /s rat
[05/08/2012 16:21:27] /s rat
[05/08/2012 16:23:05] /s rat
[05/08/2012 16:23:37] /s rat
[05/08/2012 16:29:48] /m barrier
[05/08/2012 16:30:49] /m barrier
[05/08/2012 16:30:54] /s demon
[05/08/2012 16:31:35] /s demon
[05/08/2012 16:32:01] /s demon
[05/08/2012 16:32:57] /s demon
[05/08/2012 16:33:06] /s demon
[05/08/2012 16:33:17] /s training monk
[05/08/2012 16:34:25] /m barrier
[05/08/2012 16:34:27] /m training monk
[05/08/2012 16:34:33] /s training monk
[11/08/2012 17:47:02] /m lord draculian
[11/08/2012 17:47:13] /m gold demon
[11/08/2012 17:47:15] /m orshabaal
[11/08/2012 17:47:24] /m orshabaal
[11/08/2012 17:47:44] /m orshabaal
[11/08/2012 17:48:12] /m orshabaal
[11/08/2012 17:48:40] /m orshabaal
[11/08/2012 17:49:22] /m orshabaal
[11/08/2012 17:49:25] /m orshabaal
[11/08/2012 21:00:43] /m demon
[11/08/2012 21:00:49] /i 2160
[11/08/2012 21:17:16] /m gold demon
[11/08/2012 21:17:58] /r
[11/08/2012 21:17:59] /m gold demon
[11/08/2012 21:21:25] /m demon
[11/08/2012 21:21:29] /m demon
[11/08/2012 21:21:33] /m lord draculian
[11/08/2012 21:21:34] /m demon
[11/08/2012 21:21:38] /m lord draculian
[11/08/2012 21:21:42] /m lord draculian
[11/08/2012 21:21:53] /m demon
[11/08/2012 23:31:13] /m lord draculian
[11/08/2012 23:32:02] /m lord draculian
[11/08/2012 23:32:21] /m lord draculian
[11/08/2012 23:32:25] /clean
[11/08/2012 23:33:01] /m lord draculian
[11/08/2012 23:33:02] /clean
[13/08/2012 00:52:11] /t
[13/08/2012 00:58:48] /i 8009
[13/08/2012 00:58:57] /i 8009
[13/08/2012 00:59:01] /i 8009
[13/08/2012 00:59:22] /down
[13/08/2012 00:59:31] /r
[13/08/2012 00:59:32] /r
[13/08/2012 00:59:34] /r
