[18/08/2012 16:41:01] /r
[19/08/2012 17:28:00] /a 50
[19/08/2012 17:28:01] /a 50
[19/08/2012 17:28:06] /goto ferumbras
[19/08/2012 17:28:09] /r
[19/08/2012 17:28:10] /up
[19/08/2012 17:28:11] /r
[19/08/2012 17:28:12] /r
[19/08/2012 17:28:13] /r
[19/08/2012 17:28:14] /r
[19/08/2012 17:28:15] /r
[19/08/2012 17:28:17] /r
[19/08/2012 17:28:18] /r
[19/08/2012 17:28:20] /i 407
[19/08/2012 17:28:21] /i 407
[19/08/2012 17:28:22] /i 407
[19/08/2012 17:28:23] /i 407
[19/08/2012 17:28:24] /i 407
[19/08/2012 17:28:25] /i 407
[19/08/2012 17:28:26] /i 407
[19/08/2012 17:28:44] /i 407
[19/08/2012 17:28:45] /i 407
[19/08/2012 17:28:46] /i 407
[19/08/2012 17:28:46] /i 407
[19/08/2012 17:28:46] /i 407
[19/08/2012 17:28:46] /i 407
[19/08/2012 17:28:47] /i 407
[19/08/2012 17:28:48] /i 407
[19/08/2012 17:28:48] /i 407
[19/08/2012 17:28:49] /i 407
[19/08/2012 17:33:13] /z 5
[19/08/2012 17:56:17] /m gran tower
[19/08/2012 17:56:18] /m gran tower
[19/08/2012 17:56:19] /m gran tower
[19/08/2012 17:56:19] /m gran tower
[19/08/2012 17:56:20] /m gran tower
[19/08/2012 17:56:21] /m gran tower
[19/08/2012 17:56:21] /m gran tower
[19/08/2012 17:56:22] /m gran tower
[19/08/2012 17:56:24] /r
[19/08/2012 17:56:25] /r
[19/08/2012 17:56:26] /r
[19/08/2012 17:56:27] /r
[19/08/2012 17:56:28] /r
[19/08/2012 17:56:29] /r
[19/08/2012 17:56:30] /r
[19/08/2012 17:56:33] /s training monk
[19/08/2012 17:58:14] /m gran tower
[19/08/2012 17:58:16] /r
[19/08/2012 17:58:16] /r
[19/08/2012 17:58:17] /r
[19/08/2012 17:58:18] /r
[19/08/2012 17:58:20] /r
[19/08/2012 17:58:23] /i 407
[19/08/2012 17:58:24] /i 407
[19/08/2012 17:58:24] /i 407
[19/08/2012 17:58:25] /i 407
[19/08/2012 17:58:26] /i 407
[19/08/2012 17:58:27] /i 407
[19/08/2012 17:58:28] /i 408
[19/08/2012 17:58:32] /r
[19/08/2012 17:58:32] /t
[19/08/2012 17:58:36] /a 59
[19/08/2012 17:58:39] /goto ice witch
[19/08/2012 17:58:45] /a 50
[19/08/2012 17:58:47] /a 50
[19/08/2012 17:58:49] /a 25
[19/08/2012 17:58:50] /up
[19/08/2012 17:58:51] /up
[19/08/2012 17:58:55] /a
[19/08/2012 17:58:56] /r
[19/08/2012 17:58:57] /r
[19/08/2012 17:58:58] /r
[19/08/2012 17:58:59] /r
[19/08/2012 17:59:00] /r
[19/08/2012 17:59:01] /r
[19/08/2012 17:59:03] /r
[19/08/2012 17:59:04] /r
[19/08/2012 17:59:08] /i 407
[19/08/2012 17:59:09] /i 407
[19/08/2012 17:59:10] /i 407
[19/08/2012 17:59:11] /i 407
[19/08/2012 17:59:12] /i 407
[19/08/2012 17:59:13] /i 407
[19/08/2012 17:59:14] /i 407
[19/08/2012 17:59:15] /i 407
[19/08/2012 17:59:16] /i 407
[19/08/2012 17:59:16] /i 407
[19/08/2012 17:59:16] /i 407
[19/08/2012 17:59:17] /i 407
[19/08/2012 17:59:17] /i 407
[19/08/2012 17:59:17] /i 407
[19/08/2012 17:59:18] /i 407
[19/08/2012 17:59:18] /i 407
[19/08/2012 17:59:26] /m gran tower
[19/08/2012 17:59:27] /m gran tower
[19/08/2012 17:59:28] /m gran tower
[19/08/2012 17:59:29] /m gran tower
[19/08/2012 17:59:30] /m gran tower
[19/08/2012 17:59:31] /r
[19/08/2012 17:59:32] /r
[19/08/2012 17:59:33] /r
[19/08/2012 17:59:34] /r
[19/08/2012 17:59:40] /s barrier
[24/08/2012 23:14:07] /goto darkness
[24/08/2012 23:25:41] /goto barrier
[24/08/2012 23:26:27] /goto darkness
[24/08/2012 23:28:49] /i 1547
[24/08/2012 23:28:51] /r
[24/08/2012 23:28:52] /r
[24/08/2012 23:28:54] /i 1547
[24/08/2012 23:37:07] /goto gran tower
[24/08/2012 23:37:48] /a 15
[24/08/2012 23:39:11] /goto darkness
[24/08/2012 23:40:10] /i backpack
[24/08/2012 23:40:16] /i magic wall rune
[24/08/2012 23:40:28] /r
[24/08/2012 23:40:58] /i magic wall rune
[24/08/2012 23:41:01] /i sudden death rune
[24/08/2012 23:41:43] /i gold coin
[24/08/2012 23:41:55] /i magic wall rune
[24/08/2012 23:42:04] /i crate
[24/08/2012 23:42:05] /i crate
[24/08/2012 23:42:05] /i crate
[24/08/2012 23:42:06] /i crate
[24/08/2012 23:42:15] /i magic wall rune
[24/08/2012 23:43:01] /a 8
[24/08/2012 23:43:03] /a 2
[24/08/2012 23:43:07] /a 2
[24/08/2012 23:43:12] /a 2
[24/08/2012 23:43:15] /a 2
[24/08/2012 23:43:16] /s demon
[24/08/2012 23:43:22] /s demon
[24/08/2012 23:43:29] /s demon
[24/08/2012 23:43:35] /s demon
[24/08/2012 23:43:43] /s demon
[24/08/2012 23:44:01] /a 5
[24/08/2012 23:44:07] /t
[24/08/2012 23:44:10] /i 1387
[24/08/2012 23:44:18] /attr position 492 243 11
[24/08/2012 23:56:29] /goto darkness
[24/08/2012 23:56:33] /s training monk
[24/08/2012 23:56:35] /r
[24/08/2012 23:56:36] /s training monk
[24/08/2012 23:56:46] /r
[24/08/2012 23:56:47] /r
[24/08/2012 23:56:50] /s training monk
[24/08/2012 23:56:52] /s training monk
[24/08/2012 23:56:53] /s training monk
[24/08/2012 23:56:53] /s training monk
[24/08/2012 23:56:55] /r
[24/08/2012 23:56:56] /r
[24/08/2012 23:56:57] /r
[24/08/2012 23:57:17] /s training monk
[24/08/2012 23:57:19] /r
[24/08/2012 23:57:19] /s training monk
[24/08/2012 23:57:21] /r
[24/08/2012 23:57:22] /s training monk
[24/08/2012 23:57:25] /s training monk
[24/08/2012 23:57:25] /s training monk
[24/08/2012 23:57:26] /s training monk
[24/08/2012 23:57:30] /r
[24/08/2012 23:57:31] /r
[25/08/2012 19:41:06] /goto hero
[25/08/2012 19:41:07] /up
[25/08/2012 19:41:10] /a 50
[25/08/2012 19:41:42] /a 5
[25/08/2012 19:41:42] /a 5
[25/08/2012 19:41:43] /a 5
[25/08/2012 19:41:44] /a 5
[25/08/2012 19:41:47] /a 5
[25/08/2012 19:47:38] /a 50
[25/08/2012 19:47:41] /goto darkness
[25/08/2012 22:08:05] /t
[25/08/2012 22:08:10] /m darkness
[25/08/2012 22:11:49] /m darkness
[25/08/2012 22:11:56] /m darkness
[25/08/2012 22:12:30] /m darkness
[25/08/2012 22:14:09] /m gran tower
[25/08/2012 22:16:24] /m gran tower
[25/08/2012 22:19:42] /m gran tower
[25/08/2012 22:19:45] /m gran tower
[25/08/2012 22:22:01] /m gran tower
[25/08/2012 22:22:41] /m gran tower
[25/08/2012 22:24:31] /m gran tower
[25/08/2012 22:26:43] /m gran tower
[25/08/2012 22:26:46] /m gran tower
[26/08/2012 02:27:37] /r
[26/08/2012 02:29:07] /m gran tower
[26/08/2012 02:33:55] /goto barrier
[26/08/2012 03:04:34] /npc melkrapo
[26/08/2012 03:05:09] /npc melkrapo
[26/08/2012 03:12:54] /r
[26/08/2012 03:12:55] /r
[26/08/2012 03:12:58] /npc melkrapo
[26/08/2012 03:25:34] /npc melkrapo
[26/08/2012 03:25:41] /npc melkrapo
[26/08/2012 03:25:44] /npc furious
[26/08/2012 03:25:47] /npc Melkrapo
[26/08/2012 03:27:01] /npc Melkrapo
[26/08/2012 03:29:16] /npc melkrapo
[26/08/2012 03:30:56] /npc melkrapo
[26/08/2012 03:30:58] /npc melkrapo
[26/08/2012 03:30:58] /npc melkrapo
[26/08/2012 03:31:00] /npc Melkrapo
[26/08/2012 03:31:32] /npc melkrapo
[26/08/2012 03:31:34] /npc melkrapo
[26/08/2012 03:31:38] /npc melkrapo
[26/08/2012 03:32:43] /npc melkrapo
[26/08/2012 03:34:47] /npc melkrapo
[26/08/2012 03:34:48] /npc melkrapo
[26/08/2012 03:34:48] /npc melkrapo
[26/08/2012 03:34:49] /npc melkrapo
[26/08/2012 03:35:26] /npc melkrapo
[26/08/2012 03:35:29] /r
[26/08/2012 03:35:41] /r
[26/08/2012 03:35:42] /npc melkrapo
[26/08/2012 03:35:43] /npc melkrapo
[26/08/2012 03:36:57] /npc melkrapo
[26/08/2012 03:38:02] /npc melkrapo
[26/08/2012 03:38:04] /npc melkrapo
[26/08/2012 03:38:07] /npc frodo
[26/08/2012 03:38:08] /npc melkrapo
[26/08/2012 03:40:42] /npc melkrapo
[26/08/2012 03:40:43] /npc melkrapo
[26/08/2012 03:41:17] /npc melkrapo
[26/08/2012 03:53:05] /templo
[26/08/2012 03:58:56] /templo
[26/08/2012 04:22:41] /r
[26/08/2012 04:23:13] /i 1515
[27/08/2012 19:55:02] /t
[27/08/2012 19:55:08] /m gran tower
[27/08/2012 19:55:10] /m gran tower
[27/08/2012 19:55:19] /m Gran Tower
[27/08/2012 19:55:22] /goto gran tower
[27/08/2012 19:55:55] /goto gran tower
[27/08/2012 19:55:57] /m Gran Tower
[27/08/2012 19:57:16] /m Gran Tower
[27/08/2012 19:57:19] /s rat
[27/08/2012 19:58:23] /m Gran Tower
[27/08/2012 19:58:24] /s rat
[27/08/2012 19:58:26] /s rat
[27/08/2012 19:58:28] /s demon
[28/08/2012 23:08:55] /m training monk
[28/08/2012 23:09:04] /i 8858
[28/08/2012 23:09:19] /i 7438
[28/08/2012 23:09:51] /i 8858
[28/08/2012 23:26:04] /m training monk
[28/08/2012 23:35:12] /npc vip promote seller
[30/08/2012 22:35:49] /m unholy statue
[30/08/2012 22:35:56] /i 1487
[30/08/2012 22:36:00] /i angel statue
[30/08/2012 22:36:02] /r
[30/08/2012 22:36:23] /i slain human
[30/08/2012 22:36:31] /i treasure chest
[30/08/2012 22:36:36] /i coffin
[30/08/2012 22:38:30] /i 3008
[30/08/2012 22:38:40] /i dead cobra
[30/08/2012 22:38:46] /i slain cobra
[30/08/2012 22:38:50] /m cobra
[30/08/2012 22:39:03] /m smuggler
[30/08/2012 22:39:30] /clean
[30/08/2012 22:39:31] /r
[30/08/2012 22:39:32] /r
[30/08/2012 22:39:34] /r
[30/08/2012 22:39:37] /m unholy statue
[30/08/2012 22:40:00] /r
[30/08/2012 22:40:00] /m unholy statue
[30/08/2012 22:40:08] /s demon
[30/08/2012 22:40:24] /s training monk
[30/08/2012 22:51:52] /i 2160
[30/08/2012 23:17:09] /s diablo
[30/08/2012 23:17:12] /m diablo
[30/08/2012 23:17:37] /m diablo
[30/08/2012 23:17:54] /r
[30/08/2012 23:17:55] /m diablo
[30/08/2012 23:18:11] /s training monk
[30/08/2012 23:18:21] /r
[30/08/2012 23:19:39] /s demon
[30/08/2012 23:19:44] /s training monk
[30/08/2012 23:37:54] /s diablo
[30/08/2012 23:37:58] /m training monk
[30/08/2012 23:41:29] /m diablo
[30/08/2012 23:41:30] /m diablo
[30/08/2012 23:41:30] /m diablo
[30/08/2012 23:43:57] /m diablo
[30/08/2012 23:43:57] /m diablo
[30/08/2012 23:43:57] /m diablo
[30/08/2012 23:43:58] /m diablo
[30/08/2012 23:44:34] /m diablo
[30/08/2012 23:44:34] /m diablo
[30/08/2012 23:44:35] /m diablo
[31/08/2012 04:11:47] /m mestre raikatu
[31/08/2012 04:11:51] /npc mestre raikatu
[31/08/2012 04:12:10] /r
[31/08/2012 04:12:11] /npc mestre raikatu
[31/08/2012 04:12:36] /npc mestre raikatu
[31/08/2012 04:12:39] /r
[31/08/2012 04:13:07] /npc mestre raikatu
[31/08/2012 04:13:29] /npc mestre raikatu
[31/08/2012 04:13:32] /r
[31/08/2012 04:13:33] /r
[31/08/2012 04:13:50] /r
[31/08/2012 04:13:51] /npc mestre raikatu
[31/08/2012 04:14:24] /npc mestre raikatu
[31/08/2012 04:14:46] /r
[31/08/2012 04:14:47] /r
[31/08/2012 04:14:48] /npc mestre raikatu
[31/08/2012 04:15:27] /newtype 134
[31/08/2012 04:16:24] /a 
[31/08/2012 04:16:24] /r
[31/08/2012 04:16:29] /npc johnny
[31/08/2012 04:16:30] /npc johnny
[31/08/2012 04:16:31] /a
[31/08/2012 04:16:50] /r
[31/08/2012 04:16:51] /r
[31/08/2012 04:16:53] /r
[31/08/2012 04:16:54] /r
[31/08/2012 04:16:55] /r
[31/08/2012 04:16:56] /r
[31/08/2012 04:16:59] /npc johnny
[31/08/2012 04:17:52] /npc johnny
[31/08/2012 04:17:54] /npc johnny
[31/08/2012 04:17:55] /npc johnny
[31/08/2012 04:17:58] /a 2
[31/08/2012 04:17:59] /r
[31/08/2012 04:18:00] /r
[31/08/2012 04:18:37] /a 2
[31/08/2012 04:18:50] /r
[31/08/2012 04:18:52] /r
[31/08/2012 04:18:54] /r
[31/08/2012 04:18:56] /r
[31/08/2012 04:18:58] /r
[31/08/2012 04:19:00] /r
[31/08/2012 04:19:05] /r
[31/08/2012 04:19:07] /r
[31/08/2012 04:19:09] /r
[31/08/2012 04:19:11] /r
[31/08/2012 04:19:13] /r
[31/08/2012 04:19:16] /r
[31/08/2012 04:19:19] /r
[31/08/2012 04:19:21] /r
[31/08/2012 04:19:24] /r
[31/08/2012 04:19:26] /r
[31/08/2012 04:21:57] /s diablo
[31/08/2012 04:24:46] /r
[31/08/2012 04:24:50] /s diablo
[31/08/2012 04:26:01] /r
[31/08/2012 04:26:02] /s diablo
[31/08/2012 04:30:24] /t
[31/08/2012 04:42:02] /i blue gem
[31/08/2012 04:46:52] /i blue gem
[31/08/2012 04:46:55] /i blue gem
[31/08/2012 04:49:43] /i blue gem
[31/08/2012 04:49:44] /i blue gem
[31/08/2012 04:49:45] /i blue gem
[31/08/2012 04:49:46] /i blue gem
[31/08/2012 04:49:46] /i blue gem
[31/08/2012 04:49:47] /i blue gem
[31/08/2012 04:49:47] /i blue gem
[01/09/2012 01:06:46] /i blue gem
[01/09/2012 01:06:46] /i blue gem
[01/09/2012 01:06:47] /i blue gem
[01/09/2012 01:06:47] /i blue gem
[01/09/2012 01:06:48] /i blue gem
[01/09/2012 01:06:48] /i blue gem
[01/09/2012 01:06:48] /i blue gem
[01/09/2012 01:06:49] /i blue gem
[01/09/2012 01:07:27] /npc mestre raikatu
[01/09/2012 02:06:32] /m infernatil
[01/09/2012 02:21:21] /addskill Blazing Rod, level
[01/09/2012 02:21:25] /addskill Blazing Rod, level
[01/09/2012 02:21:26] /addskill Blazing Rod, level
[01/09/2012 02:21:29] /i green gem
[01/09/2012 02:25:57] /npc mestre raikatu
[01/09/2012 02:36:44] /i green gem
[01/09/2012 02:36:45] /i green gem
[01/09/2012 02:36:45] /i green gem
[01/09/2012 20:11:11] /changenick [ADM] Moon, Oi
[01/09/2012 20:12:26] /changenick [ADM] Moon, Oi
[01/09/2012 20:12:41] /changenick Oi, [ADM] Moon
[01/09/2012 20:16:30] /changenick Oi, [ADM] Moon
[01/09/2012 20:17:25] /changenick [ADM] Moon, Oi
[01/09/2012 20:18:02] /changenick Oi, [ADM] Moon
[01/09/2012 20:19:44] /changenick [ADM] Moon, Oi
[01/09/2012 20:19:52] /changenick Aaaa, [ADM] Moon
[01/09/2012 20:21:32] /information [ADM] Moon
[01/09/2012 20:21:53] /information [ADM] Moon
[01/09/2012 20:24:41] /changenick Oi, [ADM] Moon
[01/09/2012 20:25:18] /changenick Oi, [ADM] Moon
[01/09/2012 20:26:29] /changenick Oi, [ADM] Moon
[01/09/2012 20:28:25] /changenick Oi, [ADM] Moon
[01/09/2012 20:31:33] /changenick Oi, [ADM] Moon
[01/09/2012 20:31:37] /changenick Oi, [ADM] Moon
[01/09/2012 20:31:59] /changenick Oi, Raining Bow
[01/09/2012 20:32:44] /changenick Oi, Zherhol
[01/09/2012 20:33:46] /changenick Oi, Zherhol
[01/09/2012 20:34:46] /changenick Oi, Zherhol
[01/09/2012 20:36:48] /changenick Oi, Zherhol
[01/09/2012 20:37:19] /changenick Oi, Zherhol
[01/09/2012 20:38:48] /changenick Oi, [ADM] Moon
[01/09/2012 20:39:43] /changenick Oi, [ADM] Moon
[01/09/2012 20:40:41] /changenick Oi, [ADM] Moon
[01/09/2012 20:41:14] /changenick Oi, [ADM] Moon
[01/09/2012 20:41:40] /changenick Oi, [ADM] Moon
[01/09/2012 20:44:04] /changenick Oi, [ADM] Moon
[01/09/2012 20:49:36] /information [ADM] Moon
[01/09/2012 20:54:16] /newtype 4893843, ksaosk
[01/09/2012 20:54:23] /newtype 1856
[01/09/2012 21:00:54] /changerk [ADM] Moon
[01/09/2012 21:03:18] /save
[03/09/2012 04:07:47] /fake demon
[03/09/2012 04:08:03] /m training monk
[03/09/2012 04:08:08] /s rat
[03/09/2012 04:08:42] /fake demon
[03/09/2012 04:08:44] /fake demon
[03/09/2012 04:08:51] /fake Demon
[03/09/2012 04:09:36] /fake Demon
[03/09/2012 04:10:53] /fake Demon
[03/09/2012 04:10:57] /fake Demon
[03/09/2012 04:11:30] /fake Demon
[03/09/2012 04:12:10] /fake darkness
[03/09/2012 04:12:36] /fake darkness
[03/09/2012 04:12:39] /fake darkness
[03/09/2012 04:12:55] /fake darkness
[03/09/2012 04:14:28] /fake darkness
[03/09/2012 04:14:44] /fake darkness
[03/09/2012 04:15:11] /fake darkness
[03/09/2012 04:15:54] /fake darkness
[03/09/2012 04:17:36] /fake darkness
[03/09/2012 04:17:50] /fake darkness
[03/09/2012 04:18:03] /fake darkness
[03/09/2012 04:18:12] /fake darkness
[03/09/2012 04:18:21] /s training monk
[03/09/2012 04:19:00] /fake darkness
[03/09/2012 04:19:03] /fake darkness
[03/09/2012 04:19:11] /fake darkness
[03/09/2012 04:20:16] /fake darkness
[03/09/2012 04:20:18] /fake darkness
[03/09/2012 04:20:20] /fake darkness
[03/09/2012 04:20:22] /fake darkness
[03/09/2012 04:21:53] /fake darkness
[03/09/2012 04:21:59] /fake darkness
[03/09/2012 04:22:38] /fake darkness
[03/09/2012 04:22:58] /fake darkness
[03/09/2012 04:23:06] /s training monk
[03/09/2012 04:23:09] /fake darkness
[03/09/2012 04:23:30] /fake darkness
[03/09/2012 04:23:48] /fake darkness
[03/09/2012 04:25:35] /fake darkness
[03/09/2012 04:26:55] /fake darkness
[03/09/2012 04:26:59] /fake darkness
[03/09/2012 04:27:46] /fake darkness
[03/09/2012 04:27:54] /fake darkness
[03/09/2012 04:27:57] /s demon
[03/09/2012 04:28:01] /fake darkness
[03/09/2012 04:29:23] /fake darkness
[03/09/2012 04:31:22] /fake darkness
[03/09/2012 04:31:26] /fake darkness
[03/09/2012 04:31:28] /fake darkness
[03/09/2012 04:31:29] /fake darkness
[03/09/2012 04:33:51] /fake darkness
[03/09/2012 04:34:20] /fake darkness
[03/09/2012 04:34:44] /fake darkness
[03/09/2012 04:35:42] /fake darkness
[03/09/2012 04:35:44] /fake darkness
[03/09/2012 04:36:26] /fake darkness
[03/09/2012 04:36:32] /s dog
[03/09/2012 04:36:34] /fake darkness
[03/09/2012 04:36:47] /s training monk
[03/09/2012 04:36:51] /fake dark warlock
[03/09/2012 04:36:58] /fake dark warlock
[03/09/2012 04:37:01] /fake dark warlock
[03/09/2012 04:37:04] /fake dark warlock
[03/09/2012 04:37:25] /fake dark warlock
[03/09/2012 04:37:29] /fake dark warlock
[03/09/2012 04:37:35] /z 0
[03/09/2012 04:37:37] /z 1
[03/09/2012 04:37:38] /z 2
[03/09/2012 04:37:40] /z 49
[03/09/2012 04:37:43] /z 50
[03/09/2012 04:37:44] /z 51
[03/09/2012 04:37:45] /z 52
[03/09/2012 04:37:46] /z 53
[03/09/2012 04:37:48] /z 54
[03/09/2012 04:37:49] /z 55
[03/09/2012 04:37:52] /z 56
[03/09/2012 04:37:53] /z 57
[03/09/2012 04:37:55] /z 58
[03/09/2012 04:37:57] /z 59
[03/09/2012 04:37:59] /z 60
[03/09/2012 04:38:00] /z 61
[03/09/2012 04:38:02] /z 62
[03/09/2012 04:38:03] /z 63
[03/09/2012 04:38:04] /z 64
[03/09/2012 04:38:05] /z 65
[03/09/2012 04:38:07] /z 66
[03/09/2012 04:38:35] /fake demon
[03/09/2012 04:38:38] /fake demon
[03/09/2012 04:38:53] /fake demon
[03/09/2012 04:39:00] /fake demon
[03/09/2012 04:39:12] /fake demon
[03/09/2012 04:39:16] /fake demon
[03/09/2012 04:39:19] /fake demon
[03/09/2012 04:39:23] /fake demon
[03/09/2012 04:40:40] /fake demon
[03/09/2012 04:40:47] /fake demon
[03/09/2012 04:40:53] /fake demon
[03/09/2012 04:41:00] /fake demon
[03/09/2012 04:41:31] /clean
[03/09/2012 04:41:34] /clean
[03/09/2012 04:41:37] /fake demon
[03/09/2012 04:41:40] /fake demon
[03/09/2012 04:41:48] /fake apocalypse
[03/09/2012 04:41:53] /fake apocalypse
[03/09/2012 04:44:05] /fake apocalypse
[03/09/2012 04:44:14] /i elvish bow
[03/09/2012 04:44:17] /i elvish bow
[03/09/2012 04:44:31] /fake apocalypse
[03/09/2012 04:45:41] /fake apocalypse
[03/09/2012 04:45:56] /fake apocalypse
[03/09/2012 04:46:31] /fake apocalypse
[03/09/2012 04:46:51] /fake apocalypse
[03/09/2012 04:47:03] /fake apocalypse
[03/09/2012 04:47:06] /fake apocalypse
[03/09/2012 04:47:19] /fake apocalypse
[03/09/2012 04:47:24] /fake apocalypse
[03/09/2012 04:48:10] /clean
[03/09/2012 04:48:19] /fake apocalypse
[03/09/2012 04:49:30] /fake apocalypse
[03/09/2012 04:50:42] /fake apocalypse
[03/09/2012 04:50:47] /fake apocalypse
[03/09/2012 04:51:33] /fake apocalypse
[03/09/2012 04:53:12] /fake apocalypse
[03/09/2012 04:53:17] /fake apocalypse
[03/09/2012 04:55:33] /fake apocalypse
[03/09/2012 04:55:57] /fake apocalypse
[03/09/2012 04:58:09] /fake apocalypse
[03/09/2012 04:58:18] /fake apocalypse
[03/09/2012 20:30:56] /fake demon
[03/09/2012 20:31:27] /fake demon
[03/09/2012 20:31:48] /fake demon
[03/09/2012 20:32:05] /fake kosaksoaks
[03/09/2012 20:32:11] /s skaoskaoskas
[03/09/2012 20:32:33] /s skaoskaoskas
[03/09/2012 20:37:51] /fake demon
[03/09/2012 20:39:25] /fake demon
[03/09/2012 20:40:31] /fake demon
