[18/01/2014 09:47:23] /goto ice golen
[18/01/2014 09:47:25] /goto ice golem
[18/01/2014 09:47:31] /goto ice tiran
[18/01/2014 09:47:33] /goto ice titan
[18/01/2014 09:50:52] /t
[18/01/2014 09:54:10] /newtype 86
[18/01/2014 09:54:13] /newtype 88
[18/01/2014 09:54:16] /newtype 87
[18/01/2014 09:54:17] /newtype 87
[18/01/2014 09:54:26] /newtype 87
[18/01/2014 09:54:28] /newtype 88
[18/01/2014 09:54:30] /newtype 87
[18/01/2014 09:54:31] /newtype 86
[18/01/2014 09:54:32] /newtype 85
[18/01/2014 09:54:35] /newtype 88
[18/01/2014 09:54:36] /newtype 89
[18/01/2014 09:54:39] /newtype 90
[18/01/2014 09:54:40] /newtype 90
[18/01/2014 09:54:43] /newtype 91
[18/01/2014 09:54:49] /newtype 87
[18/01/2014 09:54:51] /newtype 92
[18/01/2014 09:54:54] /newtype 91
[18/01/2014 09:54:56] /newtype 92
[18/01/2014 09:54:56] /newtype 93
[18/01/2014 09:54:57] /newtype 94
[18/01/2014 09:54:58] /newtype 95
[18/01/2014 09:55:00] /newtype 96
[18/01/2014 09:55:00] /newtype 97
[18/01/2014 09:55:01] /newtype 98
[18/01/2014 09:55:03] /newtype 100
[18/01/2014 09:55:04] /newtype 101
[18/01/2014 09:55:05] /newtype 102
[18/01/2014 09:55:06] /newtype 103
[18/01/2014 09:55:07] /newtype 104
[18/01/2014 09:55:08] /newtype 105
[18/01/2014 09:55:11] /newtype 90
[18/01/2014 09:55:34] /newtype 86
[18/01/2014 09:55:36] /newtype 87
[18/01/2014 09:55:46] /newtype 87
[18/01/2014 09:55:56] /newtype 90
[18/01/2014 09:56:08] /newtype 84
[18/01/2014 09:56:19] /newtype 85
[18/01/2014 09:56:43] /newtype 89
[18/01/2014 09:56:45] /newtype 88
[18/01/2014 09:57:08] /goto thalas
[18/01/2014 09:57:30] /goto thalas
[18/01/2014 09:57:50] /goto thalas
[18/01/2014 09:58:54] /a 1
[18/01/2014 10:00:14] /goto ashmunrah
[18/01/2014 10:01:15] /goto thalas
[18/01/2014 10:01:52] /i 1987
[18/01/2014 10:01:57] /i 1987
[18/01/2014 10:05:32] /goto ashmunrah
[18/01/2014 10:08:10] /goto thalas
[19/01/2014 16:57:54] /t
[19/01/2014 17:27:26] /a 50
[19/01/2014 17:27:27] /a 50
[19/01/2014 17:27:28] /a 50
[19/01/2014 17:27:28] /a 50
[19/01/2014 17:27:29] /a 50
[19/01/2014 17:27:29] /a 50
[19/01/2014 17:27:30] /a 50
[19/01/2014 17:27:33] /a 10
[19/01/2014 17:27:33] /a 10
[19/01/2014 17:27:34] /a 10
[19/01/2014 17:27:34] /a 10
[19/01/2014 17:27:35] /a 10
[19/01/2014 17:27:35] /a 10
[19/01/2014 17:27:36] /a 10
[19/01/2014 17:27:37] /a 50
[19/01/2014 17:27:37] /a 50
[19/01/2014 17:28:21] /up
[19/01/2014 17:28:36] /up
[19/01/2014 17:28:38] /up
[19/01/2014 17:28:52] /up
[19/01/2014 17:28:52] /up
[19/01/2014 17:28:55] /a 10
[19/01/2014 17:28:56] /a 10
[19/01/2014 17:28:57] /a 10
[19/01/2014 17:29:21] /down
[19/01/2014 17:30:03] /t
[19/01/2014 17:50:35] /a 100
[19/01/2014 17:50:36] /a 100
[19/01/2014 17:50:37] /a 100
[19/01/2014 17:50:39] /a 100
[19/01/2014 17:50:40] /a 100
[19/01/2014 17:50:41] /a 100
[19/01/2014 17:50:43] /a 10
[19/01/2014 17:50:44] /a 10
[19/01/2014 17:50:44] /a 10
[19/01/2014 17:50:45] /a 10
[19/01/2014 17:50:45] /a 10
[19/01/2014 17:50:46] /a 10
[19/01/2014 17:50:46] /a 10
[19/01/2014 17:50:47] /a 10
[19/01/2014 17:50:48] /a 10
[19/01/2014 17:51:03] /up
[19/01/2014 17:51:48] /goto thalas
[19/01/2014 17:52:47] /goto thalas
[19/01/2014 17:52:48] /t
[19/01/2014 18:01:18] /goto thalas
[19/01/2014 18:04:38] /t
[19/01/2014 18:04:44] /up
[19/01/2014 18:04:45] /up
[19/01/2014 18:04:45] /up
[19/01/2014 18:04:48] /r
[19/01/2014 18:11:42] /t
[27/01/2014 18:15:22] /t
[27/01/2014 18:15:27] /i 2432
[27/01/2014 18:15:32] /i 2342
[27/01/2014 18:58:08] /i 7891
[27/01/2014 19:12:37] /addskill Plaar, lvl 1
[27/01/2014 19:12:38] /addskill Plaar, lvl 1
[27/01/2014 19:12:38] /addskill Plaar, lvl 1
[27/01/2014 19:12:38] /addskill Plaar, lvl 1
[27/01/2014 19:12:38] /addskill Plaar, lvl 1
[27/01/2014 19:12:38] /addskill Plaar, lvl 1
[27/01/2014 19:12:38] /addskill Plaar, lvl 1
[27/01/2014 19:12:38] /addskill Plaar, lvl 1
[27/01/2014 19:12:38] /addskill Plaar, lvl 1
[27/01/2014 19:12:38] /addskill Plaar, lvl 1
[27/01/2014 19:12:38] /addskill Plaar, lvl 1
[27/01/2014 19:12:38] /addskill Plaar, lvl 1
[27/01/2014 19:12:38] /addskill Plaar, lvl 1
[27/01/2014 19:12:38] /addskill Plaar, lvl 1
[27/01/2014 19:12:38] /addskill Plaar, lvl 1
[27/01/2014 19:12:38] /addskill Plaar, lvl 1
[27/01/2014 19:12:38] /addskill Plaar, lvl 1
[27/01/2014 19:12:38] /addskill Plaar, lvl 1
[27/01/2014 19:12:38] /addskill Plaar, lvl 1
[27/01/2014 19:12:38] /addskill Plaar, lvl 1
[27/01/2014 19:12:38] /addskill Plaar, lvl 1
[27/01/2014 19:12:38] /addskill Plaar, lvl 1
[27/01/2014 19:12:38] /addskill Plaar, lvl 1
[27/01/2014 19:12:39] /addskill Plaar, lvl 1
[27/01/2014 19:12:39] /addskill Plaar, lvl 1
[27/01/2014 19:12:39] /addskill Plaar, lvl 1
[27/01/2014 19:12:39] /addskill Plaar, lvl 1
[27/01/2014 19:12:39] /addskill Plaar, lvl 1
[27/01/2014 19:12:39] /addskill Plaar, lvl 1
[27/01/2014 19:12:39] /addskill Plaar, lvl 1
[27/01/2014 19:12:39] /addskill Plaar, lvl 1
[27/01/2014 19:12:39] /addskill Plaar, lvl 1
[27/01/2014 19:12:39] /addskill Plaar, lvl 1
[27/01/2014 19:12:39] /addskill Plaar, lvl 1
[27/01/2014 19:12:39] /addskill Plaar, lvl 1
[27/01/2014 19:12:39] /addskill Plaar, lvl 1
[27/01/2014 19:12:39] /addskill Plaar, lvl 1
[27/01/2014 19:12:39] /addskill Plaar, lvl 1
[27/01/2014 19:12:39] /addskill Plaar, lvl 1
[27/01/2014 19:12:39] /addskill Plaar, lvl 1
[27/01/2014 19:12:39] /addskill Plaar, lvl 1
[27/01/2014 19:12:39] /addskill Plaar, lvl 1
[27/01/2014 19:12:39] /addskill Plaar, lvl 1
[27/01/2014 19:12:39] /addskill Plaar, lvl 1
[27/01/2014 19:12:39] /addskill Plaar, lvl 1
[27/01/2014 19:12:39] /addskill Plaar, lvl 1
[27/01/2014 19:12:39] /addskill Plaar, lvl 1
[27/01/2014 19:12:39] /addskill Plaar, lvl 1
[27/01/2014 19:12:39] /addskill Plaar, lvl 1
[27/01/2014 19:12:39] /addskill Plaar, lvl 1
[27/01/2014 19:12:39] /addskill Plaar, lvl 1
[27/01/2014 19:12:39] /addskill Plaar, lvl 1
[27/01/2014 19:12:39] /addskill Plaar, lvl 1
[27/01/2014 19:12:40] /addskill Plaar, lvl 1
[27/01/2014 19:12:40] /addskill Plaar, lvl 1
[27/01/2014 19:12:40] /addskill Plaar, lvl 1
[27/01/2014 19:12:40] /addskill Plaar, lvl 1
[27/01/2014 19:12:40] /addskill Plaar, lvl 1
[27/01/2014 19:12:40] /addskill Plaar, lvl 1
[27/01/2014 19:12:40] /addskill Plaar, lvl 1
[27/01/2014 19:12:40] /addskill Plaar, lvl 1
[27/01/2014 19:12:40] /addskill Plaar, lvl 1
[27/01/2014 19:12:40] /addskill Plaar, lvl 1
[27/01/2014 19:12:40] /addskill Plaar, lvl 1
[27/01/2014 19:12:40] /addskill Plaar, lvl 1
[27/01/2014 19:12:40] /addskill Plaar, lvl 1
[27/01/2014 19:12:40] /addskill Plaar, lvl 1
[27/01/2014 19:12:40] /addskill Plaar, lvl 1
[27/01/2014 19:12:40] /addskill Plaar, lvl 1
[27/01/2014 19:12:40] /addskill Plaar, lvl 1
[27/01/2014 19:12:40] /addskill Plaar, lvl 1
[27/01/2014 19:12:40] /addskill Plaar, lvl 1
[27/01/2014 19:12:40] /addskill Plaar, lvl 1
[27/01/2014 19:12:40] /addskill Plaar, lvl 1
[27/01/2014 19:12:40] /addskill Plaar, lvl 1
[27/01/2014 19:12:40] /addskill Plaar, lvl 1
[27/01/2014 19:12:40] /addskill Plaar, lvl 1
[27/01/2014 19:12:40] /addskill Plaar, lvl 1
[27/01/2014 19:12:40] /addskill Plaar, lvl 1
[27/01/2014 19:12:40] /addskill Plaar, lvl 1
[27/01/2014 19:12:40] /addskill Plaar, lvl 1
[27/01/2014 19:12:41] /addskill Plaar, lvl 1
[27/01/2014 19:12:41] /addskill Plaar, lvl 1
[27/01/2014 19:12:41] /addskill Plaar, lvl 1
[27/01/2014 19:12:41] /addskill Plaar, lvl 1
[27/01/2014 19:12:41] /addskill Plaar, lvl 1
[27/01/2014 19:12:41] /addskill Plaar, lvl 1
[27/01/2014 19:12:41] /addskill Plaar, lvl 1
[27/01/2014 19:12:41] /addskill Plaar, lvl 1
[27/01/2014 19:12:41] /addskill Plaar, lvl 1
[27/01/2014 19:12:41] /addskill Plaar, lvl 1
[27/01/2014 19:12:41] /addskill Plaar, lvl 1
[27/01/2014 19:12:41] /addskill Plaar, lvl 1
[27/01/2014 19:12:41] /addskill Plaar, lvl 1
[27/01/2014 19:12:41] /addskill Plaar, lvl 1
[27/01/2014 19:12:41] /addskill Plaar, lvl 1
[27/01/2014 19:12:41] /addskill Plaar, lvl 1
[27/01/2014 19:12:41] /addskill Plaar, lvl 1
[27/01/2014 19:12:42] /addskill Plaar, lvl 1
[27/01/2014 19:12:42] /addskill Plaar, lvl 1
[27/01/2014 19:12:42] /addskill Plaar, lvl 1
[27/01/2014 19:12:42] /addskill Plaar, lvl 1
[27/01/2014 19:12:42] /addskill Plaar, lvl 1
[27/01/2014 19:12:42] /addskill Plaar, lvl 1
[27/01/2014 19:12:42] /addskill Plaar, lvl 1
[27/01/2014 19:12:42] /addskill Plaar, lvl 1
[27/01/2014 19:12:42] /addskill Plaar, lvl 1
[27/01/2014 19:12:42] /addskill Plaar, lvl 1
[27/01/2014 19:12:42] /addskill Plaar, lvl 1
[27/01/2014 19:12:42] /addskill Plaar, lvl 1
[27/01/2014 19:12:42] /addskill Plaar, lvl 1
[27/01/2014 19:12:42] /addskill Plaar, lvl 1
[27/01/2014 19:12:42] /addskill Plaar, lvl 1
[27/01/2014 19:12:42] /addskill Plaar, lvl 1
[27/01/2014 19:12:42] /addskill Plaar, lvl 1
[27/01/2014 19:12:42] /addskill Plaar, lvl 1
[27/01/2014 19:12:42] /addskill Plaar, lvl 1
[27/01/2014 19:12:42] /addskill Plaar, lvl 1
[27/01/2014 19:12:42] /addskill Plaar, lvl 1
[27/01/2014 19:12:42] /addskill Plaar, lvl 1
[27/01/2014 19:12:42] /addskill Plaar, lvl 1
[27/01/2014 19:12:42] /addskill Plaar, lvl 1
[27/01/2014 19:12:42] /addskill Plaar, lvl 1
[27/01/2014 19:12:42] /addskill Plaar, lvl 1
[27/01/2014 19:12:42] /addskill Plaar, lvl 1
[27/01/2014 19:12:42] /addskill Plaar, lvl 1
[27/01/2014 19:12:43] /addskill Plaar, lvl 1
[27/01/2014 19:12:43] /addskill Plaar, lvl 1
[27/01/2014 19:12:43] /addskill Plaar, lvl 1
[27/01/2014 19:12:43] /addskill Plaar, lvl 1
[27/01/2014 19:12:43] /addskill Plaar, lvl 1
[27/01/2014 19:12:43] /addskill Plaar, lvl 1
[27/01/2014 19:12:43] /addskill Plaar, lvl 1
[27/01/2014 19:12:43] /addskill Plaar, lvl 1
[27/01/2014 19:12:43] /addskill Plaar, lvl 1
[27/01/2014 19:12:43] /addskill Plaar, lvl 1
