[07/01/2014 13:06:19] /ghost
[07/01/2014 13:07:52] /t
[07/01/2014 13:08:44] /bat
[07/01/2014 13:08:56] /ghost
[07/01/2014 13:08:57] /ghost
[07/01/2014 13:10:16] /t
[07/01/2014 13:12:40] /t
[07/01/2014 13:15:51] /goto hydra
[07/01/2014 13:15:56] /t
[07/01/2014 13:17:02] /goto ferrunbras
[07/01/2014 13:17:11] /goto ice titam
[07/01/2014 13:17:14] /goto ice titan
[07/01/2014 13:17:20] /goto hero
[07/01/2014 13:17:50] /t
[07/01/2014 13:23:49] /ghost
[07/01/2014 13:24:19] /goto cyclops
[07/01/2014 13:24:28] /goto dragon
[07/01/2014 13:24:34] /t
[07/01/2014 13:27:22] /a 30
[07/01/2014 13:27:23] /a 30
[07/01/2014 13:27:25] /a 30
[07/01/2014 13:27:30] /a 30
[07/01/2014 13:27:32] /a 30
[07/01/2014 13:27:37] /a 30
[07/01/2014 13:27:38] /a 30
[07/01/2014 13:27:40] /a 30
[07/01/2014 13:27:41] /a 30
[07/01/2014 13:27:43] /a 30
[07/01/2014 13:27:45] /a 30
[07/01/2014 13:27:47] /t
