[07/01/2014 13:21:31] /ghost
[07/01/2014 13:22:04] /bat
[07/01/2014 13:31:39] /bat
[07/01/2014 13:32:24] /ghost
[07/01/2014 13:36:25] /ghost
[07/01/2014 13:36:28] /bat
[07/01/2014 13:43:23] /m exp bug
[07/01/2014 13:43:28] /i staff maluka
[07/01/2014 13:43:35] /m demon
[07/01/2014 13:43:52] /r
[07/01/2014 13:43:54] /r
[07/01/2014 13:44:27] /goto dragon
[07/01/2014 13:46:03] /goto [god] yin
[07/01/2014 13:56:10] /goto yukina
[07/01/2014 13:57:59] /ghost
[07/01/2014 13:58:15] /goto [god] yin
[07/01/2014 13:58:21] /bat
[07/01/2014 13:59:39] /goto dragon
[07/01/2014 14:00:14] /c yukina
[07/01/2014 14:01:20] /m dragon
[07/01/2014 14:01:29] /m dragon
[07/01/2014 14:01:33] /m dragon
[07/01/2014 14:01:46] /m dragon lord
[07/01/2014 14:01:54] /m dragon lord
[07/01/2014 14:01:54] /m dragon lord
[07/01/2014 14:02:07] /m demon
[07/01/2014 14:02:46] /c yukina
[07/01/2014 14:03:07] /m dragon lord
[07/01/2014 14:03:09] /m dragon lord
[07/01/2014 14:03:17] /m dragon lord
[07/01/2014 14:05:15] /goto [god] yin
[07/01/2014 14:05:23] /i 2123
[07/01/2014 14:05:28] /i 2161
[07/01/2014 14:05:33] /i 2160
[07/01/2014 14:05:35] /i 2160
[07/01/2014 14:05:35] /i 2160
[07/01/2014 14:05:58] /goto [god] yin
[07/01/2014 14:06:01] /goto [god] yin
[07/01/2014 14:06:08] /goto [god] yin
[07/01/2014 14:06:19] /a
[07/01/2014 14:06:27] /goto [god] yin
[07/01/2014 14:06:29] /goto [god] yin
[07/01/2014 14:06:30] /goto [god] yin
[07/01/2014 14:06:49] /goto [god] yin
[07/01/2014 14:06:57] /a
[07/01/2014 14:07:02] /a
[07/01/2014 14:07:02] /a
[07/01/2014 14:07:02] /a
[07/01/2014 14:07:02] /a
[07/01/2014 14:07:02] /a
[07/01/2014 14:07:02] /a
[07/01/2014 14:07:02] /a
[07/01/2014 14:07:02] /a
[07/01/2014 14:07:02] /a
[07/01/2014 14:07:02] /a
[07/01/2014 14:07:04] /a
[07/01/2014 14:07:05] /a
[07/01/2014 14:07:05] /a
[07/01/2014 14:07:05] /a
[07/01/2014 14:07:05] /a
[07/01/2014 14:07:05] /a
[07/01/2014 14:07:05] /a
[07/01/2014 14:07:05] /a
[07/01/2014 14:07:05] /a
[07/01/2014 14:07:05] /a
[07/01/2014 14:07:05] /a
[07/01/2014 14:07:05] /a
[07/01/2014 14:07:05] /a
[07/01/2014 14:07:05] /a
[07/01/2014 14:07:05] /a
[07/01/2014 14:07:05] /a
[07/01/2014 14:07:05] /a
[07/01/2014 14:07:05] /a
[07/01/2014 14:07:05] /a
[07/01/2014 14:07:06] /a
[07/01/2014 14:07:06] /a
[07/01/2014 14:07:06] /a
[07/01/2014 14:07:06] /a
[07/01/2014 14:07:06] /a
[07/01/2014 14:07:06] /a
[07/01/2014 14:07:06] /a
[07/01/2014 14:07:06] /a
[07/01/2014 14:07:06] /a
[07/01/2014 14:07:08] /a
[07/01/2014 14:07:09] /a
[07/01/2014 14:07:09] /a
[07/01/2014 14:07:09] /a
[07/01/2014 14:07:09] /a
[07/01/2014 14:07:09] /a
[07/01/2014 14:07:09] /a
[07/01/2014 14:07:09] /a
[07/01/2014 14:07:09] /a
[07/01/2014 14:07:09] /a
[07/01/2014 14:07:09] /a
[07/01/2014 14:07:09] /a
[07/01/2014 14:07:09] /a
[07/01/2014 14:07:09] /a
[07/01/2014 14:07:09] /a
[07/01/2014 14:07:09] /a
[07/01/2014 14:07:09] /a
[07/01/2014 14:07:09] /a
[07/01/2014 14:07:09] /a
[07/01/2014 14:07:09] /a
[07/01/2014 14:07:09] /a
[07/01/2014 14:07:09] /a
[07/01/2014 14:07:10] /a
[07/01/2014 14:07:10] /a
[07/01/2014 14:07:10] /a
[07/01/2014 14:07:10] /a
[07/01/2014 14:07:10] /a
[07/01/2014 14:07:10] /a
[07/01/2014 14:07:10] /a
[07/01/2014 14:07:16] /a
[07/01/2014 14:07:17] /a
[07/01/2014 14:07:18] /a
[07/01/2014 14:07:18] /a
[07/01/2014 14:07:19] /a
[07/01/2014 14:07:19] /a
[07/01/2014 14:07:20] /a
[07/01/2014 14:07:20] /a
[07/01/2014 14:07:20] /a
[07/01/2014 14:07:20] /a
[07/01/2014 14:07:20] /a
[07/01/2014 14:07:20] /a
[07/01/2014 14:07:20] /a
[07/01/2014 14:07:20] /a
[07/01/2014 14:07:20] /a
[07/01/2014 14:07:20] /a
[07/01/2014 14:07:20] /a
[07/01/2014 14:07:20] /a
[07/01/2014 14:07:20] /a
[07/01/2014 14:07:20] /a
[07/01/2014 14:07:21] /a
[07/01/2014 14:07:21] /a
[07/01/2014 14:07:21] /a
[07/01/2014 14:07:21] /a
[07/01/2014 14:07:21] /a
[07/01/2014 14:07:21] /a
[07/01/2014 14:07:21] /a
[07/01/2014 14:07:27] /goto [god] yin
[07/01/2014 14:07:32] /goto yukina
[07/01/2014 14:07:37] /t
[07/01/2014 14:08:25] /goto yukina
[07/01/2014 14:08:28] /goto [god] yin
[07/01/2014 14:10:05] /clean
[07/01/2014 14:13:35] /t
[07/01/2014 14:15:30] /t
[07/01/2014 14:21:26] /i 2158
[07/01/2014 14:23:53] /goto [god] yin
[07/01/2014 14:24:05] /m mutant angel
[07/01/2014 14:24:11] /c yukina
[07/01/2014 14:24:21] /ghost
[07/01/2014 14:25:10] /ghost
[07/01/2014 14:25:29] /goto [god] yin
[07/01/2014 14:25:35] /a
[07/01/2014 14:25:42] /goto [GOD] Yin
[07/01/2014 14:25:58] /ghost
[07/01/2014 14:26:01] /bat
[07/01/2014 14:27:06] /up
[07/01/2014 14:27:20] /goto [GOD] Yin
[07/01/2014 14:27:52] /bat
[07/01/2014 14:29:20] /ghost
[07/01/2014 14:29:36] /goto [god] yin
[07/01/2014 14:30:17] /ghost
[07/01/2014 14:30:20] /ghost
[07/01/2014 14:32:49] /ghost
[07/01/2014 14:33:05] /i 2160
[07/01/2014 14:33:05] /i 2160
[07/01/2014 14:33:06] /i 2160
[07/01/2014 14:33:06] /i 2160
[07/01/2014 14:33:06] /i 2160
[07/01/2014 14:33:07] /i 2160
[07/01/2014 14:33:32] /i 2160
[07/01/2014 14:33:32] /i 2160
[07/01/2014 14:33:33] /i 2160
[07/01/2014 14:33:33] /i 2160
[07/01/2014 14:39:20] /ghost
[07/01/2014 14:39:25] /goto demon
[07/01/2014 14:40:12] /goto dragon
[07/01/2014 14:40:17] /c yukina
[08/01/2014 19:50:55] /t
[08/01/2014 19:51:11] /b ei reseta o ot
[08/01/2014 19:51:21] /b o top é lvl 700 e pouco é demais
[08/01/2014 19:53:41] /ghost
[08/01/2014 19:53:43] /bat
[08/01/2014 19:53:52] /bat
[08/01/2014 19:53:55] /ghost
[08/01/2014 19:55:07] /ghost
[08/01/2014 19:55:13] /a
[08/01/2014 19:55:39] /owner paladin of full
[08/01/2014 19:57:46] /a
[08/01/2014 19:57:50] /a 10
[08/01/2014 19:57:51] /a 10
[08/01/2014 19:57:53] /a 10
[08/01/2014 19:57:54] /a 10
[08/01/2014 19:57:56] /a 10
[08/01/2014 19:57:57] /a 10
[08/01/2014 19:57:57] /a 10
[08/01/2014 19:59:15] /m gran tower
[08/01/2014 19:59:19] /ghost
[08/01/2014 20:00:03] /i sword
[08/01/2014 20:00:15] /attr attack 99999
[08/01/2014 20:00:44] /goto gran tower
[08/01/2014 20:08:51] /goto sorcerer
[08/01/2014 20:08:54] /t
[08/01/2014 20:09:05] /b ualas ta ai?
[08/01/2014 20:09:11] /up
[08/01/2014 20:09:15] /up
[08/01/2014 20:09:16] /up
[08/01/2014 20:09:19] /up
[08/01/2014 20:09:22] /t
[08/01/2014 20:10:58] /attr attack 999999
[08/01/2014 20:11:12] /attr def 99999
[08/01/2014 20:11:18] /attr defense 9999999
