[23/12/2012 19:41:12] /bat
[25/12/2012 16:13:02] /a
[25/12/2012 16:13:03] /a
[25/12/2012 16:13:27] /a
[25/12/2012 16:13:30] /a
[25/12/2012 16:13:31] /a
[25/12/2012 16:13:32] /a
[27/12/2012 13:04:11] /n backpack
[27/12/2012 13:04:20] /i backpack
[27/12/2012 13:04:21] /i backpack
[27/12/2012 13:04:22] /i backpack
[27/12/2012 13:04:40] /i winger helmet
[27/12/2012 13:04:49] /i arcane staff
[27/12/2012 13:04:55] /i arcane staff
[27/12/2012 13:04:56] /i arcane staff
[27/12/2012 13:04:56] /i arcane staff
[27/12/2012 13:05:08] /i golden legs
[27/12/2012 13:05:09] /i golden legs
[27/12/2012 13:05:18] /i boots of haste
[27/12/2012 13:05:20] /i boots of haste
[27/12/2012 13:05:21] /i boots of haste
[27/12/2012 13:05:27] /i 2160
[27/12/2012 13:05:28] /i 2160
[27/12/2012 13:05:28] /i 2160
[28/12/2012 12:45:01] /a 50
[28/12/2012 12:45:09] /a 50
[28/12/2012 12:45:12] /a 50
[28/12/2012 12:45:14] /a 50
[28/12/2012 12:45:15] /a 50
[28/12/2012 12:45:16] /a 50
[28/12/2012 12:45:17] /a 50
[28/12/2012 12:45:18] /a 50
[28/12/2012 12:45:18] /a 50
[28/12/2012 12:45:23] /a 50
[28/12/2012 12:45:24] /a 50
[28/12/2012 12:45:28] /a 50
[28/12/2012 12:45:29] /a 50
[28/12/2012 12:45:32] /a 50
[28/12/2012 12:45:33] /a 50
[28/12/2012 12:45:34] /a 50
[28/12/2012 12:45:35] /a 50
[28/12/2012 12:47:26] /a 70
[28/12/2012 12:47:29] /a 70
[28/12/2012 12:47:38] /a 10
[28/12/2012 12:47:41] /a 10
[28/12/2012 12:47:51] /a 20
[28/12/2012 12:47:55] /a 20
[28/12/2012 12:47:57] /a 20
[28/12/2012 12:48:00] /a 20
[28/12/2012 12:48:02] /a 20
[28/12/2012 12:48:09] /a 20
[28/12/2012 12:48:10] /a 20
[28/12/2012 12:49:48] /addskill Jackie Chan, lvl 1
[28/12/2012 12:49:49] /addskill Jackie Chan, lvl 1
[28/12/2012 12:49:50] /addskill Jackie Chan, lvl 1
[28/12/2012 12:49:50] /addskill Jackie Chan, lvl 1
[28/12/2012 12:49:56] /addskill Jackie Chan, lvl 1
[28/12/2012 12:49:57] /addskill Jackie Chan, lvl 1
[28/12/2012 12:49:57] /addskill Jackie Chan, lvl 1
[28/12/2012 12:49:57] /addskill Jackie Chan, lvl 1
[28/12/2012 12:49:57] /addskill Jackie Chan, lvl 1
[28/12/2012 12:49:57] /addskill Jackie Chan, lvl 1
[28/12/2012 12:49:58] /addskill Jackie Chan, lvl 1
[28/12/2012 12:49:58] /addskill Jackie Chan, lvl 1
[28/12/2012 12:49:58] /addskill Jackie Chan, lvl 1
[28/12/2012 12:49:58] /addskill Jackie Chan, lvl 1
[28/12/2012 12:49:58] /addskill Jackie Chan, lvl 1
[28/12/2012 12:49:58] /addskill Jackie Chan, lvl 1
[28/12/2012 12:49:58] /addskill Jackie Chan, lvl 1
[28/12/2012 12:49:59] /addskill Jackie Chan, lvl 1
[28/12/2012 12:49:59] /addskill Jackie Chan, lvl 1
[28/12/2012 12:49:59] /addskill Jackie Chan, lvl 1
[28/12/2012 12:50:00] /addskill Jackie Chan, lvl 1
[28/12/2012 12:50:00] /addskill Jackie Chan, lvl 1
[28/12/2012 12:50:01] /addskill Jackie Chan, lvl 1
[28/12/2012 12:50:01] /addskill Jackie Chan, lvl 1
[28/12/2012 12:50:02] /addskill Jackie Chan, lvl 1
[28/12/2012 12:50:02] /addskill Jackie Chan, lvl 1
[28/12/2012 12:50:02] /addskill Jackie Chan, lvl 1
[28/12/2012 12:50:02] /addskill Jackie Chan, lvl 1
[28/12/2012 12:50:02] /addskill Jackie Chan, lvl 1
[28/12/2012 12:50:03] /addskill Jackie Chan, lvl 1
[28/12/2012 12:50:03] /addskill Jackie Chan, lvl 1
[28/12/2012 12:50:03] /addskill Jackie Chan, lvl 1
[28/12/2012 12:50:03] /addskill Jackie Chan, lvl 1
[28/12/2012 12:50:03] /addskill Jackie Chan, lvl 1
[28/12/2012 12:50:03] /addskill Jackie Chan, lvl 1
[28/12/2012 12:50:14] /addskill Jackie Chan, lvl 20
[28/12/2012 12:50:18] /t
[28/12/2012 12:50:33] /addskill Jackie Chan, lvl 20
[28/12/2012 12:50:34] /addskill Jackie Chan, lvl 20
[28/12/2012 12:50:34] /addskill Jackie Chan, lvl 20
[28/12/2012 12:50:34] /addskill Jackie Chan, lvl 20
[28/12/2012 12:50:34] /addskill Jackie Chan, lvl 20
[28/12/2012 12:50:34] /addskill Jackie Chan, lvl 20
[28/12/2012 12:50:34] /addskill Jackie Chan, lvl 20
[28/12/2012 12:50:34] /addskill Jackie Chan, lvl 20
[28/12/2012 12:50:35] /addskill Jackie Chan, lvl 20
[28/12/2012 12:50:35] /addskill Jackie Chan, lvl 20
[28/12/2012 12:50:35] /addskill Jackie Chan, lvl 20
[28/12/2012 12:50:35] /addskill Jackie Chan, lvl 20
[28/12/2012 12:50:35] /addskill Jackie Chan, lvl 20
[28/12/2012 12:50:35] /addskill Jackie Chan, lvl 20
[28/12/2012 12:50:36] /addskill Jackie Chan, lvl 20
[28/12/2012 12:50:36] /addskill Jackie Chan, lvl 20
[28/12/2012 12:50:36] /addskill Jackie Chan, lvl 20
[28/12/2012 12:50:36] /addskill Jackie Chan, lvl 20
[28/12/2012 12:50:36] /addskill Jackie Chan, lvl 20
[28/12/2012 12:50:36] /addskill Jackie Chan, lvl 20
[28/12/2012 12:50:36] /addskill Jackie Chan, lvl 20
[28/12/2012 12:50:36] /addskill Jackie Chan, lvl 20
[28/12/2012 12:50:36] /addskill Jackie Chan, lvl 20
[28/12/2012 12:50:36] /addskill Jackie Chan, lvl 20
[28/12/2012 12:50:36] /addskill Jackie Chan, lvl 20
[28/12/2012 12:50:36] /addskill Jackie Chan, lvl 20
[28/12/2012 12:50:36] /addskill Jackie Chan, lvl 20
[28/12/2012 12:50:36] /addskill Jackie Chan, lvl 20
[28/12/2012 12:50:36] /addskill Jackie Chan, lvl 20
[28/12/2012 12:50:36] /addskill Jackie Chan, lvl 20
[28/12/2012 12:50:37] /addskill Jackie Chan, lvl 20
[28/12/2012 12:50:37] /addskill Jackie Chan, lvl 20
[28/12/2012 12:50:37] /addskill Jackie Chan, lvl 20
[28/12/2012 12:50:37] /addskill Jackie Chan, lvl 20
[28/12/2012 12:50:37] /addskill Jackie Chan, lvl 20
[28/12/2012 12:50:37] /addskill Jackie Chan, lvl 20
[28/12/2012 12:50:38] /addskill Jackie Chan, lvl 20
[28/12/2012 12:50:38] /addskill Jackie Chan, lvl 20
[28/12/2012 12:50:38] /addskill Jackie Chan, lvl 20
[28/12/2012 12:50:38] /addskill Jackie Chan, lvl 20
[28/12/2012 12:50:38] /addskill Jackie Chan, lvl 20
[28/12/2012 12:50:38] /addskill Jackie Chan, lvl 20
[28/12/2012 12:50:38] /addskill Jackie Chan, lvl 20
[28/12/2012 12:50:38] /addskill Jackie Chan, lvl 20
[28/12/2012 12:50:38] /addskill Jackie Chan, lvl 20
[28/12/2012 12:50:38] /addskill Jackie Chan, lvl 20
[28/12/2012 12:50:38] /addskill Jackie Chan, lvl 20
[28/12/2012 12:50:39] /addskill Jackie Chan, lvl 20
[28/12/2012 12:50:39] /addskill Jackie Chan, lvl 20
[28/12/2012 12:50:39] /addskill Jackie Chan, lvl 20
[28/12/2012 12:50:39] /addskill Jackie Chan, lvl 20
[28/12/2012 12:50:39] /addskill Jackie Chan, lvl 20
[28/12/2012 12:50:39] /addskill Jackie Chan, lvl 20
[28/12/2012 12:50:39] /addskill Jackie Chan, lvl 20
[28/12/2012 12:50:39] /addskill Jackie Chan, lvl 20
[28/12/2012 12:50:40] /addskill Jackie Chan, lvl 20
[28/12/2012 12:50:40] /addskill Jackie Chan, lvl 20
[28/12/2012 12:50:58] /addskill Jackie Chan, lvl 1000
[28/12/2012 12:50:59] /addskill Jackie Chan, lvl 1000
[28/12/2012 12:50:59] /addskill Jackie Chan, lvl 1000
[28/12/2012 12:50:59] /addskill Jackie Chan, lvl 1000
[28/12/2012 12:50:59] /addskill Jackie Chan, lvl 1000
[28/12/2012 12:50:59] /addskill Jackie Chan, lvl 1000
[28/12/2012 12:50:59] /addskill Jackie Chan, lvl 1000
[28/12/2012 12:50:59] /addskill Jackie Chan, lvl 1000
[28/12/2012 12:50:59] /addskill Jackie Chan, lvl 1000
[28/12/2012 12:50:59] /addskill Jackie Chan, lvl 1000
[28/12/2012 12:50:59] /addskill Jackie Chan, lvl 1000
[28/12/2012 12:51:00] /addskill Jackie Chan, lvl 1000
[28/12/2012 12:51:00] /addskill Jackie Chan, lvl 1000
[28/12/2012 12:51:00] /addskill Jackie Chan, lvl 1000
[28/12/2012 12:51:00] /addskill Jackie Chan, lvl 1000
[28/12/2012 12:51:00] /addskill Jackie Chan, lvl 1000
[28/12/2012 12:51:00] /addskill Jackie Chan, lvl 1000
[28/12/2012 12:51:00] /addskill Jackie Chan, lvl 1000
[28/12/2012 12:51:00] /addskill Jackie Chan, lvl 1000
[28/12/2012 12:51:00] /addskill Jackie Chan, lvl 1000
[28/12/2012 12:51:01] /addskill Jackie Chan, lvl 1000
[28/12/2012 12:51:01] /addskill Jackie Chan, lvl 1000
[28/12/2012 12:51:01] /addskill Jackie Chan, lvl 1000
[28/12/2012 12:51:01] /addskill Jackie Chan, lvl 1000
[28/12/2012 12:51:01] /addskill Jackie Chan, lvl 1000
[28/12/2012 12:51:01] /addskill Jackie Chan, lvl 1000
[28/12/2012 12:51:01] /addskill Jackie Chan, lvl 1000
[28/12/2012 12:51:02] /addskill Jackie Chan, lvl 1000
[28/12/2012 12:51:02] /addskill Jackie Chan, lvl 1000
[28/12/2012 12:51:02] /addskill Jackie Chan, lvl 1000
[28/12/2012 12:51:02] /addskill Jackie Chan, lvl 1000
[28/12/2012 12:51:02] /addskill Jackie Chan, lvl 1000
[28/12/2012 12:51:02] /addskill Jackie Chan, lvl 1000
[28/12/2012 12:51:02] /addskill Jackie Chan, lvl 1000
[28/12/2012 12:51:02] /addskill Jackie Chan, lvl 1000
[28/12/2012 12:51:03] /addskill Jackie Chan, lvl 1000
[28/12/2012 12:51:03] /addskill Jackie Chan, lvl 1000
[28/12/2012 12:51:03] /addskill Jackie Chan, lvl 1000
[28/12/2012 12:51:03] /addskill Jackie Chan, lvl 1000
[28/12/2012 12:51:03] /addskill Jackie Chan, lvl 1000
[28/12/2012 12:51:03] /addskill Jackie Chan, lvl 1000
[28/12/2012 12:51:03] /addskill Jackie Chan, lvl 1000
[28/12/2012 12:51:03] /addskill Jackie Chan, lvl 1000
[28/12/2012 12:51:04] /addskill Jackie Chan, lvl 1000
[28/12/2012 12:51:04] /addskill Jackie Chan, lvl 1000
[28/12/2012 12:51:04] /addskill Jackie Chan, lvl 1000
[28/12/2012 12:51:04] /addskill Jackie Chan, lvl 1000
[28/12/2012 12:51:04] /addskill Jackie Chan, lvl 1000
[28/12/2012 12:51:04] /addskill Jackie Chan, lvl 1000
[28/12/2012 12:51:04] /addskill Jackie Chan, lvl 1000
[28/12/2012 12:51:05] /addskill Jackie Chan, lvl 1000
[28/12/2012 12:51:05] /addskill Jackie Chan, lvl 1000
[28/12/2012 12:51:05] /addskill Jackie Chan, lvl 1000
[28/12/2012 12:51:05] /addskill Jackie Chan, lvl 1000
[28/12/2012 12:51:05] /addskill Jackie Chan, lvl 1000
[28/12/2012 12:51:05] /addskill Jackie Chan, lvl 1000
[28/12/2012 12:51:05] /addskill Jackie Chan, lvl 1000
[28/12/2012 12:51:05] /addskill Jackie Chan, lvl 1000
[28/12/2012 12:51:05] /addskill Jackie Chan, lvl 1000
[28/12/2012 12:51:05] /addskill Jackie Chan, lvl 1000
[28/12/2012 12:51:06] /addskill Jackie Chan, lvl 1000
[28/12/2012 12:51:06] /addskill Jackie Chan, lvl 1000
[28/12/2012 12:51:06] /addskill Jackie Chan, lvl 1000
[28/12/2012 12:51:06] /addskill Jackie Chan, lvl 1000
[28/12/2012 12:51:06] /addskill Jackie Chan, lvl 1000
[28/12/2012 12:51:06] /addskill Jackie Chan, lvl 1000
[28/12/2012 12:51:06] /addskill Jackie Chan, lvl 1000
[28/12/2012 12:51:06] /addskill Jackie Chan, lvl 1000
[28/12/2012 12:51:07] /addskill Jackie Chan, lvl 1000
[28/12/2012 12:51:07] /addskill Jackie Chan, lvl 1000
[28/12/2012 12:51:07] /addskill Jackie Chan, lvl 1000
[28/12/2012 12:51:07] /addskill Jackie Chan, lvl 1000
[28/12/2012 12:51:07] /addskill Jackie Chan, lvl 1000
[28/12/2012 12:51:07] /addskill Jackie Chan, lvl 1000
[28/12/2012 12:51:08] /addskill Jackie Chan, lvl 1000
[28/12/2012 12:51:08] /addskill Jackie Chan, lvl 1000
[28/12/2012 12:51:08] /addskill Jackie Chan, lvl 1000
[28/12/2012 12:51:08] /addskill Jackie Chan, lvl 1000
[28/12/2012 12:51:08] /addskill Jackie Chan, lvl 1000
[28/12/2012 12:51:08] /addskill Jackie Chan, lvl 1000
[28/12/2012 12:51:08] /addskill Jackie Chan, lvl 1000
[28/12/2012 12:51:08] /addskill Jackie Chan, lvl 1000
[28/12/2012 12:51:08] /addskill Jackie Chan, lvl 1000
[28/12/2012 12:51:09] /addskill Jackie Chan, lvl 1000
[28/12/2012 12:51:09] /addskill Jackie Chan, lvl 1000
[28/12/2012 12:51:09] /addskill Jackie Chan, lvl 1000
[28/12/2012 12:51:09] /addskill Jackie Chan, lvl 1000
[28/12/2012 12:51:09] /addskill Jackie Chan, lvl 1000
[28/12/2012 12:51:09] /addskill Jackie Chan, lvl 1000
[28/12/2012 12:51:09] /addskill Jackie Chan, lvl 1000
[28/12/2012 12:51:09] /addskill Jackie Chan, lvl 1000
[28/12/2012 12:51:09] /addskill Jackie Chan, lvl 1000
[28/12/2012 12:51:09] /addskill Jackie Chan, lvl 1000
[28/12/2012 12:51:10] /addskill Jackie Chan, lvl 1000
[28/12/2012 12:51:10] /addskill Jackie Chan, lvl 1000
[28/12/2012 12:51:10] /addskill Jackie Chan, lvl 1000
[28/12/2012 12:51:10] /addskill Jackie Chan, lvl 1000
[28/12/2012 12:51:10] /addskill Jackie Chan, lvl 1000
[28/12/2012 12:51:10] /addskill Jackie Chan, lvl 1000
[28/12/2012 12:51:10] /addskill Jackie Chan, lvl 1000
[28/12/2012 12:51:10] /addskill Jackie Chan, lvl 1000
[28/12/2012 12:51:11] /addskill Jackie Chan, lvl 1000
[28/12/2012 12:51:11] /addskill Jackie Chan, lvl 1000
[28/12/2012 12:51:11] /addskill Jackie Chan, lvl 1000
[28/12/2012 12:51:11] /addskill Jackie Chan, lvl 1000
[28/12/2012 12:51:11] /addskill Jackie Chan, lvl 1000
[28/12/2012 12:51:11] /addskill Jackie Chan, lvl 1000
[28/12/2012 12:51:11] /addskill Jackie Chan, lvl 1000
[28/12/2012 12:51:11] /addskill Jackie Chan, lvl 1000
[28/12/2012 12:51:12] /addskill Jackie Chan, lvl 1000
[28/12/2012 12:51:12] /addskill Jackie Chan, lvl 1000
[28/12/2012 12:51:12] /addskill Jackie Chan, lvl 1000
[28/12/2012 12:51:12] /addskill Jackie Chan, lvl 1000
[28/12/2012 12:51:12] /addskill Jackie Chan, lvl 1000
[28/12/2012 12:51:13] /addskill Jackie Chan, lvl 1000
[28/12/2012 12:51:13] /addskill Jackie Chan, lvl 1000
[28/12/2012 12:51:13] /addskill Jackie Chan, lvl 1000
[28/12/2012 12:51:13] /addskill Jackie Chan, lvl 1000
[28/12/2012 12:51:13] /addskill Jackie Chan, lvl 1000
[28/12/2012 12:51:13] /addskill Jackie Chan, lvl 1000
[28/12/2012 12:51:13] /addskill Jackie Chan, lvl 1000
[28/12/2012 12:51:13] /addskill Jackie Chan, lvl 1000
[28/12/2012 12:51:14] /addskill Jackie Chan, lvl 1000
[28/12/2012 12:51:14] /addskill Jackie Chan, lvl 1000
[28/12/2012 12:51:14] /addskill Jackie Chan, lvl 1000
[28/12/2012 12:51:14] /addskill Jackie Chan, lvl 1000
[28/12/2012 12:51:14] /addskill Jackie Chan, lvl 1000
[28/12/2012 12:51:14] /addskill Jackie Chan, lvl 1000
[28/12/2012 12:51:14] /addskill Jackie Chan, lvl 1000
[28/12/2012 12:51:14] /addskill Jackie Chan, lvl 1000
[28/12/2012 12:51:14] /addskill Jackie Chan, lvl 1000
[28/12/2012 12:51:15] /addskill Jackie Chan, lvl 1000
[28/12/2012 12:51:15] /addskill Jackie Chan, lvl 1000
[28/12/2012 12:51:15] /addskill Jackie Chan, lvl 1000
[28/12/2012 12:51:15] /addskill Jackie Chan, lvl 1000
[28/12/2012 12:51:15] /addskill Jackie Chan, lvl 1000
[28/12/2012 12:51:15] /addskill Jackie Chan, lvl 1000
[28/12/2012 12:51:15] /addskill Jackie Chan, lvl 1000
[28/12/2012 12:51:15] /addskill Jackie Chan, lvl 1000
[28/12/2012 12:51:15] /addskill Jackie Chan, lvl 1000
[28/12/2012 12:51:15] /addskill Jackie Chan, lvl 1000
[28/12/2012 12:51:16] /addskill Jackie Chan, lvl 1000
[28/12/2012 12:51:16] /addskill Jackie Chan, lvl 1000
[28/12/2012 12:51:16] /addskill Jackie Chan, lvl 1000
[28/12/2012 12:51:16] /addskill Jackie Chan, lvl 1000
[28/12/2012 12:51:16] /addskill Jackie Chan, lvl 1000
[28/12/2012 12:51:16] /addskill Jackie Chan, lvl 1000
[28/12/2012 12:51:16] /addskill Jackie Chan, lvl 1000
[28/12/2012 12:51:16] /addskill Jackie Chan, lvl 1000
[28/12/2012 12:51:17] /addskill Jackie Chan, lvl 1000
[28/12/2012 12:51:17] /addskill Jackie Chan, lvl 1000
[28/12/2012 12:51:17] /addskill Jackie Chan, lvl 1000
[28/12/2012 12:51:17] /addskill Jackie Chan, lvl 1000
[28/12/2012 12:51:17] /addskill Jackie Chan, lvl 1000
[28/12/2012 12:51:18] /addskill Jackie Chan, lvl 1000
[28/12/2012 12:51:18] /addskill Jackie Chan, lvl 1000
[28/12/2012 12:51:18] /addskill Jackie Chan, lvl 1000
[28/12/2012 12:51:18] /addskill Jackie Chan, lvl 1000
[28/12/2012 12:51:19] /addskill Jackie Chan, lvl 1000
[28/12/2012 12:51:19] /addskill Jackie Chan, lvl 1000
[28/12/2012 12:51:19] /addskill Jackie Chan, lvl 1000
[28/12/2012 12:51:19] /addskill Jackie Chan, lvl 1000
[28/12/2012 12:51:19] /addskill Jackie Chan, lvl 1000
[28/12/2012 12:51:20] /addskill Jackie Chan, lvl 1000
[28/12/2012 12:51:20] /addskill Jackie Chan, lvl 1000
[28/12/2012 12:51:20] /addskill Jackie Chan, lvl 1000
[28/12/2012 12:51:20] /addskill Jackie Chan, lvl 1000
[28/12/2012 12:51:20] /addskill Jackie Chan, lvl 1000
[28/12/2012 12:51:20] /addskill Jackie Chan, lvl 1000
[28/12/2012 12:51:21] /addskill Jackie Chan, lvl 1000
[28/12/2012 12:51:21] /addskill Jackie Chan, lvl 1000
[28/12/2012 12:51:21] /addskill Jackie Chan, lvl 1000
[28/12/2012 12:51:21] /addskill Jackie Chan, lvl 1000
[28/12/2012 12:51:21] /addskill Jackie Chan, lvl 1000
[28/12/2012 12:51:22] /addskill Jackie Chan, lvl 1000
[28/12/2012 12:51:22] /addskill Jackie Chan, lvl 1000
[28/12/2012 12:51:22] /addskill Jackie Chan, lvl 1000
[28/12/2012 12:51:23] /addskill Jackie Chan, lvl 1000
[28/12/2012 12:51:23] /addskill Jackie Chan, lvl 1000
[28/12/2012 12:51:23] /addskill Jackie Chan, lvl 1000
[28/12/2012 12:51:23] /addskill Jackie Chan, lvl 1000
[28/12/2012 12:51:23] /addskill Jackie Chan, lvl 1000
[28/12/2012 12:51:23] /addskill Jackie Chan, lvl 1000
[28/12/2012 12:51:23] /addskill Jackie Chan, lvl 1000
[28/12/2012 12:51:24] /addskill Jackie Chan, lvl 1000
[28/12/2012 12:51:24] /addskill Jackie Chan, lvl 1000
[28/12/2012 12:51:24] /addskill Jackie Chan, lvl 1000
[28/12/2012 12:51:24] /addskill Jackie Chan, lvl 1000
[28/12/2012 12:51:26] /addskill Jackie Chan, lvl 1000
[28/12/2012 12:51:26] /addskill Jackie Chan, lvl 1000
[28/12/2012 12:51:26] /addskill Jackie Chan, lvl 1000
[28/12/2012 12:51:26] /addskill Jackie Chan, lvl 1000
[28/12/2012 12:51:26] /addskill Jackie Chan, lvl 1000
[28/12/2012 12:51:26] /addskill Jackie Chan, lvl 1000
[28/12/2012 12:51:26] /addskill Jackie Chan, lvl 1000
[28/12/2012 12:51:26] /addskill Jackie Chan, lvl 1000
[28/12/2012 12:51:26] /addskill Jackie Chan, lvl 1000
[28/12/2012 12:51:26] /addskill Jackie Chan, lvl 1000
[28/12/2012 12:51:26] /addskill Jackie Chan, lvl 1000
[28/12/2012 12:51:26] /addskill Jackie Chan, lvl 1000
[28/12/2012 12:51:27] /addskill Jackie Chan, lvl 1000
[28/12/2012 12:51:27] /addskill Jackie Chan, lvl 1000
[28/12/2012 12:51:27] /addskill Jackie Chan, lvl 1000
[28/12/2012 12:51:27] /addskill Jackie Chan, lvl 1000
[28/12/2012 12:51:27] /addskill Jackie Chan, lvl 1000
[28/12/2012 12:51:27] /addskill Jackie Chan, lvl 1000
[28/12/2012 12:51:27] /addskill Jackie Chan, lvl 1000
[28/12/2012 12:51:27] /addskill Jackie Chan, lvl 1000
[28/12/2012 12:51:28] /addskill Jackie Chan, lvl 1000
[28/12/2012 12:51:28] /addskill Jackie Chan, lvl 1000
[28/12/2012 12:51:28] /addskill Jackie Chan, lvl 1000
[28/12/2012 12:51:28] /addskill Jackie Chan, lvl 1000
[28/12/2012 12:51:28] /addskill Jackie Chan, lvl 1000
[28/12/2012 12:51:28] /addskill Jackie Chan, lvl 1000
[28/12/2012 12:51:28] /addskill Jackie Chan, lvl 1000
[28/12/2012 12:51:28] /addskill Jackie Chan, lvl 1000
[28/12/2012 12:51:28] /addskill Jackie Chan, lvl 1000
[28/12/2012 12:51:29] /addskill Jackie Chan, lvl 1000
[28/12/2012 12:51:29] /addskill Jackie Chan, lvl 1000
[28/12/2012 12:51:29] /addskill Jackie Chan, lvl 1000
[28/12/2012 12:51:29] /addskill Jackie Chan, lvl 1000
[28/12/2012 12:51:29] /addskill Jackie Chan, lvl 1000
[28/12/2012 12:51:29] /addskill Jackie Chan, lvl 1000
[28/12/2012 12:51:29] /addskill Jackie Chan, lvl 1000
[28/12/2012 12:51:29] /addskill Jackie Chan, lvl 1000
[28/12/2012 12:51:29] /addskill Jackie Chan, lvl 1000
[28/12/2012 12:51:29] /addskill Jackie Chan, lvl 1000
[28/12/2012 12:51:29] /addskill Jackie Chan, lvl 1000
[28/12/2012 12:51:30] /addskill Jackie Chan, lvl 1000
[28/12/2012 12:51:30] /addskill Jackie Chan, lvl 1000
[28/12/2012 12:51:30] /addskill Jackie Chan, lvl 1000
[28/12/2012 12:51:30] /addskill Jackie Chan, lvl 1000
[28/12/2012 12:51:31] /addskill Jackie Chan, lvl 1000
[28/12/2012 12:51:31] /addskill Jackie Chan, lvl 1000
[28/12/2012 12:51:31] /addskill Jackie Chan, lvl 1000
[28/12/2012 12:51:31] /addskill Jackie Chan, lvl 1000
[28/12/2012 12:51:32] /addskill Jackie Chan, lvl 1000
[28/12/2012 12:51:32] /addskill Jackie Chan, lvl 1000
[28/12/2012 12:51:32] /addskill Jackie Chan, lvl 1000
[28/12/2012 12:51:32] /addskill Jackie Chan, lvl 1000
[28/12/2012 12:51:32] /addskill Jackie Chan, lvl 1000
[28/12/2012 12:51:33] /addskill Jackie Chan, lvl 1000
[28/12/2012 12:51:33] /addskill Jackie Chan, lvl 1000
[28/12/2012 12:51:33] /addskill Jackie Chan, lvl 1000
[28/12/2012 12:51:33] /addskill Jackie Chan, lvl 1000
[28/12/2012 12:51:34] /addskill Jackie Chan, lvl 1000
[28/12/2012 12:51:34] /addskill Jackie Chan, lvl 1000
[28/12/2012 12:51:34] /addskill Jackie Chan, lvl 1000
[28/12/2012 12:51:34] /addskill Jackie Chan, lvl 1000
[28/12/2012 12:51:35] /addskill Jackie Chan, lvl 1000
[28/12/2012 12:51:35] /addskill Jackie Chan, lvl 1000
[28/12/2012 12:51:35] /addskill Jackie Chan, lvl 1000
[28/12/2012 12:51:35] /addskill Jackie Chan, lvl 1000
[28/12/2012 12:51:35] /addskill Jackie Chan, lvl 1000
[28/12/2012 12:51:35] /addskill Jackie Chan, lvl 1000
[28/12/2012 12:51:35] /addskill Jackie Chan, lvl 1000
[28/12/2012 12:51:36] /addskill Jackie Chan, lvl 1000
[28/12/2012 12:51:36] /addskill Jackie Chan, lvl 1000
[28/12/2012 12:51:36] /addskill Jackie Chan, lvl 1000
[28/12/2012 12:51:36] /addskill Jackie Chan, lvl 1000
[28/12/2012 12:51:36] /addskill Jackie Chan, lvl 1000
[28/12/2012 12:51:37] /addskill Jackie Chan, lvl 1000
[28/12/2012 12:51:37] /addskill Jackie Chan, lvl 1000
[28/12/2012 12:51:37] /addskill Jackie Chan, lvl 1000
[28/12/2012 12:51:37] /addskill Jackie Chan, lvl 1000
[28/12/2012 12:51:37] /addskill Jackie Chan, lvl 1000
[28/12/2012 12:51:37] /addskill Jackie Chan, lvl 1000
[28/12/2012 12:51:37] /addskill Jackie Chan, lvl 1000
[28/12/2012 12:51:37] /addskill Jackie Chan, lvl 1000
[28/12/2012 12:51:37] /addskill Jackie Chan, lvl 1000
[28/12/2012 12:51:37] /addskill Jackie Chan, lvl 1000
[28/12/2012 12:51:37] /addskill Jackie Chan, lvl 1000
[28/12/2012 12:51:37] /addskill Jackie Chan, lvl 1000
[28/12/2012 12:51:37] /addskill Jackie Chan, lvl 1000
[28/12/2012 12:51:37] /addskill Jackie Chan, lvl 1000
[28/12/2012 12:51:37] /addskill Jackie Chan, lvl 1000
[28/12/2012 12:51:38] /addskill Jackie Chan, lvl 1000
[28/12/2012 12:51:38] /addskill Jackie Chan, lvl 1000
[28/12/2012 12:51:38] /addskill Jackie Chan, lvl 1000
[28/12/2012 12:51:38] /addskill Jackie Chan, lvl 1000
[28/12/2012 12:51:38] /addskill Jackie Chan, lvl 1000
[28/12/2012 12:51:38] /addskill Jackie Chan, lvl 1000
[28/12/2012 12:51:38] /addskill Jackie Chan, lvl 1000
[28/12/2012 12:51:38] /addskill Jackie Chan, lvl 1000
[28/12/2012 12:51:38] /addskill Jackie Chan, lvl 1000
[28/12/2012 12:51:39] /addskill Jackie Chan, lvl 1000
[28/12/2012 12:51:39] /addskill Jackie Chan, lvl 1000
[28/12/2012 12:51:39] /addskill Jackie Chan, lvl 1000
[28/12/2012 12:51:39] /addskill Jackie Chan, lvl 1000
[28/12/2012 12:51:39] /addskill Jackie Chan, lvl 1000
[28/12/2012 12:51:40] /addskill Jackie Chan, lvl 1000
[28/12/2012 12:51:40] /addskill Jackie Chan, lvl 1000
[28/12/2012 12:51:40] /addskill Jackie Chan, lvl 1000
[28/12/2012 12:51:40] /addskill Jackie Chan, lvl 1000
[28/12/2012 12:51:41] /addskill Jackie Chan, lvl 1000
[28/12/2012 12:51:41] /addskill Jackie Chan, lvl 1000
[28/12/2012 12:51:41] /addskill Jackie Chan, lvl 1000
[28/12/2012 12:51:41] /addskill Jackie Chan, lvl 1000
[28/12/2012 12:51:41] /addskill Jackie Chan, lvl 1000
[28/12/2012 12:51:41] /addskill Jackie Chan, lvl 1000
[28/12/2012 12:51:41] /addskill Jackie Chan, lvl 1000
[28/12/2012 12:51:41] /addskill Jackie Chan, lvl 1000
[28/12/2012 12:51:41] /addskill Jackie Chan, lvl 1000
[28/12/2012 12:51:42] /addskill Jackie Chan, lvl 1000
[28/12/2012 12:51:42] /addskill Jackie Chan, lvl 1000
[28/12/2012 12:51:42] /addskill Jackie Chan, lvl 1000
[28/12/2012 12:51:42] /addskill Jackie Chan, lvl 1000
[28/12/2012 12:51:42] /addskill Jackie Chan, lvl 1000
[28/12/2012 12:51:42] /addskill Jackie Chan, lvl 1000
[28/12/2012 12:51:42] /addskill Jackie Chan, lvl 1000
[28/12/2012 12:51:42] /addskill Jackie Chan, lvl 1000
[28/12/2012 12:51:42] /addskill Jackie Chan, lvl 1000
[28/12/2012 12:51:43] /addskill Jackie Chan, lvl 1000
[28/12/2012 12:51:43] /addskill Jackie Chan, lvl 1000
[28/12/2012 12:51:43] /addskill Jackie Chan, lvl 1000
[28/12/2012 12:51:43] /addskill Jackie Chan, lvl 1000
[28/12/2012 12:51:43] /addskill Jackie Chan, lvl 1000
[28/12/2012 12:51:43] /addskill Jackie Chan, lvl 1000
[28/12/2012 12:51:43] /addskill Jackie Chan, lvl 1000
[28/12/2012 12:51:43] /addskill Jackie Chan, lvl 1000
[28/12/2012 12:51:44] /addskill Jackie Chan, lvl 1000
[28/12/2012 12:51:44] /addskill Jackie Chan, lvl 1000
[28/12/2012 12:51:44] /addskill Jackie Chan, lvl 1000
[28/12/2012 12:51:44] /addskill Jackie Chan, lvl 1000
[28/12/2012 12:51:44] /addskill Jackie Chan, lvl 1000
[28/12/2012 12:51:44] /addskill Jackie Chan, lvl 1000
[28/12/2012 12:51:44] /addskill Jackie Chan, lvl 1000
[28/12/2012 12:51:44] /addskill Jackie Chan, lvl 1000
[28/12/2012 12:51:44] /addskill Jackie Chan, lvl 1000
[28/12/2012 12:51:44] /addskill Jackie Chan, lvl 1000
[28/12/2012 12:51:45] /addskill Jackie Chan, lvl 1000
[28/12/2012 12:51:45] /addskill Jackie Chan, lvl 1000
[28/12/2012 12:51:45] /addskill Jackie Chan, lvl 1000
[28/12/2012 12:51:45] /addskill Jackie Chan, lvl 1000
[28/12/2012 12:51:45] /addskill Jackie Chan, lvl 1000
[28/12/2012 12:51:45] /addskill Jackie Chan, lvl 1000
[28/12/2012 12:51:45] /addskill Jackie Chan, lvl 1000
[28/12/2012 12:51:45] /addskill Jackie Chan, lvl 1000
[28/12/2012 12:51:45] /addskill Jackie Chan, lvl 1000
[28/12/2012 12:51:46] /addskill Jackie Chan, lvl 1000
[28/12/2012 12:51:46] /addskill Jackie Chan, lvl 1000
[28/12/2012 12:51:46] /addskill Jackie Chan, lvl 1000
[28/12/2012 12:51:46] /addskill Jackie Chan, lvl 1000
[28/12/2012 12:51:46] /addskill Jackie Chan, lvl 1000
[28/12/2012 12:51:46] /addskill Jackie Chan, lvl 1000
[28/12/2012 12:51:47] /addskill Jackie Chan, lvl 1000
[28/12/2012 12:52:49] /a 50
[28/12/2012 12:52:54] /a 50
[28/12/2012 12:52:56] /a 50
[28/12/2012 12:52:58] /a 50
[28/12/2012 12:53:00] /a 50
[28/12/2012 12:53:05] /a 50
[28/12/2012 12:53:05] /a 50
[28/12/2012 12:53:07] /a 50
[28/12/2012 12:53:12] /a
[28/12/2012 12:53:13] /a
[28/12/2012 12:53:14] /a
[28/12/2012 12:53:38] /a
[28/12/2012 12:54:35] /a 1000
[28/12/2012 12:54:38] /a 100
[28/12/2012 12:54:46] /a 100
[28/12/2012 12:54:48] /a 100
[28/12/2012 12:54:48] /a 100
[28/12/2012 12:54:49] /a 100
[28/12/2012 12:54:49] /a 100
[28/12/2012 12:54:50] /a 100
[28/12/2012 12:54:50] /a 100
[28/12/2012 12:54:51] /a 100
[28/12/2012 12:55:37] /a
[28/12/2012 12:55:38] /a
[28/12/2012 12:55:39] /a
[28/12/2012 12:55:40] /a
[28/12/2012 12:55:40] /a
[28/12/2012 12:55:41] /a
[28/12/2012 12:55:44] /a
[28/12/2012 12:55:46] /a
[28/12/2012 12:56:14] /t
[28/12/2012 12:56:24] /t
[28/12/2012 12:56:36] /a
[28/12/2012 12:56:37] /a
[28/12/2012 12:56:38] /a
[28/12/2012 12:56:42] /a
[28/12/2012 12:56:46] /a
[28/12/2012 12:56:53] /t
[28/12/2012 12:56:59] /a 100
[28/12/2012 12:57:20] /a 50
[28/12/2012 12:57:22] /a 50
[28/12/2012 12:57:36] /t
[31/12/2012 12:56:20] /t
[31/12/2012 12:56:22] /t
[01/01/2013 22:26:23] /a
[01/01/2013 22:26:24] /a
[01/01/2013 22:26:32] /a
[01/01/2013 22:26:36] /a
[01/01/2013 22:26:38] /a
[01/01/2013 22:26:53] /t
[01/01/2013 22:28:14] /a
[01/01/2013 22:28:16] /a
[01/01/2013 22:28:17] /a
[01/01/2013 22:28:23] /a
[01/01/2013 22:50:51] /a
[01/01/2013 22:51:00] /a
[01/01/2013 22:51:08] /a
[01/01/2013 22:51:25] /i arcane staff
[01/01/2013 22:51:33] /i arcane staff
[01/01/2013 22:51:35] /i arcane staff
[01/01/2013 22:51:46] /i arcane staff
[01/01/2013 22:51:51] /i arcane staff
[01/01/2013 22:53:35] /t
[01/01/2013 22:53:51] /a 20
[01/01/2013 22:53:53] /a 20
[01/01/2013 22:53:56] /a 20
[01/01/2013 22:53:58] /a 20
[01/01/2013 22:53:59] /a 20
[01/01/2013 22:54:06] /a 2
[01/01/2013 22:54:18] /up
[01/01/2013 22:55:21] /a
[01/01/2013 22:55:23] /a
[01/01/2013 22:55:24] /a
[01/01/2013 22:55:28] /a
[01/01/2013 22:55:39] /a up
[01/01/2013 22:55:41] /up
[01/01/2013 22:58:39] /t
[14/01/2013 13:33:59] /t
[01/11/2013 13:28:44] /c ze ruela
[01/11/2013 13:48:38] /r
[01/11/2013 13:48:45] /m diablo
[01/11/2013 13:48:56] /m diablo
[01/11/2013 13:49:02] /r
[01/11/2013 14:50:19] /bat
[01/11/2013 14:50:22] /ghost
[03/11/2013 17:38:06] /i helmet of the ancients
[03/11/2013 17:38:43] /i 2343
[03/11/2013 17:39:51] /i 9778
[03/11/2013 17:40:38] /i 9776
[03/11/2013 17:41:11] /i 9777
[03/11/2013 17:41:39] /i 7891
[03/11/2013 17:43:03] /i 9932
[03/11/2013 17:43:05] /i 9933
[03/11/2013 17:45:27] /i 8923
[03/11/2013 17:46:22] /i 2343
[03/11/2013 17:47:40] /i 8891
[03/11/2013 17:48:05] /i 9777
[03/11/2013 17:48:23] /i 8888
[03/11/2013 17:49:15] /i 2485
[03/11/2013 17:49:31] /i 2486
[03/11/2013 17:49:56] /i 2500
[03/11/2013 17:50:28] /i 8877
[03/11/2013 17:51:00] /i 8881
[03/11/2013 17:51:24] /i 8882
[03/11/2013 17:51:32] /i 8882
[03/11/2013 17:51:37] /i 8883
[03/11/2013 17:51:44] /i 8884
[03/11/2013 17:51:57] /i 8885
[03/11/2013 17:52:17] /i 8889
[03/11/2013 17:52:29] /i 8890
[03/11/2013 17:52:37] /i 8891
[03/11/2013 17:52:47] /i 8892
[03/11/2013 17:52:58] /i 8893
[03/11/2013 17:53:39] /i 8870
[03/11/2013 17:54:44] /i 2504,
[03/11/2013 17:55:35] /i 7892
[03/11/2013 17:56:39] /i 2128
[03/11/2013 17:58:42] /m metal demon
[03/11/2013 17:58:48] /m metal demon
[03/11/2013 17:59:36] /m troll
[03/11/2013 18:00:18] /m kiatran
[03/11/2013 18:00:22] /m kiatram
[03/11/2013 18:05:28] /i 7892
[03/11/2013 18:05:31] /i 7892
[03/11/2013 18:36:08] /t
[03/11/2013 18:36:24] /addskill hallowen, lvl 1
[03/11/2013 18:36:24] /addskill hallowen, lvl 1
[03/11/2013 18:36:24] /addskill hallowen, lvl 1
[03/11/2013 18:36:25] /addskill hallowen, lvl 1
[03/11/2013 18:36:25] /addskill hallowen, lvl 1
[03/11/2013 18:36:25] /addskill hallowen, lvl 1
[03/11/2013 18:36:25] /addskill hallowen, lvl 1
[03/11/2013 18:36:25] /addskill hallowen, lvl 1
[03/11/2013 18:36:25] /addskill hallowen, lvl 1
[03/11/2013 18:36:25] /addskill hallowen, lvl 1
[03/11/2013 18:36:26] /addskill hallowen, lvl 1
[03/11/2013 18:36:26] /addskill hallowen, lvl 1
[03/11/2013 18:36:26] /addskill hallowen, lvl 1
[03/11/2013 18:36:27] /addskill hallowen, lvl 1
[03/11/2013 18:36:27] /addskill hallowen, lvl 1
[03/11/2013 18:36:27] /addskill hallowen, lvl 1
[03/11/2013 18:36:27] /addskill hallowen, lvl 1
[03/11/2013 18:36:27] /addskill hallowen, lvl 1
[03/11/2013 18:36:27] /addskill hallowen, lvl 1
[03/11/2013 18:36:28] /addskill hallowen, lvl 1
[03/11/2013 18:36:28] /addskill hallowen, lvl 1
[03/11/2013 18:36:28] /addskill hallowen, lvl 1
[03/11/2013 18:36:29] /addskill hallowen, lvl 1
[03/11/2013 18:36:29] /addskill hallowen, lvl 1
[03/11/2013 18:36:29] /addskill hallowen, lvl 1
[03/11/2013 18:36:29] /addskill hallowen, lvl 1
[03/11/2013 18:36:29] /addskill hallowen, lvl 1
[03/11/2013 18:36:30] /addskill hallowen, lvl 1
[03/11/2013 18:36:30] /addskill hallowen, lvl 1
[03/11/2013 18:36:30] /addskill hallowen, lvl 1
[03/11/2013 18:36:30] /addskill hallowen, lvl 1
[03/11/2013 18:36:30] /addskill hallowen, lvl 1
[03/11/2013 18:36:30] /addskill hallowen, lvl 1
[03/11/2013 18:36:30] /addskill hallowen, lvl 1
[03/11/2013 18:36:31] /addskill hallowen, lvl 1
[03/11/2013 18:36:31] /addskill hallowen, lvl 1
[03/11/2013 18:36:31] /addskill hallowen, lvl 1
[03/11/2013 18:36:31] /addskill hallowen, lvl 1
[03/11/2013 18:36:31] /addskill hallowen, lvl 1
[03/11/2013 18:36:31] /addskill hallowen, lvl 1
[03/11/2013 18:36:31] /addskill hallowen, lvl 1
[03/11/2013 18:36:32] /addskill hallowen, lvl 1
[03/11/2013 18:36:32] /addskill hallowen, lvl 1
[03/11/2013 18:36:32] /addskill hallowen, lvl 1
[03/11/2013 18:36:32] /addskill hallowen, lvl 1
[03/11/2013 18:36:32] /addskill hallowen, lvl 1
[03/11/2013 18:36:32] /addskill hallowen, lvl 1
[03/11/2013 18:36:33] /addskill hallowen, lvl 1
[03/11/2013 18:36:33] /addskill hallowen, lvl 1
[03/11/2013 18:36:33] /addskill hallowen, lvl 1
[03/11/2013 18:36:33] /addskill hallowen, lvl 1
[03/11/2013 18:36:33] /addskill hallowen, lvl 1
[03/11/2013 18:36:35] /addskill hallowen, lvl 1
[03/11/2013 18:36:36] /addskill hallowen, lvl 1
[03/11/2013 18:36:36] /addskill hallowen, lvl 1
[03/11/2013 18:36:36] /addskill hallowen, lvl 1
[03/11/2013 18:36:36] /addskill hallowen, lvl 1
[03/11/2013 18:36:36] /addskill hallowen, lvl 1
[03/11/2013 18:36:36] /addskill hallowen, lvl 1
[03/11/2013 18:36:36] /addskill hallowen, lvl 1
[03/11/2013 18:36:36] /addskill hallowen, lvl 1
[03/11/2013 18:36:37] /addskill hallowen, lvl 1
[03/11/2013 18:36:37] /addskill hallowen, lvl 1
[03/11/2013 18:36:37] /addskill hallowen, lvl 1
[03/11/2013 18:36:37] /addskill hallowen, lvl 1
[03/11/2013 18:36:37] /addskill hallowen, lvl 1
[03/11/2013 18:36:37] /addskill hallowen, lvl 1
[03/11/2013 18:36:38] /addskill hallowen, lvl 1
[03/11/2013 18:36:38] /addskill hallowen, lvl 1
[03/11/2013 18:36:38] /addskill hallowen, lvl 1
[03/11/2013 18:36:38] /addskill hallowen, lvl 1
[03/11/2013 18:36:38] /addskill hallowen, lvl 1
[03/11/2013 18:36:38] /addskill hallowen, lvl 1
[03/11/2013 18:36:39] /addskill hallowen, lvl 1
[03/11/2013 18:36:39] /addskill hallowen, lvl 1
[03/11/2013 18:36:39] /addskill hallowen, lvl 1
[03/11/2013 18:36:39] /addskill hallowen, lvl 1
[03/11/2013 18:36:39] /addskill hallowen, lvl 1
[03/11/2013 18:36:39] /addskill hallowen, lvl 1
[03/11/2013 18:36:39] /addskill hallowen, lvl 1
[03/11/2013 18:36:40] /addskill hallowen, lvl 1
[03/11/2013 18:36:40] /addskill hallowen, lvl 1
[03/11/2013 18:36:40] /addskill hallowen, lvl 1
[03/11/2013 18:36:41] /addskill hallowen, lvl 1
[03/11/2013 18:36:41] /addskill hallowen, lvl 1
[03/11/2013 18:36:41] /addskill hallowen, lvl 1
[03/11/2013 18:36:42] /addskill hallowen, lvl 1
[03/11/2013 18:36:42] /addskill hallowen, lvl 1
[03/11/2013 18:36:42] /addskill hallowen, lvl 1
[03/11/2013 18:36:42] /addskill hallowen, lvl 1
[03/11/2013 18:36:42] /addskill hallowen, lvl 1
[03/11/2013 18:36:42] /addskill hallowen, lvl 1
[03/11/2013 18:36:42] /addskill hallowen, lvl 1
[03/11/2013 18:36:42] /addskill hallowen, lvl 1
[03/11/2013 18:36:43] /addskill hallowen, lvl 1
[03/11/2013 18:36:43] /addskill hallowen, lvl 1
[03/11/2013 18:36:43] /addskill hallowen, lvl 1
[03/11/2013 18:36:43] /addskill hallowen, lvl 1
[03/11/2013 18:36:43] /addskill hallowen, lvl 1
[03/11/2013 18:36:43] /addskill hallowen, lvl 1
[03/11/2013 18:36:43] /addskill hallowen, lvl 1
[03/11/2013 18:36:43] /addskill hallowen, lvl 1
[03/11/2013 18:36:44] /addskill hallowen, lvl 1
[03/11/2013 18:36:44] /addskill hallowen, lvl 1
[03/11/2013 18:36:44] /addskill hallowen, lvl 1
[03/11/2013 18:36:44] /addskill hallowen, lvl 1
[03/11/2013 18:36:45] /addskill hallowen, lvl 1
[03/11/2013 18:36:45] /addskill hallowen, lvl 1
[03/11/2013 18:36:45] /addskill hallowen, lvl 1
[03/11/2013 18:36:45] /addskill hallowen, lvl 1
[03/11/2013 18:36:46] /addskill hallowen, lvl 1
[03/11/2013 18:36:46] /addskill hallowen, lvl 1
[03/11/2013 18:36:46] /addskill hallowen, lvl 1
[03/11/2013 18:36:47] /addskill hallowen, lvl 1
[03/11/2013 18:36:47] /addskill hallowen, lvl 1
[03/11/2013 18:36:47] /addskill hallowen, lvl 1
[03/11/2013 18:36:47] /addskill hallowen, lvl 1
[03/11/2013 18:36:47] /addskill hallowen, lvl 1
[03/11/2013 18:36:47] /addskill hallowen, lvl 1
[03/11/2013 18:36:47] /addskill hallowen, lvl 1
[03/11/2013 18:36:47] /addskill hallowen, lvl 1
[03/11/2013 18:36:47] /addskill hallowen, lvl 1
[03/11/2013 18:36:48] /addskill hallowen, lvl 1
[03/11/2013 18:36:48] /addskill hallowen, lvl 1
[03/11/2013 18:36:49] /addskill hallowen, lvl 1
[03/11/2013 18:36:49] /addskill hallowen, lvl 1
[03/11/2013 18:36:49] /addskill hallowen, lvl 1
[03/11/2013 18:36:49] /addskill hallowen, lvl 1
[03/11/2013 18:36:49] /addskill hallowen, lvl 1
[03/11/2013 18:36:49] /addskill hallowen, lvl 1
[03/11/2013 18:36:49] /addskill hallowen, lvl 1
[03/11/2013 18:36:49] /addskill hallowen, lvl 1
[03/11/2013 18:36:49] /addskill hallowen, lvl 1
[03/11/2013 18:36:49] /addskill hallowen, lvl 1
[03/11/2013 18:36:50] /addskill hallowen, lvl 1
[03/11/2013 18:36:50] /addskill hallowen, lvl 1
[03/11/2013 18:36:50] /addskill hallowen, lvl 1
[03/11/2013 18:36:50] /addskill hallowen, lvl 1
[03/11/2013 18:36:50] /addskill hallowen, lvl 1
[03/11/2013 18:36:50] /addskill hallowen, lvl 1
[03/11/2013 18:36:51] /addskill hallowen, lvl 1
[03/11/2013 18:36:52] /addskill hallowen, lvl 1
[03/11/2013 18:36:52] /addskill hallowen, lvl 1
[03/11/2013 18:36:52] /addskill hallowen, lvl 1
[03/11/2013 18:36:52] /addskill hallowen, lvl 1
[03/11/2013 18:36:52] /addskill hallowen, lvl 1
[03/11/2013 18:36:53] /addskill hallowen, lvl 1
[03/11/2013 18:36:53] /addskill hallowen, lvl 1
[03/11/2013 18:36:53] /addskill hallowen, lvl 1
[03/11/2013 18:36:53] /addskill hallowen, lvl 1
[03/11/2013 18:36:53] /addskill hallowen, lvl 1
[03/11/2013 18:36:54] /addskill hallowen, lvl 1
[03/11/2013 18:36:54] /addskill hallowen, lvl 1
[03/11/2013 18:36:54] /addskill hallowen, lvl 1
[03/11/2013 18:36:55] /addskill hallowen, lvl 1
[03/11/2013 18:36:55] /addskill hallowen, lvl 1
[03/11/2013 18:36:55] /addskill hallowen, lvl 1
[03/11/2013 18:36:55] /addskill hallowen, lvl 1
[03/11/2013 18:36:55] /addskill hallowen, lvl 1
[03/11/2013 18:36:56] /addskill hallowen, lvl 1
[03/11/2013 18:36:56] /addskill hallowen, lvl 1
[03/11/2013 18:36:56] /addskill hallowen, lvl 1
[03/11/2013 18:36:56] /addskill hallowen, lvl 1
[03/11/2013 18:36:56] /addskill hallowen, lvl 1
[03/11/2013 18:36:56] /addskill hallowen, lvl 1
[03/11/2013 18:36:57] /addskill hallowen, lvl 1
[03/11/2013 18:36:57] /addskill hallowen, lvl 1
[03/11/2013 18:36:57] /addskill hallowen, lvl 1
[03/11/2013 18:36:57] /addskill hallowen, lvl 1
[03/11/2013 18:36:57] /addskill hallowen, lvl 1
[03/11/2013 18:36:57] /addskill hallowen, lvl 1
[03/11/2013 18:36:57] /addskill hallowen, lvl 1
[03/11/2013 18:36:58] /addskill hallowen, lvl 1
[03/11/2013 18:36:58] /addskill hallowen, lvl 1
[03/11/2013 18:36:58] /addskill hallowen, lvl 1
[03/11/2013 18:36:58] /addskill hallowen, lvl 1
[03/11/2013 18:36:59] /addskill hallowen, lvl 1
[03/11/2013 18:36:59] /addskill hallowen, lvl 1
[03/11/2013 18:36:59] /addskill hallowen, lvl 1
[03/11/2013 18:36:59] /addskill hallowen, lvl 1
[03/11/2013 18:37:00] /addskill hallowen, lvl 1
[03/11/2013 18:37:00] /addskill hallowen, lvl 1
[03/11/2013 18:37:00] /addskill hallowen, lvl 1
[03/11/2013 18:37:00] /addskill hallowen, lvl 1
[03/11/2013 18:37:00] /addskill hallowen, lvl 1
[03/11/2013 18:37:01] /addskill hallowen, lvl 1
[03/11/2013 18:37:01] /addskill hallowen, lvl 1
[03/11/2013 18:37:01] /addskill hallowen, lvl 1
[03/11/2013 18:37:01] /addskill hallowen, lvl 1
[03/11/2013 18:37:02] /addskill hallowen, lvl 1
[03/11/2013 18:37:02] /addskill hallowen, lvl 1
[03/11/2013 18:37:02] /addskill hallowen, lvl 1
[03/11/2013 18:37:02] /addskill hallowen, lvl 1
[03/11/2013 18:37:02] /addskill hallowen, lvl 1
[03/11/2013 18:37:02] /addskill hallowen, lvl 1
[03/11/2013 18:37:03] /addskill hallowen, lvl 1
[03/11/2013 18:37:03] /addskill hallowen, lvl 1
[03/11/2013 18:37:03] /addskill hallowen, lvl 1
[03/11/2013 18:37:03] /addskill hallowen, lvl 1
[03/11/2013 18:37:04] /addskill hallowen, lvl 1
[03/11/2013 18:37:04] /addskill hallowen, lvl 1
[03/11/2013 18:37:04] /addskill hallowen, lvl 1
[03/11/2013 18:37:05] /addskill hallowen, lvl 1
[03/11/2013 18:37:07] /addskill hallowen, lvl 1
[03/11/2013 18:37:07] /addskill hallowen, lvl 1
[03/11/2013 18:37:08] /addskill hallowen, lvl 1
[03/11/2013 18:39:03] /i back pack
[03/11/2013 18:39:14] /i 1988
[03/11/2013 18:39:38] /i 8889
[03/11/2013 18:39:42] /i 8884
[03/11/2013 18:39:44] /i 8885
[03/11/2013 18:39:45] /i 8886
[03/11/2013 18:39:46] /i 8887
[03/11/2013 18:39:48] /i 8888
[03/11/2013 18:40:08] /i 8869
[03/11/2013 18:40:11] /i 8870
[03/11/2013 18:40:12] /i 8871
[03/11/2013 18:40:14] /i 8872
[03/11/2013 18:40:15] /i 8873
[03/11/2013 18:40:36] /i 8880
[03/11/2013 18:40:38] /i 8881
[03/11/2013 18:40:39] /i 8882
[03/11/2013 18:40:40] /i 8883
[03/11/2013 18:40:42] /i 8884
[03/11/2013 18:40:44] /i 8885
[03/11/2013 18:41:01] /i 8886
[03/11/2013 18:41:03] /i 8887
[03/11/2013 18:41:17] /i 2504
[03/11/2013 18:41:20] /i 2505
[03/11/2013 18:41:21] /i 2506
[03/11/2013 18:41:23] /i 2507
[03/11/2013 18:41:47] /i 2343
[03/11/2013 18:41:49] /i 2342
[03/11/2013 18:42:12] /i 7891
[03/11/2013 18:42:14] /i 7894
[03/11/2013 18:42:16] /i 7893
[03/11/2013 18:42:17] /i 7895
[03/11/2013 18:42:18] /i 7897
[03/11/2013 18:42:20] /i 7898
[03/11/2013 18:42:24] /i 7890
[04/11/2013 19:44:55] /i 7893
[04/11/2013 19:50:22] /a
[04/11/2013 20:25:37] /i 993
[04/11/2013 20:25:41] /i 9933
[04/11/2013 20:26:03] /i 2640
[04/11/2013 20:26:28] /i 4864
[04/11/2013 20:26:55] /i 8905
[04/11/2013 20:27:17] /i 2453
[04/11/2013 20:27:42] /i 2160
[04/11/2013 20:27:43] /i 2160
[04/11/2013 20:27:58] /i 7892
[04/11/2013 20:28:28] /i 2493
[04/11/2013 20:28:39] /i 2520
[04/11/2013 20:28:51] /i 2495
[04/11/2013 20:29:04] /i 2494
[04/11/2013 20:29:24] /i 2500
[04/11/2013 20:29:40] /i
[04/11/2013 20:29:57] /i 2156
[04/11/2013 20:30:10] /i 2382
[04/11/2013 20:30:28] /i 7382
[04/11/2013 20:30:45] /a 56
[05/11/2013 12:48:28] /i 8858
[05/11/2013 12:48:40] /i 7895
[05/11/2013 12:49:47] /i 2640
[05/11/2013 12:50:10] /i 7896
[05/11/2013 12:50:15] /i 7894
[05/11/2013 12:50:21] /i 7893
[05/11/2013 12:50:26] /i 7899
[05/11/2013 12:50:28] /i 78998
[05/11/2013 12:53:21] /i 8879
[05/11/2013 12:56:26] /i 2646
[05/11/2013 12:56:51] /i 2494
[05/11/2013 12:56:59] /i 2495
[05/11/2013 12:57:04] /i 2495
[05/11/2013 12:57:54] /i 2474
[05/11/2013 13:05:06] /i 
[05/11/2013 13:13:29] /a 55
[05/11/2013 13:13:34] /a 55
[05/11/2013 13:13:39] /a 11
[05/11/2013 13:13:41] /a 11
[05/11/2013 13:13:43] /a 11
[05/11/2013 13:13:45] /a 11
[05/11/2013 13:13:52] /a 11
[05/11/2013 13:14:11] /i 8879
[05/11/2013 13:16:56] /b lucas viado
[05/11/2013 13:17:10] /b lucas viado
[05/11/2013 13:17:21] /b lucas viado vc vai morrer para o dog kkkk
[05/11/2013 13:17:24] /b lucas viado vc vai morrer para o dog kkkk
[05/11/2013 13:20:11] /a 
[05/11/2013 13:20:15] /a 11
[05/11/2013 13:20:17] /a 11
[05/11/2013 13:20:18] /a 11
[05/11/2013 13:20:19] /a 11
[05/11/2013 13:20:21] /a 11
[05/11/2013 13:20:25] /a 
[05/11/2013 13:20:25] /a 
[05/11/2013 13:20:26] /a 
[05/11/2013 13:20:27] /a 
[05/11/2013 13:20:29] /a 11
[05/11/2013 13:20:29] /a 11
[05/11/2013 13:20:30] /a 11
[05/11/2013 13:20:56] /a 11
[05/11/2013 13:20:57] /a 11
[05/11/2013 13:20:59] /a 11
[05/11/2013 13:20:59] /a 11
[05/11/2013 13:20:59] /a 11
[05/11/2013 13:21:00] /a 11
[05/11/2013 13:21:00] /a 11
[05/11/2013 13:21:02] /a 11
[05/11/2013 13:21:08] /a 
[05/11/2013 13:21:10] /a 11
[05/11/2013 13:21:12] /a 11
[05/11/2013 13:22:02] /a 
[05/11/2013 13:23:07] /i 2675
[05/11/2013 13:23:17] /i 2695
[05/11/2013 13:23:36] /a 
[05/11/2013 13:24:29] /a 
[05/11/2013 13:24:37] /a 
[05/11/2013 13:26:55] /a
[05/11/2013 13:26:56] /a
[05/11/2013 13:26:57] /a
[05/11/2013 13:27:04] /a
[05/11/2013 13:27:05] /a
[05/11/2013 13:27:05] /a
[05/11/2013 13:27:06] /a
[05/11/2013 13:27:07] /a
[05/11/2013 13:27:07] /a
[05/11/2013 13:27:08] /a
[05/11/2013 13:27:21] /a
[05/11/2013 13:27:22] /a
[05/11/2013 13:27:23] /a
[05/11/2013 13:27:23] /a
[05/11/2013 13:27:24] /a
[05/11/2013 13:27:26] /a
[05/11/2013 13:27:53] /a
[05/11/2013 13:29:10] /a
[05/11/2013 13:29:13] /a
[05/11/2013 13:30:41] /c Hallowen
[05/11/2013 13:31:54] /t
[05/11/2013 13:31:56] /c Hallowen
[05/11/2013 13:32:05] /c Hallowen
[05/11/2013 13:38:55] /i 2160
[05/11/2013 13:38:56] /i 2160
[05/11/2013 13:38:57] /i 2160
[05/11/2013 13:38:57] /i 2160
[05/11/2013 13:38:57] /i 2160
[05/11/2013 13:38:58] /i 2160
[05/11/2013 13:38:58] /i 2160
[05/11/2013 13:38:59] /i 2160
[05/11/2013 13:38:59] /i 2160
[05/11/2013 13:39:00] /i 2160
[05/11/2013 13:39:00] /i 2160
[05/11/2013 13:39:01] /i 2160
[05/11/2013 13:39:01] /i 2160
[05/11/2013 13:39:02] /i 2160
[05/11/2013 13:39:02] /i 2160
[05/11/2013 13:39:03] /i 2160
[05/11/2013 13:39:03] /i 2160
[05/11/2013 13:39:04] /i 2160
[05/11/2013 13:39:21] /i 2160
[05/11/2013 13:39:28] /i 2160
[05/11/2013 13:42:25] /t
[06/11/2013 10:33:14] /a 00
[06/11/2013 10:33:19] /a 22
[06/11/2013 10:33:46] /i 2342
[06/11/2013 10:34:08] /i 2160
[06/11/2013 10:34:10] /i 2160
[06/11/2013 10:34:11] /i 2160
[06/11/2013 10:35:23] /i 2155
[06/11/2013 10:35:26] /i 2156
[06/11/2013 10:35:28] /i 2157
[06/11/2013 10:35:43] /i 2157
[06/11/2013 10:35:48] /i 2158
[06/11/2013 10:40:45] /a 777
[06/11/2013 10:40:48] /a 77
[06/11/2013 10:40:50] /a 77
[06/11/2013 10:40:51] /a 77
[06/11/2013 10:40:52] /a 77
[06/11/2013 10:41:29] /t
[06/11/2013 10:41:37] /a
[06/11/2013 10:42:10] /i 2158
[06/11/2013 10:42:21] /i 2159
[06/11/2013 10:42:53] /a 22
[06/11/2013 10:42:54] /a 22
[06/11/2013 10:42:56] /a 22
[06/11/2013 10:42:58] /a 22
[06/11/2013 10:42:59] /a 22
[06/11/2013 10:42:59] /a 22
[06/11/2013 10:43:03] /a 22
[06/11/2013 10:43:32] /a 22
[06/11/2013 10:43:33] /a 22
[06/11/2013 10:43:34] /a 22
[06/11/2013 10:43:46] /a 22
[06/11/2013 10:44:07] /a 22
[06/11/2013 10:44:07] /a 22
[06/11/2013 10:44:17] /a 22
[06/11/2013 10:44:17] /a 22
[06/11/2013 10:44:17] /a 22
[06/11/2013 10:44:17] /a 22
[06/11/2013 10:44:29] /a 22]
[06/11/2013 10:44:33] /a 22
[06/11/2013 10:47:27] /a 22
[06/11/2013 10:49:03] /c Hallowen
[06/11/2013 10:51:55] /a 
[06/11/2013 10:51:59] /a  55
[06/11/2013 10:52:03] /a  5
[06/11/2013 10:52:04] /a  5
[06/11/2013 10:52:05] /a  5
[06/11/2013 10:52:06] /a  5
[06/11/2013 10:52:06] /a  5
[06/11/2013 10:52:07] /a  5
[06/11/2013 10:52:07] /a  5
[06/11/2013 10:52:08] /a  5
[06/11/2013 10:52:10] /a  5
[06/11/2013 10:52:11] /a  55
[06/11/2013 10:52:11] /a  55
[06/11/2013 10:52:12] /a  55
[06/11/2013 10:52:12] /a  55
[06/11/2013 10:52:13] /a  55
[06/11/2013 10:52:13] /a  55
[06/11/2013 10:52:14] /a  55
[06/11/2013 10:52:14] /a  55
[06/11/2013 10:52:14] /a  55
[06/11/2013 10:52:15] /a  55
[06/11/2013 10:52:16] /a  55
[06/11/2013 10:52:17] /a  55
[06/11/2013 10:52:18] /a  5
[06/11/2013 10:52:19] /a  5
[06/11/2013 10:52:20] /a  5
[06/11/2013 10:52:24] /a  
[06/11/2013 10:52:26] /a  
[06/11/2013 10:52:28] /a  
[06/11/2013 10:52:33] /a  55
[06/11/2013 10:56:53] /a
[06/11/2013 10:56:56] /a
[06/11/2013 10:56:56] /a
[06/11/2013 10:56:56] /a
[06/11/2013 10:56:58] /a
[06/11/2013 10:57:24] /a  
[06/11/2013 10:57:43] /a
[06/11/2013 10:58:15] /a
[06/11/2013 10:58:27] /i 2365
[06/11/2013 11:11:22] /a 55
[06/11/2013 11:11:23] /a 55
[06/11/2013 11:11:24] /a 55
[06/11/2013 11:11:25] /a 55
[06/11/2013 11:11:27] /a 55
[06/11/2013 11:11:29] /a 55
[06/11/2013 11:12:06] /c Hallowen
[06/11/2013 11:12:08] /c Hallowen
[06/11/2013 11:12:48] /c Hallowen
[06/11/2013 11:27:17] /t
[06/11/2013 11:30:45] /i 2160
[06/11/2013 11:30:47] /i 2160
[06/11/2013 11:30:47] /i 2160
[06/11/2013 11:30:47] /i 2160
[06/11/2013 11:30:48] /i 2160
[06/11/2013 11:30:48] /i 2160
[06/11/2013 11:30:49] /i 2160
[06/11/2013 11:30:49] /i 2160
[06/11/2013 11:30:50] /i 2160
[06/11/2013 11:31:22] /i 2160
[06/11/2013 11:31:26] /i 2160
[06/11/2013 11:31:26] /i 2160
[06/11/2013 11:31:26] /i 2160
[06/11/2013 11:31:27] /i 2160
[06/11/2013 11:31:28] /i 2160
[06/11/2013 11:31:29] /i 2160
[06/11/2013 11:31:30] /i 2160
[06/11/2013 11:32:00] /i 2160
[06/11/2013 11:32:01] /i 2160
[06/11/2013 11:32:01] /i 2160
[06/11/2013 11:32:02] /i 2160
[06/11/2013 11:32:02] /i 2160
[06/11/2013 11:32:03] /i 2160
[06/11/2013 11:32:04] /i 2160
[06/11/2013 11:32:29] /i 2160
[06/11/2013 11:32:30] /i 2160
[06/11/2013 11:32:31] /i 2160
[06/11/2013 11:32:31] /i 2160
[06/11/2013 11:32:32] /i 2160
[06/11/2013 11:33:07] /i 2160
[06/11/2013 11:34:48] /i 1492
[06/11/2013 11:35:08] /i 1429
[06/11/2013 11:36:18] /i 1439
[06/11/2013 11:36:34] /i 1439
[07/11/2013 11:26:46] /i 2504
[07/11/2013 11:27:20] /i 7892
[07/11/2013 11:27:26] /i 7893
[07/11/2013 11:27:30] /i 7897
[07/11/2013 11:27:35] /i 7894
[07/11/2013 11:28:35] /a
[07/11/2013 11:30:28] /a
[07/11/2013 11:30:29] /a
[07/11/2013 11:30:44] /a 
[07/11/2013 11:30:50] /a 22
[07/11/2013 11:30:52] /a 22
[07/11/2013 11:30:55] /a 22
[07/11/2013 11:31:01] /a 22
[07/11/2013 11:31:01] /a 22
[07/11/2013 11:31:12] /a
[07/11/2013 11:31:34] /a 22
[07/11/2013 11:31:35] /a 22
[07/11/2013 11:31:36] /a 22
[07/11/2013 11:31:44] /a 22
[07/11/2013 11:31:44] /a 22
[07/11/2013 11:31:57] /a 22
[07/11/2013 11:31:58] /a 22
[07/11/2013 11:31:59] /a 22
[07/11/2013 11:32:01] /a 22
[07/11/2013 11:32:06] /a 22
[07/11/2013 11:32:43] /c Hallowen
[07/11/2013 11:43:06] /c Hallowen
[07/11/2013 11:45:02] /t
[07/11/2013 11:45:05] /c Hallowen
[07/11/2013 11:53:13] /a 
[07/11/2013 11:53:16] /a 
[07/11/2013 11:53:23] /c Hallowen
[07/11/2013 11:53:32] /a 11
[07/11/2013 11:53:38] /a 11
[07/11/2013 11:53:40] /a 11
[07/11/2013 11:53:50] /a 11
[07/11/2013 11:53:50] /a 11
[07/11/2013 11:53:51] /a 11
[07/11/2013 11:53:52] /a 11
[07/11/2013 11:53:53] /a 11
[07/11/2013 11:53:59] /a 11
[07/11/2013 11:54:06] /a 11
[07/11/2013 11:57:14] /i
[07/11/2013 11:57:22] /i
[07/11/2013 11:57:47] /i 6217
[07/11/2013 11:57:57] /t
[14/11/2013 19:42:31] /a
[14/11/2013 19:55:40] /c Hallowen
