[08/01/2014 18:50:06] /a
[08/01/2014 18:50:06] /a
[08/01/2014 18:50:06] /a
[08/01/2014 18:50:06] /a
[08/01/2014 18:50:07] /a
[08/01/2014 18:50:07] /a
[08/01/2014 18:50:07] /a
[08/01/2014 18:50:07] /a
[08/01/2014 18:50:07] /a
[08/01/2014 18:50:07] /a
[08/01/2014 18:50:08] /a
[08/01/2014 18:50:08] /a
[08/01/2014 18:50:08] /a
[08/01/2014 18:50:08] /a
[08/01/2014 18:50:08] /a
[08/01/2014 18:50:08] /a
[08/01/2014 18:50:08] /a
[08/01/2014 18:50:08] /a
[08/01/2014 18:50:08] /a
[08/01/2014 18:50:09] /a
[08/01/2014 18:50:09] /a
[08/01/2014 18:50:09] /a
[08/01/2014 18:50:09] /a
[08/01/2014 18:50:09] /a
[08/01/2014 18:50:09] /a
[08/01/2014 18:50:09] /a
[08/01/2014 18:50:09] /a
[08/01/2014 18:50:09] /a
[08/01/2014 18:50:09] /a
[08/01/2014 18:50:13] /up
[08/01/2014 18:50:16] /a
[08/01/2014 18:50:17] /a
[08/01/2014 18:50:17] /a
[08/01/2014 18:50:17] /a
[08/01/2014 18:50:17] /a
[08/01/2014 18:50:17] /a
[08/01/2014 18:50:17] /a
[08/01/2014 18:50:17] /a
[08/01/2014 18:50:17] /a
[08/01/2014 18:50:17] /a
[08/01/2014 18:50:17] /a
[08/01/2014 18:50:17] /a
[08/01/2014 18:50:17] /a
[08/01/2014 18:50:17] /a
[08/01/2014 18:50:17] /a
[08/01/2014 18:50:17] /a
[08/01/2014 18:50:17] /a
[08/01/2014 18:50:17] /a
[08/01/2014 18:50:18] /a
[08/01/2014 18:50:18] /a
[08/01/2014 18:50:18] /a
[08/01/2014 18:50:18] /a
[08/01/2014 18:50:18] /a
[08/01/2014 18:50:18] /a
[08/01/2014 18:50:18] /a
[08/01/2014 18:50:18] /a
[08/01/2014 18:50:18] /a
[08/01/2014 18:50:18] /a
[08/01/2014 18:50:18] /a
[08/01/2014 18:50:19] /a
[08/01/2014 18:50:19] /a
[08/01/2014 18:50:19] /a
[08/01/2014 18:50:19] /a
[08/01/2014 18:50:19] /a
[08/01/2014 18:50:20] /a
[08/01/2014 18:50:21] /a
[08/01/2014 18:50:21] /a
[08/01/2014 18:50:21] /a
[08/01/2014 18:50:21] /a
[08/01/2014 18:50:21] /a
[08/01/2014 18:50:21] /a
[08/01/2014 18:50:21] /a
[08/01/2014 18:50:22] /a
[08/01/2014 18:50:22] /a
[08/01/2014 18:50:22] /a
[08/01/2014 18:50:22] /a
[08/01/2014 18:50:22] /a
[08/01/2014 18:50:39] /a
[08/01/2014 18:50:39] /a
[08/01/2014 18:50:39] /a
[08/01/2014 18:50:40] /a
[08/01/2014 18:50:40] /a
[08/01/2014 18:50:41] /a
[08/01/2014 18:50:41] /a
[08/01/2014 18:50:44] /a
[08/01/2014 18:50:46] /a
[08/01/2014 18:50:46] /a
[08/01/2014 18:50:46] /a
[08/01/2014 18:50:46] /a
[08/01/2014 18:50:47] /a
[08/01/2014 18:50:58] /a
[08/01/2014 18:50:58] /a
[08/01/2014 18:50:58] /a
[08/01/2014 18:50:58] /a
[08/01/2014 18:50:58] /a
[08/01/2014 18:50:58] /a
[08/01/2014 18:50:58] /a
[08/01/2014 18:50:58] /a
[08/01/2014 18:50:58] /a
[08/01/2014 18:50:58] /a
[08/01/2014 18:50:58] /a
[08/01/2014 18:50:58] /a
[08/01/2014 18:50:58] /a
[08/01/2014 18:50:58] /a
[08/01/2014 18:50:59] /a
[08/01/2014 18:50:59] /a
[08/01/2014 18:50:59] /a
[08/01/2014 18:50:59] /a
[08/01/2014 18:50:59] /a
[08/01/2014 18:50:59] /a
[08/01/2014 18:50:59] /a
[08/01/2014 18:50:59] /a
[08/01/2014 18:50:59] /a
[08/01/2014 18:50:59] /a
[08/01/2014 18:50:59] /a
[08/01/2014 18:50:59] /a
[08/01/2014 18:50:59] /a
[08/01/2014 18:50:59] /a
[08/01/2014 18:50:59] /a
[08/01/2014 18:51:01] /a
[08/01/2014 18:51:02] /a
[08/01/2014 18:51:02] /a
[08/01/2014 18:51:02] /a
[08/01/2014 18:51:02] /a
[08/01/2014 18:51:02] /a
[08/01/2014 18:51:02] /a
[08/01/2014 18:51:02] /a
[08/01/2014 18:51:05] /a
[08/01/2014 18:51:05] /a
[08/01/2014 18:51:05] /a
[08/01/2014 18:51:05] /a
[08/01/2014 18:51:05] /a
[08/01/2014 18:51:05] /a
[08/01/2014 18:51:05] /a
[08/01/2014 18:51:05] /a
[08/01/2014 18:51:05] /a
[08/01/2014 18:51:05] /a
[08/01/2014 18:51:05] /a
[08/01/2014 18:51:05] /a
[08/01/2014 18:51:05] /a
[08/01/2014 18:51:05] /a
[08/01/2014 18:51:05] /a
[08/01/2014 18:51:05] /a
[08/01/2014 18:51:05] /a
[08/01/2014 18:51:05] /a
[08/01/2014 18:51:05] /a
[08/01/2014 18:51:05] /a
[08/01/2014 18:51:05] /a
[08/01/2014 18:51:05] /a
[08/01/2014 18:51:05] /a
[08/01/2014 18:51:05] /a
[08/01/2014 18:51:05] /a
[08/01/2014 18:51:05] /a
[08/01/2014 18:51:05] /a
[08/01/2014 18:51:05] /a
[08/01/2014 18:51:05] /a
[08/01/2014 18:51:10] /a
[08/01/2014 18:51:10] /a
[08/01/2014 18:51:10] /a
[08/01/2014 18:51:10] /a
[08/01/2014 18:51:10] /a
[08/01/2014 18:51:10] /a
[08/01/2014 18:51:10] /a
[08/01/2014 18:51:10] /a
[08/01/2014 18:51:10] /a
[08/01/2014 18:51:10] /a
[08/01/2014 18:51:10] /a
[08/01/2014 18:51:10] /a
[08/01/2014 18:51:10] /a
[08/01/2014 18:51:10] /a
[08/01/2014 18:51:11] /a
[08/01/2014 18:51:11] /a
[08/01/2014 18:51:11] /a
[08/01/2014 18:51:11] /a
[08/01/2014 18:51:11] /a
[08/01/2014 18:51:11] /a
[08/01/2014 18:51:11] /a
[08/01/2014 18:51:11] /a
[08/01/2014 18:51:11] /a
[08/01/2014 18:51:11] /a
[08/01/2014 18:51:11] /a
[08/01/2014 18:51:11] /a
[08/01/2014 18:51:11] /a
[08/01/2014 18:51:11] /a
[08/01/2014 18:51:11] /a
[08/01/2014 18:51:11] /a
[08/01/2014 18:51:11] /a
[08/01/2014 18:51:11] /a
[08/01/2014 18:51:11] /a
[08/01/2014 18:51:11] /a
[08/01/2014 18:51:43] /a
[08/01/2014 18:51:43] /a
[08/01/2014 18:51:44] /a
[08/01/2014 18:51:44] /a
[08/01/2014 18:51:44] /a
[08/01/2014 18:51:44] /a
[08/01/2014 18:51:44] /a
[08/01/2014 18:51:44] /a
[08/01/2014 18:51:44] /a
[08/01/2014 18:51:44] /a
[08/01/2014 18:51:44] /a
[08/01/2014 18:51:44] /a
[08/01/2014 18:51:44] /a
[08/01/2014 18:51:44] /a
[08/01/2014 18:51:44] /a
[08/01/2014 18:51:44] /a
[08/01/2014 18:51:44] /a
[08/01/2014 18:51:44] /a
[08/01/2014 18:51:44] /a
[08/01/2014 18:51:44] /a
[08/01/2014 18:51:44] /a
[08/01/2014 18:51:44] /a
[08/01/2014 18:51:44] /a
[08/01/2014 18:51:44] /a
[08/01/2014 18:51:45] /a
[08/01/2014 18:51:45] /a
[08/01/2014 18:51:45] /a
[08/01/2014 18:51:45] /a
[08/01/2014 18:51:45] /a
[08/01/2014 18:51:45] /a
[08/01/2014 18:51:45] /a
[08/01/2014 18:51:45] /a
[08/01/2014 18:51:45] /a
[08/01/2014 18:51:45] /a
[08/01/2014 18:51:45] /a
[08/01/2014 18:51:45] /a
[08/01/2014 18:51:45] /a
[08/01/2014 18:51:45] /a
[08/01/2014 18:51:46] /a
[08/01/2014 18:51:46] /a
[08/01/2014 18:51:46] /a
[08/01/2014 18:51:46] /a
[08/01/2014 18:51:46] /a
[08/01/2014 18:51:47] /a
[08/01/2014 18:51:48] /a
[08/01/2014 18:51:48] /a
[08/01/2014 18:51:49] /a
[08/01/2014 18:51:49] /a
[08/01/2014 18:51:49] /a
[08/01/2014 18:51:49] /a
[08/01/2014 18:51:49] /a
[08/01/2014 18:51:49] /a
[08/01/2014 18:51:49] /a
[08/01/2014 18:51:49] /a
[08/01/2014 18:51:49] /a
[08/01/2014 18:51:49] /a
[08/01/2014 18:51:49] /a
[08/01/2014 18:51:49] /a
[08/01/2014 18:51:49] /a
[08/01/2014 18:51:49] /a
[08/01/2014 18:51:49] /a
[08/01/2014 18:51:50] /a
[08/01/2014 18:51:50] /a
[08/01/2014 18:51:50] /a
[08/01/2014 18:51:50] /a
[08/01/2014 18:51:50] /a
[08/01/2014 18:51:50] /a
[08/01/2014 18:51:50] /a
[08/01/2014 18:51:50] /a
[08/01/2014 18:51:50] /a
[08/01/2014 18:51:50] /a
[08/01/2014 18:51:58] /a
[08/01/2014 18:51:59] /a
[08/01/2014 18:51:59] /a
[08/01/2014 18:51:59] /a
[08/01/2014 18:51:59] /a
[08/01/2014 18:51:59] /a
[08/01/2014 18:51:59] /a
[08/01/2014 18:51:59] /a
[08/01/2014 18:51:59] /a
[08/01/2014 18:51:59] /a
[08/01/2014 18:51:59] /a
[08/01/2014 18:51:59] /a
[08/01/2014 18:51:59] /a
[08/01/2014 18:51:59] /a
[08/01/2014 18:51:59] /a
[08/01/2014 18:51:59] /a
[08/01/2014 18:51:59] /a
[08/01/2014 18:51:59] /a
[08/01/2014 18:51:59] /a
[08/01/2014 18:51:59] /a
[08/01/2014 18:51:59] /a
[08/01/2014 18:51:59] /a
[08/01/2014 18:52:00] /a
[08/01/2014 18:52:01] /a
[08/01/2014 18:52:01] /a
[08/01/2014 18:52:02] /a
[08/01/2014 18:53:16] /a
[08/01/2014 18:53:16] /a
[08/01/2014 18:53:16] /a
[08/01/2014 18:53:16] /a
[08/01/2014 18:53:17] /a
[08/01/2014 18:53:17] /a
[08/01/2014 18:53:17] /a
[08/01/2014 18:53:17] /a
[08/01/2014 18:53:17] /a
[08/01/2014 18:53:18] /a
[08/01/2014 18:53:18] /a
[08/01/2014 18:53:18] /a
[08/01/2014 18:53:18] /a
[08/01/2014 18:53:18] /a
[08/01/2014 18:53:18] /a
[08/01/2014 18:53:19] /a
[08/01/2014 18:53:19] /a
[08/01/2014 18:53:19] /a
[08/01/2014 18:53:19] /a
[08/01/2014 18:53:19] /a
[08/01/2014 18:53:19] /a
[08/01/2014 18:53:19] /a
[08/01/2014 18:53:20] /a
[08/01/2014 18:53:20] /a
[08/01/2014 18:53:20] /a
[08/01/2014 18:53:20] /a
[08/01/2014 18:53:20] /a
[08/01/2014 18:53:20] /a
[08/01/2014 18:53:20] /a
[08/01/2014 18:53:21] /a
[08/01/2014 18:53:21] /a
[08/01/2014 18:53:23] /a
[08/01/2014 18:53:25] /a
[08/01/2014 18:53:25] /a
[08/01/2014 18:53:25] /a
[08/01/2014 18:53:28] /a
[08/01/2014 18:53:28] /a
[08/01/2014 18:53:28] /a
[08/01/2014 18:53:39] /goto cyclops
[08/01/2014 18:53:50] /down
[08/01/2014 18:53:53] /a
[08/01/2014 18:53:54] /a
[08/01/2014 18:53:54] /a
[08/01/2014 18:53:54] /a
[08/01/2014 18:53:54] /a
[08/01/2014 18:53:54] /a
[08/01/2014 18:53:54] /a
[08/01/2014 18:53:54] /a
[08/01/2014 18:54:19] /down
[08/01/2014 18:54:30] /down
[08/01/2014 18:54:35] /a
[08/01/2014 18:54:36] /a
[08/01/2014 18:54:36] /a
[08/01/2014 18:54:36] /a
[08/01/2014 18:54:36] /a
[08/01/2014 18:54:36] /a
[08/01/2014 18:54:36] /a
[08/01/2014 18:54:36] /a
[08/01/2014 18:54:36] /a
[08/01/2014 18:54:37] /a
[08/01/2014 18:54:37] /a
[08/01/2014 18:54:37] /a
[08/01/2014 18:54:37] /a
[08/01/2014 18:54:40] /a
[08/01/2014 18:54:40] /a
[08/01/2014 18:54:40] /a
[08/01/2014 18:54:55] /goto banshiria
[08/01/2014 18:55:21] /goto dark dragon
[08/01/2014 18:57:01] /a
[08/01/2014 18:57:02] /a
[08/01/2014 18:57:02] /a
[08/01/2014 18:57:02] /a
[08/01/2014 18:57:04] /a
[08/01/2014 18:57:04] /a
[08/01/2014 18:57:04] /a
[08/01/2014 18:57:04] /a
[08/01/2014 18:57:04] /a
[08/01/2014 18:57:04] /a
[08/01/2014 18:57:04] /a
[08/01/2014 18:57:04] /a
[08/01/2014 18:57:06] /a
[08/01/2014 18:57:07] /a
[08/01/2014 18:57:07] /a
[08/01/2014 18:57:07] /a
[08/01/2014 18:57:07] /a
[08/01/2014 18:57:07] /a
[08/01/2014 18:57:07] /a
[08/01/2014 18:57:07] /a
[08/01/2014 18:57:07] /a
[08/01/2014 18:57:07] /a
[08/01/2014 18:57:07] /a
[08/01/2014 18:57:07] /a
[08/01/2014 18:57:07] /a
[08/01/2014 18:57:07] /a
[08/01/2014 18:57:07] /a
[08/01/2014 18:57:07] /a
[08/01/2014 18:57:07] /a
[08/01/2014 18:57:07] /a
[08/01/2014 18:57:07] /a
[08/01/2014 18:57:07] /a
[08/01/2014 18:57:07] /a
[08/01/2014 18:57:07] /a
[08/01/2014 18:57:07] /a
[08/01/2014 18:57:07] /a
[08/01/2014 18:57:07] /a
[08/01/2014 18:57:07] /a
[08/01/2014 18:57:07] /a
[08/01/2014 18:57:07] /a
[08/01/2014 18:57:07] /a
[08/01/2014 18:57:07] /a
[08/01/2014 18:57:07] /a
[08/01/2014 18:57:07] /a
[08/01/2014 18:57:07] /a
[08/01/2014 18:57:07] /a
[08/01/2014 18:57:07] /a
[08/01/2014 18:57:07] /a
[08/01/2014 18:57:10] /a
[08/01/2014 18:57:10] /a
[08/01/2014 18:57:10] /a
[08/01/2014 18:57:14] /a
[08/01/2014 18:57:14] /a
[08/01/2014 18:57:14] /a
[08/01/2014 18:57:14] /a
[08/01/2014 18:57:15] /a
[08/01/2014 18:57:15] /a
[08/01/2014 18:57:15] /a
[08/01/2014 18:57:15] /a
[08/01/2014 18:57:15] /a
[08/01/2014 18:57:15] /a
[08/01/2014 18:57:15] /a
[08/01/2014 18:57:16] /a
[08/01/2014 18:57:40] /a
[08/01/2014 18:57:41] /a
[08/01/2014 18:57:41] /a
[08/01/2014 18:57:42] /a
[08/01/2014 18:57:42] /a
[08/01/2014 18:57:42] /a
[08/01/2014 18:57:42] /a
[08/01/2014 18:57:43] /a
[08/01/2014 18:57:43] /a
[08/01/2014 18:57:44] /a
[08/01/2014 18:57:44] /a
[08/01/2014 18:57:44] /a
[08/01/2014 18:57:44] /a
[08/01/2014 18:57:45] /a
[08/01/2014 18:57:45] /a
[08/01/2014 18:57:45] /a
[08/01/2014 18:57:45] /a
[08/01/2014 18:57:45] /a
[08/01/2014 18:57:45] /a
[08/01/2014 18:57:45] /a
[08/01/2014 18:57:46] /a
[08/01/2014 18:57:46] /a
[08/01/2014 18:57:46] /a
[08/01/2014 18:57:46] /a
[08/01/2014 18:57:46] /a
[08/01/2014 18:57:46] /a
[08/01/2014 18:57:46] /a
[08/01/2014 18:57:47] /a
[08/01/2014 18:57:48] /a
[08/01/2014 18:57:48] /a
[08/01/2014 18:58:30] /t
[08/01/2014 18:59:28] /a
[08/01/2014 18:59:30] /a
[08/01/2014 18:59:30] /a
[08/01/2014 18:59:30] /a
[08/01/2014 18:59:30] /a
[08/01/2014 18:59:30] /a
[08/01/2014 18:59:30] /a
[08/01/2014 18:59:30] /a
[08/01/2014 18:59:30] /a
[08/01/2014 18:59:30] /a
[08/01/2014 18:59:30] /a
[08/01/2014 18:59:30] /a
[08/01/2014 18:59:30] /a
[08/01/2014 18:59:30] /a
[08/01/2014 18:59:30] /a
[08/01/2014 18:59:30] /a
[08/01/2014 18:59:30] /a
[08/01/2014 18:59:30] /a
[08/01/2014 18:59:31] /a
[08/01/2014 18:59:31] /a
[08/01/2014 18:59:31] /a
[08/01/2014 18:59:31] /a
[08/01/2014 18:59:31] /a
[08/01/2014 18:59:31] /a
[08/01/2014 18:59:31] /a
[08/01/2014 18:59:31] /a
[08/01/2014 18:59:31] /a
[08/01/2014 18:59:31] /a
[08/01/2014 18:59:31] /a
[08/01/2014 18:59:31] /a
[08/01/2014 18:59:31] /a
[08/01/2014 18:59:31] /a
[08/01/2014 18:59:31] /a
[08/01/2014 18:59:31] /a
[08/01/2014 18:59:31] /a
[08/01/2014 18:59:31] /a
[08/01/2014 18:59:32] /a
[08/01/2014 18:59:32] /a
[08/01/2014 18:59:32] /a
[08/01/2014 18:59:32] /a
[08/01/2014 18:59:32] /a
[08/01/2014 18:59:32] /a
[08/01/2014 18:59:32] /a
[08/01/2014 18:59:32] /a
[08/01/2014 18:59:32] /a
[08/01/2014 18:59:32] /a
[08/01/2014 18:59:32] /a
[08/01/2014 18:59:32] /a
[08/01/2014 18:59:32] /a
[08/01/2014 18:59:32] /a
[08/01/2014 18:59:32] /a
[08/01/2014 18:59:33] /a
[08/01/2014 18:59:33] /a
[08/01/2014 18:59:34] /a
[08/01/2014 18:59:34] /a
[08/01/2014 18:59:34] /a
[08/01/2014 18:59:34] /a
[08/01/2014 18:59:34] /a
[08/01/2014 18:59:34] /a
[08/01/2014 18:59:34] /a
[08/01/2014 18:59:34] /a
[08/01/2014 18:59:34] /a
[08/01/2014 18:59:34] /a
[08/01/2014 18:59:34] /a
[08/01/2014 18:59:34] /a
[08/01/2014 18:59:34] /a
[08/01/2014 18:59:34] /a
[08/01/2014 18:59:34] /a
[08/01/2014 18:59:34] /a
[08/01/2014 18:59:34] /a
[08/01/2014 18:59:34] /a
[08/01/2014 18:59:34] /a
[08/01/2014 18:59:34] /a
[08/01/2014 18:59:34] /a
[08/01/2014 18:59:34] /a
[08/01/2014 18:59:34] /a
[08/01/2014 18:59:34] /a
[08/01/2014 18:59:34] /a
[08/01/2014 18:59:34] /a
[08/01/2014 18:59:34] /a
[08/01/2014 18:59:34] /a
[08/01/2014 18:59:34] /a
[08/01/2014 18:59:35] /a
[08/01/2014 18:59:35] /a
[08/01/2014 18:59:35] /a
[08/01/2014 18:59:35] /a
[08/01/2014 18:59:35] /a
[08/01/2014 18:59:35] /a
[08/01/2014 18:59:35] /a
[08/01/2014 18:59:35] /a
[08/01/2014 18:59:35] /a
[08/01/2014 18:59:35] /a
[08/01/2014 18:59:35] /a
[08/01/2014 18:59:35] /a
[08/01/2014 18:59:35] /a
[08/01/2014 18:59:35] /a
[08/01/2014 18:59:35] /a
[08/01/2014 18:59:35] /a
[08/01/2014 18:59:36] /a
[08/01/2014 18:59:36] /a
[08/01/2014 18:59:37] /a
[08/01/2014 18:59:42] /a
[08/01/2014 18:59:43] /a
[08/01/2014 18:59:43] /a
[08/01/2014 18:59:43] /a
[08/01/2014 18:59:43] /a
[08/01/2014 18:59:43] /a
[08/01/2014 18:59:43] /a
[08/01/2014 18:59:43] /a
[08/01/2014 18:59:43] /a
[08/01/2014 18:59:43] /a
[08/01/2014 18:59:43] /a
[08/01/2014 18:59:43] /a
[08/01/2014 18:59:43] /a
[08/01/2014 18:59:43] /a
[08/01/2014 18:59:45] /a
[08/01/2014 18:59:45] /a
[08/01/2014 18:59:45] /a
[08/01/2014 18:59:45] /a
[08/01/2014 18:59:45] /a
[08/01/2014 18:59:45] /a
[08/01/2014 18:59:45] /a
[08/01/2014 18:59:45] /a
[08/01/2014 18:59:45] /a
[08/01/2014 18:59:45] /a
[08/01/2014 18:59:45] /a
[08/01/2014 18:59:45] /a
[08/01/2014 18:59:45] /a
[08/01/2014 18:59:45] /a
[08/01/2014 18:59:45] /a
[08/01/2014 18:59:45] /a
[08/01/2014 18:59:45] /a
[08/01/2014 18:59:45] /a
[08/01/2014 18:59:45] /a
[08/01/2014 18:59:45] /a
[08/01/2014 18:59:45] /a
[08/01/2014 18:59:45] /a
[08/01/2014 18:59:45] /a
[08/01/2014 18:59:45] /a
[08/01/2014 18:59:45] /a
[08/01/2014 18:59:45] /a
[08/01/2014 18:59:45] /a
[08/01/2014 18:59:45] /a
[08/01/2014 18:59:45] /a
[08/01/2014 18:59:45] /a
[08/01/2014 18:59:45] /a
[08/01/2014 18:59:45] /a
[08/01/2014 18:59:46] /a
[08/01/2014 18:59:46] /a
[08/01/2014 18:59:46] /a
[08/01/2014 18:59:46] /a
[08/01/2014 18:59:46] /a
[08/01/2014 18:59:46] /a
[08/01/2014 18:59:46] /a
[08/01/2014 18:59:46] /a
[08/01/2014 18:59:46] /a
[08/01/2014 18:59:46] /a
[08/01/2014 18:59:46] /a
[08/01/2014 18:59:46] /a
[08/01/2014 18:59:46] /a
[08/01/2014 18:59:46] /a
[08/01/2014 18:59:46] /a
[08/01/2014 18:59:46] /a
[08/01/2014 18:59:46] /a
[08/01/2014 18:59:46] /a
[08/01/2014 18:59:46] /a
[08/01/2014 18:59:46] /a
[08/01/2014 18:59:46] /a
[08/01/2014 18:59:46] /a
[08/01/2014 18:59:46] /a
[08/01/2014 18:59:46] /a
[08/01/2014 18:59:46] /a
[08/01/2014 18:59:46] /a
[08/01/2014 18:59:46] /a
[08/01/2014 18:59:46] /a
[08/01/2014 18:59:46] /a
[08/01/2014 18:59:46] /a
[08/01/2014 18:59:46] /a
[08/01/2014 18:59:46] /a
[08/01/2014 18:59:46] /a
[08/01/2014 18:59:46] /a
[08/01/2014 18:59:46] /a
[08/01/2014 18:59:46] /a
[08/01/2014 18:59:46] /a
[08/01/2014 18:59:46] /a
[08/01/2014 18:59:46] /a
[08/01/2014 18:59:46] /a
[08/01/2014 18:59:46] /a
[08/01/2014 18:59:46] /a
[08/01/2014 18:59:46] /a
[08/01/2014 18:59:46] /a
[08/01/2014 18:59:46] /a
[08/01/2014 18:59:46] /a
[08/01/2014 18:59:46] /a
[08/01/2014 18:59:46] /a
[08/01/2014 18:59:46] /a
[08/01/2014 18:59:48] /a
[08/01/2014 18:59:49] /a
[08/01/2014 18:59:51] /a
[08/01/2014 18:59:51] /a
[08/01/2014 18:59:51] /a
[08/01/2014 18:59:51] /a
[08/01/2014 18:59:51] /a
[08/01/2014 18:59:51] /a
[08/01/2014 18:59:51] /a
[08/01/2014 18:59:51] /a
[08/01/2014 18:59:51] /a
[08/01/2014 18:59:51] /a
[08/01/2014 18:59:51] /a
[08/01/2014 18:59:51] /a
[08/01/2014 18:59:51] /a
[08/01/2014 18:59:51] /a
[08/01/2014 18:59:51] /a
[08/01/2014 18:59:51] /a
[08/01/2014 18:59:51] /a
[08/01/2014 18:59:51] /a
[08/01/2014 18:59:51] /a
[08/01/2014 18:59:51] /a
[08/01/2014 18:59:51] /a
[08/01/2014 18:59:51] /a
[08/01/2014 18:59:57] /a
[08/01/2014 18:59:57] /a
[08/01/2014 18:59:57] /a
[08/01/2014 18:59:57] /a
[08/01/2014 18:59:57] /a
[08/01/2014 18:59:58] /a
[08/01/2014 18:59:58] /a
[08/01/2014 18:59:58] /a
[08/01/2014 18:59:58] /a
[08/01/2014 18:59:58] /a
[08/01/2014 18:59:58] /a
[08/01/2014 18:59:58] /a
[08/01/2014 18:59:58] /a
[08/01/2014 18:59:58] /a
[08/01/2014 18:59:58] /a
[08/01/2014 18:59:58] /a
[08/01/2014 18:59:58] /a
[08/01/2014 18:59:58] /a
[08/01/2014 18:59:58] /a
[08/01/2014 18:59:58] /a
[08/01/2014 18:59:58] /a
[08/01/2014 18:59:58] /a
[08/01/2014 18:59:58] /a
[08/01/2014 18:59:58] /a
[08/01/2014 18:59:58] /a
[08/01/2014 18:59:59] /a
[08/01/2014 18:59:59] /a
[08/01/2014 18:59:59] /a
[08/01/2014 18:59:59] /a
[08/01/2014 18:59:59] /a
[08/01/2014 18:59:59] /a
[08/01/2014 18:59:59] /a
[08/01/2014 18:59:59] /a
[08/01/2014 18:59:59] /a
[08/01/2014 18:59:59] /a
[08/01/2014 18:59:59] /a
[08/01/2014 18:59:59] /a
[08/01/2014 18:59:59] /a
[08/01/2014 18:59:59] /a
[08/01/2014 18:59:59] /a
[08/01/2014 18:59:59] /a
[08/01/2014 18:59:59] /a
[08/01/2014 18:59:59] /a
[08/01/2014 18:59:59] /a
[08/01/2014 18:59:59] /a
[08/01/2014 18:59:59] /a
[08/01/2014 18:59:59] /a
[08/01/2014 18:59:59] /a
[08/01/2014 18:59:59] /a
[08/01/2014 18:59:59] /a
[08/01/2014 18:59:59] /a
[08/01/2014 18:59:59] /a
[08/01/2014 19:00:00] /a
[08/01/2014 19:00:00] /a
[08/01/2014 19:00:00] /a
[08/01/2014 19:00:00] /a
[08/01/2014 19:00:00] /a
[08/01/2014 19:00:00] /a
[08/01/2014 19:00:00] /a
[08/01/2014 19:00:00] /a
[08/01/2014 19:00:00] /a
[08/01/2014 19:00:00] /a
[08/01/2014 19:00:00] /a
[08/01/2014 19:00:00] /a
[08/01/2014 19:00:06] /a
[08/01/2014 19:00:18] /a
[08/01/2014 19:00:18] /a
[08/01/2014 19:00:18] /a
[08/01/2014 19:00:19] /a
[08/01/2014 19:00:19] /a
[08/01/2014 19:00:19] /a
[08/01/2014 19:00:19] /a
[08/01/2014 19:00:19] /a
[08/01/2014 19:00:19] /a
[08/01/2014 19:00:20] /a
[08/01/2014 19:00:20] /a
[08/01/2014 19:00:20] /a
[08/01/2014 19:00:20] /a
[08/01/2014 19:00:20] /a
[08/01/2014 19:00:20] /a
[08/01/2014 19:00:21] /a
[08/01/2014 19:00:21] /a
[08/01/2014 19:00:21] /a
[08/01/2014 19:00:21] /a
[08/01/2014 19:00:21] /a
[08/01/2014 19:00:21] /a
[08/01/2014 19:00:21] /a
[08/01/2014 19:00:21] /a
[08/01/2014 19:00:21] /a
[08/01/2014 19:00:21] /a
[08/01/2014 19:00:21] /a
[08/01/2014 19:00:21] /a
[08/01/2014 19:00:21] /a
[08/01/2014 19:00:21] /a
[08/01/2014 19:00:21] /a
[08/01/2014 19:00:21] /a
[08/01/2014 19:00:21] /a
[08/01/2014 19:00:21] /a
[08/01/2014 19:00:21] /a
[08/01/2014 19:00:21] /a
[08/01/2014 19:00:21] /a
[08/01/2014 19:00:22] /a
[08/01/2014 19:00:22] /a
[08/01/2014 19:00:22] /a
[08/01/2014 19:00:22] /a
[08/01/2014 19:00:23] /a
[08/01/2014 19:00:23] /a
[08/01/2014 19:00:23] /a
[08/01/2014 19:00:23] /a
[08/01/2014 19:00:23] /a
[08/01/2014 19:00:23] /a
[08/01/2014 19:00:24] /a
[08/01/2014 19:00:24] /a
[08/01/2014 19:00:24] /a
[08/01/2014 19:00:24] /a
[08/01/2014 19:00:24] /a
[08/01/2014 19:00:25] /a
[08/01/2014 19:00:25] /a
[08/01/2014 19:00:25] /a
[08/01/2014 19:00:25] /a
[08/01/2014 19:00:25] /a
[08/01/2014 19:00:25] /a
[08/01/2014 19:00:26] /a
[08/01/2014 19:00:26] /a
[08/01/2014 19:00:26] /a
[08/01/2014 19:00:26] /a
[08/01/2014 19:00:26] /a
[08/01/2014 19:00:26] /a
[08/01/2014 19:00:27] /a
[08/01/2014 19:00:32] /a
[08/01/2014 19:00:32] /a
[08/01/2014 19:00:32] /a
[08/01/2014 19:00:32] /a
[08/01/2014 19:00:33] /a
[08/01/2014 19:00:33] /a
[08/01/2014 19:00:33] /a
[08/01/2014 19:00:33] /a
[08/01/2014 19:00:33] /a
[08/01/2014 19:00:34] /a
[08/01/2014 19:00:34] /a
[08/01/2014 19:00:34] /a
[08/01/2014 19:00:34] /a
[08/01/2014 19:00:34] /a
[08/01/2014 19:00:35] /a
[08/01/2014 19:00:37] /a
[08/01/2014 19:00:38] /a
[08/01/2014 19:00:38] /a
[08/01/2014 19:00:38] /a
[08/01/2014 19:00:39] /a
[08/01/2014 19:00:39] /a
[08/01/2014 19:00:39] /a
[08/01/2014 19:00:39] /a
[08/01/2014 19:00:39] /a
[08/01/2014 19:00:39] /a
[08/01/2014 19:00:40] /a
[08/01/2014 19:00:40] /a
[08/01/2014 19:00:40] /a
[08/01/2014 19:00:40] /a
[08/01/2014 19:00:40] /a
[08/01/2014 19:00:41] /a
[08/01/2014 19:00:41] /a
[08/01/2014 19:00:41] /a
[08/01/2014 19:00:41] /a
[08/01/2014 19:00:41] /a
[08/01/2014 19:00:43] /a
[08/01/2014 19:00:43] /a
[08/01/2014 19:00:44] /a
[08/01/2014 19:00:44] /a
[08/01/2014 19:00:44] /a
[08/01/2014 19:00:44] /a
[08/01/2014 19:00:44] /a
[08/01/2014 19:00:45] /a
[08/01/2014 19:00:45] /a
[08/01/2014 19:00:45] /a
[08/01/2014 19:00:46] /a
[08/01/2014 19:00:46] /a
[08/01/2014 19:00:46] /a
[08/01/2014 19:00:46] /a
[08/01/2014 19:00:49] /a
[08/01/2014 19:00:50] /a
[08/01/2014 19:00:50] /a
[08/01/2014 19:00:50] /a
[08/01/2014 19:00:50] /a
[08/01/2014 19:00:50] /a
[08/01/2014 19:00:50] /a
[08/01/2014 19:00:50] /a
[08/01/2014 19:00:50] /a
[08/01/2014 19:00:50] /a
[08/01/2014 19:00:50] /a
[08/01/2014 19:00:50] /a
[08/01/2014 19:00:51] /a
[08/01/2014 19:00:51] /a
[08/01/2014 19:00:51] /a
[08/01/2014 19:00:51] /a
[08/01/2014 19:00:51] /a
[08/01/2014 19:00:51] /a
[08/01/2014 19:00:51] /a
[08/01/2014 19:00:51] /a
[08/01/2014 19:00:51] /a
[08/01/2014 19:00:51] /a
[08/01/2014 19:00:51] /a
[08/01/2014 19:00:53] /a
[08/01/2014 19:00:53] /a
[08/01/2014 19:00:53] /a
[08/01/2014 19:00:53] /a
[08/01/2014 19:00:53] /a
[08/01/2014 19:00:54] /a
[08/01/2014 19:00:54] /a
[08/01/2014 19:00:54] /a
[08/01/2014 19:01:08] /a
[08/01/2014 19:01:08] /a
[08/01/2014 19:01:08] /a
[08/01/2014 19:01:08] /a
[08/01/2014 19:01:27] /a
[08/01/2014 19:01:27] /a
[08/01/2014 19:01:27] /a
[08/01/2014 19:01:27] /a
[08/01/2014 19:01:27] /a
[08/01/2014 19:01:28] /a
[08/01/2014 19:01:28] /a
[08/01/2014 19:01:28] /a
[08/01/2014 19:01:28] /a
[08/01/2014 19:01:29] /a
[08/01/2014 19:02:30] /addskill Leandro,lvl
[08/01/2014 19:02:31] /addskill Leandro,lvl
[08/01/2014 19:02:33] /addskill Leandro,lvl
[08/01/2014 19:02:33] /addskill Leandro,lvl
[08/01/2014 19:02:33] /addskill Leandro,lvl
[08/01/2014 19:02:33] /addskill Leandro,lvl
[08/01/2014 19:02:33] /addskill Leandro,lvl
[08/01/2014 19:02:33] /addskill Leandro,lvl
[08/01/2014 19:02:33] /addskill Leandro,lvl
[08/01/2014 19:02:33] /addskill Leandro,lvl
[08/01/2014 19:02:33] /addskill Leandro,lvl
[08/01/2014 19:02:33] /addskill Leandro,lvl
[08/01/2014 19:02:33] /addskill Leandro,lvl
[08/01/2014 19:02:33] /addskill Leandro,lvl
[08/01/2014 19:02:33] /addskill Leandro,lvl
[08/01/2014 19:02:33] /addskill Leandro,lvl
[08/01/2014 19:02:33] /addskill Leandro,lvl
[08/01/2014 19:02:33] /addskill Leandro,lvl
[08/01/2014 19:02:33] /addskill Leandro,lvl
[08/01/2014 19:02:33] /addskill Leandro,lvl
[08/01/2014 19:02:33] /addskill Leandro,lvl
[08/01/2014 19:02:33] /addskill Leandro,lvl
[08/01/2014 19:02:33] /addskill Leandro,lvl
[08/01/2014 19:02:33] /addskill Leandro,lvl
[08/01/2014 19:02:33] /addskill Leandro,lvl
[08/01/2014 19:02:33] /addskill Leandro,lvl
[08/01/2014 19:02:33] /addskill Leandro,lvl
[08/01/2014 19:02:33] /addskill Leandro,lvl
[08/01/2014 19:02:33] /addskill Leandro,lvl
[08/01/2014 19:02:33] /addskill Leandro,lvl
[08/01/2014 19:02:33] /addskill Leandro,lvl
[08/01/2014 19:02:33] /addskill Leandro,lvl
[08/01/2014 19:02:34] /addskill Leandro,lvl
[08/01/2014 19:02:34] /addskill Leandro,lvl
[08/01/2014 19:02:34] /addskill Leandro,lvl
[08/01/2014 19:02:34] /addskill Leandro,lvl
[08/01/2014 19:02:35] /addskill Leandro,lvl
[08/01/2014 19:02:35] /addskill Leandro,lvl
[08/01/2014 19:02:35] /addskill Leandro,lvl
[08/01/2014 19:02:35] /addskill Leandro,lvl
[08/01/2014 19:02:35] /addskill Leandro,lvl
[08/01/2014 19:02:35] /addskill Leandro,lvl
[08/01/2014 19:02:35] /addskill Leandro,lvl
[08/01/2014 19:02:35] /addskill Leandro,lvl
[08/01/2014 19:02:36] /addskill Leandro,lvl
[08/01/2014 19:02:36] /addskill Leandro,lvl
[08/01/2014 19:02:36] /addskill Leandro,lvl
[08/01/2014 19:02:36] /addskill Leandro,lvl
[08/01/2014 19:02:36] /addskill Leandro,lvl
[08/01/2014 19:02:36] /addskill Leandro,lvl
[08/01/2014 19:02:36] /addskill Leandro,lvl
[08/01/2014 19:02:37] /addskill Leandro,lvl
[08/01/2014 19:02:37] /addskill Leandro,lvl
[08/01/2014 19:02:37] /addskill Leandro,lvl
[08/01/2014 19:02:37] /addskill Leandro,lvl
[08/01/2014 19:02:37] /addskill Leandro,lvl
[08/01/2014 19:02:37] /addskill Leandro,lvl
[08/01/2014 19:02:37] /addskill Leandro,lvl
[08/01/2014 19:02:37] /addskill Leandro,lvl
[08/01/2014 19:02:37] /addskill Leandro,lvl
[08/01/2014 19:02:37] /addskill Leandro,lvl
[08/01/2014 19:02:37] /addskill Leandro,lvl
[08/01/2014 19:02:37] /addskill Leandro,lvl
[08/01/2014 19:02:37] /addskill Leandro,lvl
[08/01/2014 19:02:37] /addskill Leandro,lvl
[08/01/2014 19:02:37] /addskill Leandro,lvl
[08/01/2014 19:02:37] /addskill Leandro,lvl
[08/01/2014 19:02:37] /addskill Leandro,lvl
[08/01/2014 19:02:37] /addskill Leandro,lvl
[08/01/2014 19:02:37] /addskill Leandro,lvl
[08/01/2014 19:02:37] /addskill Leandro,lvl
[08/01/2014 19:02:37] /addskill Leandro,lvl
[08/01/2014 19:02:37] /addskill Leandro,lvl
[08/01/2014 19:02:38] /addskill Leandro,lvl
[08/01/2014 19:02:38] /addskill Leandro,lvl
[08/01/2014 19:02:38] /addskill Leandro,lvl
[08/01/2014 19:02:38] /addskill Leandro,lvl
[08/01/2014 19:02:38] /addskill Leandro,lvl
[08/01/2014 19:02:38] /addskill Leandro,lvl
[08/01/2014 19:02:38] /addskill Leandro,lvl
[08/01/2014 19:02:38] /addskill Leandro,lvl
[08/01/2014 19:02:38] /addskill Leandro,lvl
[08/01/2014 19:02:38] /addskill Leandro,lvl
[08/01/2014 19:02:38] /addskill Leandro,lvl
[08/01/2014 19:02:38] /addskill Leandro,lvl
[08/01/2014 19:02:38] /addskill Leandro,lvl
[08/01/2014 19:02:38] /addskill Leandro,lvl
[08/01/2014 19:02:38] /addskill Leandro,lvl
[08/01/2014 19:02:38] /addskill Leandro,lvl
[08/01/2014 19:02:38] /addskill Leandro,lvl
[08/01/2014 19:02:38] /addskill Leandro,lvl
[08/01/2014 19:02:39] /addskill Leandro,lvl
[08/01/2014 19:02:39] /addskill Leandro,lvl
[08/01/2014 19:02:39] /addskill Leandro,lvl
[08/01/2014 19:02:39] /addskill Leandro,lvl
[08/01/2014 19:02:39] /addskill Leandro,lvl
[08/01/2014 19:02:39] /addskill Leandro,lvl
[08/01/2014 19:02:39] /addskill Leandro,lvl
[08/01/2014 19:02:39] /addskill Leandro,lvl
[08/01/2014 19:02:39] /addskill Leandro,lvl
[08/01/2014 19:02:39] /addskill Leandro,lvl
[08/01/2014 19:02:39] /addskill Leandro,lvl
[08/01/2014 19:02:39] /addskill Leandro,lvl
[08/01/2014 19:02:39] /addskill Leandro,lvl
[08/01/2014 19:02:39] /addskill Leandro,lvl
[08/01/2014 19:02:39] /addskill Leandro,lvl
[08/01/2014 19:02:39] /addskill Leandro,lvl
[08/01/2014 19:02:39] /addskill Leandro,lvl
[08/01/2014 19:02:39] /addskill Leandro,lvl
[08/01/2014 19:02:39] /addskill Leandro,lvl
[08/01/2014 19:02:39] /addskill Leandro,lvl
[08/01/2014 19:02:39] /addskill Leandro,lvl
[08/01/2014 19:02:40] /addskill Leandro,lvl
[08/01/2014 19:02:40] /addskill Leandro,lvl
[08/01/2014 19:02:40] /addskill Leandro,lvl
[08/01/2014 19:02:40] /addskill Leandro,lvl
[08/01/2014 19:02:40] /addskill Leandro,lvl
[08/01/2014 19:02:40] /addskill Leandro,lvl
[08/01/2014 19:02:40] /addskill Leandro,lvl
[08/01/2014 19:02:40] /addskill Leandro,lvl
[08/01/2014 19:02:40] /addskill Leandro,lvl
[08/01/2014 19:02:40] /addskill Leandro,lvl
[08/01/2014 19:02:40] /addskill Leandro,lvl
[08/01/2014 19:02:40] /addskill Leandro,lvl
[08/01/2014 19:02:58] /a
[08/01/2014 19:03:04] /a
[08/01/2014 19:03:09] /a
[08/01/2014 19:03:42] /t
[08/01/2014 19:04:10] /goto yakotep
[08/01/2014 19:04:22] /a
[08/01/2014 19:04:23] /a
[08/01/2014 19:04:23] /a
[08/01/2014 19:04:23] /a
[08/01/2014 19:04:23] /a
[08/01/2014 19:04:23] /a
[08/01/2014 19:04:23] /a
[08/01/2014 19:04:23] /a
[08/01/2014 19:04:23] /a
[08/01/2014 19:04:23] /a
[08/01/2014 19:04:23] /a
[08/01/2014 19:04:23] /a
[08/01/2014 19:04:23] /a
[08/01/2014 19:04:23] /a
[08/01/2014 19:04:23] /a
[08/01/2014 19:04:23] /a
[08/01/2014 19:04:23] /a
[08/01/2014 19:04:23] /a
[08/01/2014 19:04:24] /a
[08/01/2014 19:04:24] /a
[08/01/2014 19:04:24] /a
[08/01/2014 19:04:25] /a
[08/01/2014 19:04:26] /a
[08/01/2014 19:04:26] /a
[08/01/2014 19:04:26] /a
[08/01/2014 19:04:26] /a
[08/01/2014 19:04:26] /a
[08/01/2014 19:04:26] /a
[08/01/2014 19:04:26] /a
[08/01/2014 19:04:27] /a
[08/01/2014 19:04:27] /a
[08/01/2014 19:04:27] /a
[08/01/2014 19:04:27] /a
[08/01/2014 19:04:27] /a
[08/01/2014 19:04:28] /a
[08/01/2014 19:04:28] /a
[08/01/2014 19:04:28] /a
[08/01/2014 19:04:28] /a
[08/01/2014 19:04:28] /a
[08/01/2014 19:04:28] /a
[08/01/2014 19:04:28] /a
[08/01/2014 19:04:29] /a
[08/01/2014 19:04:29] /a
[08/01/2014 19:04:29] /a
[08/01/2014 19:04:29] /a
[08/01/2014 19:04:29] /a
[08/01/2014 19:04:29] /a
[08/01/2014 19:04:29] /a
[08/01/2014 19:04:29] /a
[08/01/2014 19:04:29] /a
[08/01/2014 19:04:30] /a
[08/01/2014 19:04:30] /a
[08/01/2014 19:04:30] /a
[08/01/2014 19:04:30] /a
[08/01/2014 19:04:30] /a
[08/01/2014 19:04:30] /a
[08/01/2014 19:04:30] /a
[08/01/2014 19:04:30] /a
[08/01/2014 19:04:30] /a
[08/01/2014 19:04:30] /a
[08/01/2014 19:04:30] /a
[08/01/2014 19:04:30] /a
[08/01/2014 19:04:30] /a
[08/01/2014 19:04:30] /a
[08/01/2014 19:04:32] /a
[08/01/2014 19:04:32] /a
[08/01/2014 19:04:32] /a
[08/01/2014 19:04:32] /a
[08/01/2014 19:04:32] /a
[08/01/2014 19:04:33] /a
[08/01/2014 19:04:33] /a
[08/01/2014 19:04:33] /a
[08/01/2014 19:04:33] /a
[08/01/2014 19:04:39] /a
[08/01/2014 19:04:40] /a
[08/01/2014 19:04:40] /a
[08/01/2014 19:04:40] /a
[08/01/2014 19:04:40] /a
[08/01/2014 19:04:40] /a
[08/01/2014 19:04:40] /a
[08/01/2014 19:04:40] /a
[08/01/2014 19:04:40] /a
[08/01/2014 19:04:40] /a
[08/01/2014 19:04:40] /a
[08/01/2014 19:04:40] /a
[08/01/2014 19:04:40] /a
[08/01/2014 19:04:40] /a
[08/01/2014 19:04:40] /a
[08/01/2014 19:04:40] /a
[08/01/2014 19:04:40] /a
[08/01/2014 19:04:40] /a
[08/01/2014 19:04:41] /a
[08/01/2014 19:04:41] /a
[08/01/2014 19:04:41] /a
[08/01/2014 19:04:41] /a
[08/01/2014 19:04:41] /a
[08/01/2014 19:04:41] /a
[08/01/2014 19:04:41] /a
[08/01/2014 19:04:41] /a
[08/01/2014 19:04:41] /a
[08/01/2014 19:04:41] /a
[08/01/2014 19:04:41] /a
[08/01/2014 19:04:41] /a
[08/01/2014 19:04:41] /a
[08/01/2014 19:04:41] /a
[08/01/2014 19:04:41] /a
[08/01/2014 19:04:41] /a
[08/01/2014 19:04:41] /a
[08/01/2014 19:04:41] /a
[08/01/2014 19:04:41] /a
[08/01/2014 19:04:41] /a
[08/01/2014 19:04:41] /a
[08/01/2014 19:04:41] /a
[08/01/2014 19:04:41] /a
[08/01/2014 19:04:41] /a
[08/01/2014 19:04:42] /a
[08/01/2014 19:04:42] /a
[08/01/2014 19:04:42] /a
[08/01/2014 19:04:42] /a
[08/01/2014 19:04:42] /a
[08/01/2014 19:04:42] /a
[08/01/2014 19:04:42] /a
[08/01/2014 19:04:42] /a
[08/01/2014 19:04:42] /a
[08/01/2014 19:04:43] /a
[08/01/2014 19:04:44] /a
[08/01/2014 19:04:44] /a
[08/01/2014 19:04:44] /a
[08/01/2014 19:04:44] /a
[08/01/2014 19:04:44] /a
[08/01/2014 19:04:44] /a
[08/01/2014 19:04:44] /a
[08/01/2014 19:04:44] /a
[08/01/2014 19:04:44] /a
[08/01/2014 19:04:44] /a
[08/01/2014 19:04:44] /a
[08/01/2014 19:04:44] /a
[08/01/2014 19:04:44] /a
[08/01/2014 19:04:44] /a
[08/01/2014 19:04:44] /a
[08/01/2014 19:04:44] /a
[08/01/2014 19:04:44] /a
[08/01/2014 19:04:44] /a
[08/01/2014 19:04:45] /a
[08/01/2014 19:04:45] /a
[08/01/2014 19:04:45] /a
[08/01/2014 19:04:45] /a
[08/01/2014 19:04:45] /a
[08/01/2014 19:04:45] /a
[08/01/2014 19:04:45] /a
[08/01/2014 19:04:45] /a
[08/01/2014 19:04:45] /a
[08/01/2014 19:04:45] /a
[08/01/2014 19:04:47] /a
[08/01/2014 19:04:47] /a
[08/01/2014 19:04:47] /a
[08/01/2014 19:04:48] /a
[08/01/2014 19:04:48] /a
[08/01/2014 19:05:12] /t
[08/01/2014 19:08:04] /goto ferumbras
[08/01/2014 19:10:12] /a
[08/01/2014 19:10:25] /t
[08/01/2014 19:12:15] /a
[08/01/2014 19:12:18] /a
[08/01/2014 19:12:21] /a 2
[08/01/2014 19:12:30] /m diablo
[08/01/2014 19:12:38] /r
[08/01/2014 19:12:42] /s diablo
[08/01/2014 19:12:51] /r
[08/01/2014 19:14:01] /m dog
[08/01/2014 19:14:05] /m dog
[08/01/2014 19:14:28] /addskill Leandro,lvl
[08/01/2014 19:14:29] /addskill Leandro,lvl
[08/01/2014 19:14:29] /addskill Leandro,lvl
[08/01/2014 19:14:29] /addskill Leandro,lvl
[08/01/2014 19:14:29] /addskill Leandro,lvl
[08/01/2014 19:14:29] /addskill Leandro,lvl
[08/01/2014 19:14:29] /addskill Leandro,lvl
[08/01/2014 19:14:29] /addskill Leandro,lvl
[08/01/2014 19:14:29] /addskill Leandro,lvl
[08/01/2014 19:14:29] /addskill Leandro,lvl
[08/01/2014 19:14:29] /addskill Leandro,lvl
[08/01/2014 19:14:29] /addskill Leandro,lvl
[08/01/2014 19:14:29] /addskill Leandro,lvl
[08/01/2014 19:14:29] /addskill Leandro,lvl
[08/01/2014 19:14:29] /addskill Leandro,lvl
[08/01/2014 19:14:29] /addskill Leandro,lvl
[08/01/2014 19:14:29] /addskill Leandro,lvl
[08/01/2014 19:14:29] /addskill Leandro,lvl
[08/01/2014 19:14:29] /addskill Leandro,lvl
[08/01/2014 19:14:29] /addskill Leandro,lvl
[08/01/2014 19:14:29] /addskill Leandro,lvl
[08/01/2014 19:14:29] /addskill Leandro,lvl
[08/01/2014 19:14:30] /addskill Leandro,lvl
[08/01/2014 19:14:30] /addskill Leandro,lvl
[08/01/2014 19:14:30] /addskill Leandro,lvl
[08/01/2014 19:14:30] /addskill Leandro,lvl
[08/01/2014 19:14:30] /addskill Leandro,lvl
[08/01/2014 19:14:30] /addskill Leandro,lvl
[08/01/2014 19:14:30] /addskill Leandro,lvl
[08/01/2014 19:14:30] /addskill Leandro,lvl
[08/01/2014 19:14:30] /addskill Leandro,lvl
[08/01/2014 19:14:30] /addskill Leandro,lvl
[08/01/2014 19:14:30] /addskill Leandro,lvl
[08/01/2014 19:14:30] /addskill Leandro,lvl
[08/01/2014 19:14:30] /addskill Leandro,lvl
[08/01/2014 19:14:30] /addskill Leandro,lvl
[08/01/2014 19:14:30] /addskill Leandro,lvl
[08/01/2014 19:14:30] /addskill Leandro,lvl
[08/01/2014 19:14:30] /addskill Leandro,lvl
[08/01/2014 19:14:30] /addskill Leandro,lvl
[08/01/2014 19:14:30] /addskill Leandro,lvl
[08/01/2014 19:14:30] /addskill Leandro,lvl
[08/01/2014 19:14:30] /addskill Leandro,lvl
[08/01/2014 19:14:30] /addskill Leandro,lvl
[08/01/2014 19:14:31] /addskill Leandro,lvl
[08/01/2014 19:14:31] /addskill Leandro,lvl
[08/01/2014 19:14:31] /addskill Leandro,lvl
[08/01/2014 19:14:31] /addskill Leandro,lvl
[08/01/2014 19:14:31] /addskill Leandro,lvl
[08/01/2014 19:14:31] /addskill Leandro,lvl
[08/01/2014 19:14:31] /addskill Leandro,lvl
[08/01/2014 19:14:31] /addskill Leandro,lvl
[08/01/2014 19:14:31] /addskill Leandro,lvl
[08/01/2014 19:14:31] /addskill Leandro,lvl
[08/01/2014 19:14:31] /addskill Leandro,lvl
[08/01/2014 19:14:31] /addskill Leandro,lvl
[08/01/2014 19:14:31] /addskill Leandro,lvl
[08/01/2014 19:14:31] /addskill Leandro,lvl
[08/01/2014 19:14:31] /addskill Leandro,lvl
[08/01/2014 19:14:31] /addskill Leandro,lvl
[08/01/2014 19:14:31] /addskill Leandro,lvl
[08/01/2014 19:14:32] /addskill Leandro,lvl
[08/01/2014 19:14:32] /addskill Leandro,lvl
[08/01/2014 19:14:32] /addskill Leandro,lvl
[08/01/2014 19:14:32] /addskill Leandro,lvl
[08/01/2014 19:14:32] /addskill Leandro,lvl
[08/01/2014 19:14:32] /addskill Leandro,lvl
[08/01/2014 19:14:32] /addskill Leandro,lvl
[08/01/2014 19:14:32] /addskill Leandro,lvl
[08/01/2014 19:14:32] /addskill Leandro,lvl
[08/01/2014 19:14:32] /addskill Leandro,lvl
[08/01/2014 19:14:32] /addskill Leandro,lvl
[08/01/2014 19:14:32] /addskill Leandro,lvl
[08/01/2014 19:14:32] /addskill Leandro,lvl
[08/01/2014 19:14:32] /addskill Leandro,lvl
[08/01/2014 19:14:32] /addskill Leandro,lvl
[08/01/2014 19:14:32] /addskill Leandro,lvl
[08/01/2014 19:14:32] /addskill Leandro,lvl
[08/01/2014 19:14:32] /addskill Leandro,lvl
[08/01/2014 19:14:32] /addskill Leandro,lvl
[08/01/2014 19:14:32] /addskill Leandro,lvl
[08/01/2014 19:14:32] /addskill Leandro,lvl
[08/01/2014 19:14:32] /addskill Leandro,lvl
[08/01/2014 19:14:32] /addskill Leandro,lvl
[08/01/2014 19:14:33] /addskill Leandro,lvl
[08/01/2014 19:14:33] /addskill Leandro,lvl
[08/01/2014 19:14:33] /addskill Leandro,lvl
[08/01/2014 19:14:33] /addskill Leandro,lvl
[08/01/2014 19:14:33] /addskill Leandro,lvl
[08/01/2014 19:14:33] /addskill Leandro,lvl
[08/01/2014 19:14:33] /addskill Leandro,lvl
[08/01/2014 19:14:33] /addskill Leandro,lvl
[08/01/2014 19:14:33] /addskill Leandro,lvl
[08/01/2014 19:14:33] /addskill Leandro,lvl
[08/01/2014 19:14:33] /addskill Leandro,lvl
[08/01/2014 19:14:33] /addskill Leandro,lvl
[08/01/2014 19:14:33] /addskill Leandro,lvl
[08/01/2014 19:14:33] /addskill Leandro,lvl
[08/01/2014 19:14:33] /addskill Leandro,lvl
[08/01/2014 19:14:33] /addskill Leandro,lvl
[08/01/2014 19:14:33] /addskill Leandro,lvl
[08/01/2014 19:14:33] /addskill Leandro,lvl
[08/01/2014 19:14:33] /addskill Leandro,lvl
[08/01/2014 19:14:33] /addskill Leandro,lvl
[08/01/2014 19:14:33] /addskill Leandro,lvl
[08/01/2014 19:14:33] /addskill Leandro,lvl
[08/01/2014 19:14:33] /addskill Leandro,lvl
[08/01/2014 19:14:33] /addskill Leandro,lvl
[08/01/2014 19:14:33] /addskill Leandro,lvl
[08/01/2014 19:14:33] /addskill Leandro,lvl
[08/01/2014 19:14:34] /addskill Leandro,lvl
[08/01/2014 19:14:34] /addskill Leandro,lvl
[08/01/2014 19:14:34] /addskill Leandro,lvl
[08/01/2014 19:14:34] /addskill Leandro,lvl
[08/01/2014 19:14:34] /addskill Leandro,lvl
[08/01/2014 19:14:34] /addskill Leandro,lvl
[08/01/2014 19:14:34] /addskill Leandro,lvl
[08/01/2014 19:14:34] /addskill Leandro,lvl
[08/01/2014 19:14:34] /addskill Leandro,lvl
[08/01/2014 19:14:34] /addskill Leandro,lvl
[08/01/2014 19:14:34] /addskill Leandro,lvl
[08/01/2014 19:14:34] /addskill Leandro,lvl
[08/01/2014 19:14:34] /addskill Leandro,lvl
[08/01/2014 19:14:34] /addskill Leandro,lvl
[08/01/2014 19:14:34] /addskill Leandro,lvl
[08/01/2014 19:14:34] /addskill Leandro,lvl
[08/01/2014 19:14:34] /addskill Leandro,lvl
[08/01/2014 19:14:35] /addskill Leandro,lvl
[08/01/2014 19:14:35] /addskill Leandro,lvl
[08/01/2014 19:14:35] /addskill Leandro,lvl
[08/01/2014 19:14:35] /addskill Leandro,lvl
[08/01/2014 19:14:35] /addskill Leandro,lvl
[08/01/2014 19:14:35] /addskill Leandro,lvl
[08/01/2014 19:14:39] /addskill Leandro,lvl
[08/01/2014 19:14:39] /addskill Leandro,lvl
[08/01/2014 19:14:41] /addskill Leandro,lvl
[08/01/2014 19:14:41] /addskill Leandro,lvl
[08/01/2014 19:14:41] /addskill Leandro,lvl
[08/01/2014 19:14:41] /addskill Leandro,lvl
[08/01/2014 19:14:41] /addskill Leandro,lvl
[08/01/2014 19:14:41] /addskill Leandro,lvl
[08/01/2014 19:14:41] /addskill Leandro,lvl
[08/01/2014 19:14:41] /addskill Leandro,lvl
[08/01/2014 19:14:41] /addskill Leandro,lvl
[08/01/2014 19:14:41] /addskill Leandro,lvl
[08/01/2014 19:14:41] /addskill Leandro,lvl
[08/01/2014 19:14:41] /addskill Leandro,lvl
[08/01/2014 19:14:41] /addskill Leandro,lvl
[08/01/2014 19:14:41] /addskill Leandro,lvl
[08/01/2014 19:14:41] /addskill Leandro,lvl
[08/01/2014 19:14:41] /addskill Leandro,lvl
[08/01/2014 19:14:41] /addskill Leandro,lvl
[08/01/2014 19:14:41] /addskill Leandro,lvl
[08/01/2014 19:14:41] /addskill Leandro,lvl
[08/01/2014 19:14:41] /addskill Leandro,lvl
[08/01/2014 19:14:41] /addskill Leandro,lvl
[08/01/2014 19:14:41] /addskill Leandro,lvl
[08/01/2014 19:14:41] /addskill Leandro,lvl
[08/01/2014 19:14:41] /addskill Leandro,lvl
[08/01/2014 19:14:41] /addskill Leandro,lvl
[08/01/2014 19:14:41] /addskill Leandro,lvl
[08/01/2014 19:14:41] /addskill Leandro,lvl
[08/01/2014 19:14:41] /addskill Leandro,lvl
[08/01/2014 19:14:41] /addskill Leandro,lvl
[08/01/2014 19:14:41] /addskill Leandro,lvl
[08/01/2014 19:14:41] /addskill Leandro,lvl
[08/01/2014 19:14:41] /addskill Leandro,lvl
[08/01/2014 19:14:41] /addskill Leandro,lvl
[08/01/2014 19:14:41] /addskill Leandro,lvl
[08/01/2014 19:14:41] /addskill Leandro,lvl
[08/01/2014 19:14:41] /addskill Leandro,lvl
[08/01/2014 19:14:41] /addskill Leandro,lvl
[08/01/2014 19:14:41] /addskill Leandro,lvl
[08/01/2014 19:14:41] /addskill Leandro,lvl
[08/01/2014 19:14:41] /addskill Leandro,lvl
[08/01/2014 19:14:41] /addskill Leandro,lvl
[08/01/2014 19:14:41] /addskill Leandro,lvl
[08/01/2014 19:14:41] /addskill Leandro,lvl
[08/01/2014 19:14:41] /addskill Leandro,lvl
[08/01/2014 19:14:41] /addskill Leandro,lvl
[08/01/2014 19:14:41] /addskill Leandro,lvl
[08/01/2014 19:14:41] /addskill Leandro,lvl
[08/01/2014 19:14:42] /addskill Leandro,lvl
[08/01/2014 19:14:42] /addskill Leandro,lvl
[08/01/2014 19:14:42] /addskill Leandro,lvl
[08/01/2014 19:14:42] /addskill Leandro,lvl
[08/01/2014 19:14:42] /addskill Leandro,lvl
[08/01/2014 19:14:42] /addskill Leandro,lvl
[08/01/2014 19:14:42] /addskill Leandro,lvl
[08/01/2014 19:14:42] /addskill Leandro,lvl
[08/01/2014 19:14:42] /addskill Leandro,lvl
[08/01/2014 19:14:42] /addskill Leandro,lvl
[08/01/2014 19:14:42] /addskill Leandro,lvl
[08/01/2014 19:14:42] /addskill Leandro,lvl
[08/01/2014 19:14:42] /addskill Leandro,lvl
[08/01/2014 19:14:42] /addskill Leandro,lvl
[08/01/2014 19:14:42] /addskill Leandro,lvl
[08/01/2014 19:14:42] /addskill Leandro,lvl
[08/01/2014 19:14:42] /addskill Leandro,lvl
[08/01/2014 19:14:42] /addskill Leandro,lvl
[08/01/2014 19:14:42] /addskill Leandro,lvl
[08/01/2014 19:14:42] /addskill Leandro,lvl
[08/01/2014 19:14:42] /addskill Leandro,lvl
[08/01/2014 19:14:42] /addskill Leandro,lvl
[08/01/2014 19:14:42] /addskill Leandro,lvl
[08/01/2014 19:14:42] /addskill Leandro,lvl
[08/01/2014 19:14:43] /addskill Leandro,lvl
[08/01/2014 19:14:43] /addskill Leandro,lvl
[08/01/2014 19:14:43] /addskill Leandro,lvl
[08/01/2014 19:14:43] /addskill Leandro,lvl
[08/01/2014 19:14:43] /addskill Leandro,lvl
[08/01/2014 19:14:43] /addskill Leandro,lvl
[08/01/2014 19:14:43] /addskill Leandro,lvl
[08/01/2014 19:14:43] /addskill Leandro,lvl
[08/01/2014 19:14:43] /addskill Leandro,lvl
[08/01/2014 19:14:43] /addskill Leandro,lvl
[08/01/2014 19:14:43] /addskill Leandro,lvl
[08/01/2014 19:14:43] /addskill Leandro,lvl
[08/01/2014 19:14:43] /addskill Leandro,lvl
[08/01/2014 19:14:43] /addskill Leandro,lvl
[08/01/2014 19:14:43] /addskill Leandro,lvl
[08/01/2014 19:14:43] /addskill Leandro,lvl
[08/01/2014 19:14:43] /addskill Leandro,lvl
[08/01/2014 19:14:43] /addskill Leandro,lvl
[08/01/2014 19:14:43] /addskill Leandro,lvl
[08/01/2014 19:14:43] /addskill Leandro,lvl
[08/01/2014 19:14:43] /addskill Leandro,lvl
[08/01/2014 19:14:43] /addskill Leandro,lvl
[08/01/2014 19:14:44] /addskill Leandro,lvl
[08/01/2014 19:14:44] /addskill Leandro,lvl
[08/01/2014 19:14:44] /addskill Leandro,lvl
[08/01/2014 19:14:44] /addskill Leandro,lvl
[08/01/2014 19:14:44] /addskill Leandro,lvl
[08/01/2014 19:14:44] /addskill Leandro,lvl
[08/01/2014 19:14:44] /addskill Leandro,lvl
[08/01/2014 19:14:44] /addskill Leandro,lvl
[08/01/2014 19:14:44] /addskill Leandro,lvl
[08/01/2014 19:14:44] /addskill Leandro,lvl
[08/01/2014 19:14:44] /addskill Leandro,lvl
[08/01/2014 19:14:44] /addskill Leandro,lvl
[08/01/2014 19:14:44] /addskill Leandro,lvl
[08/01/2014 19:14:44] /addskill Leandro,lvl
[08/01/2014 19:14:44] /addskill Leandro,lvl
[08/01/2014 19:14:44] /addskill Leandro,lvl
[08/01/2014 19:14:45] /addskill Leandro,lvl
[08/01/2014 19:14:45] /addskill Leandro,lvl
[08/01/2014 19:14:45] /addskill Leandro,lvl
[08/01/2014 19:14:45] /addskill Leandro,lvl
[08/01/2014 19:14:45] /addskill Leandro,lvl
[08/01/2014 19:14:45] /addskill Leandro,lvl
[08/01/2014 19:14:45] /addskill Leandro,lvl
[08/01/2014 19:14:45] /addskill Leandro,lvl
[08/01/2014 19:14:45] /addskill Leandro,lvl
[08/01/2014 19:14:45] /addskill Leandro,lvl
[08/01/2014 19:14:45] /addskill Leandro,lvl
[08/01/2014 19:14:45] /addskill Leandro,lvl
[08/01/2014 19:14:45] /addskill Leandro,lvl
[08/01/2014 19:14:45] /addskill Leandro,lvl
[08/01/2014 19:14:45] /addskill Leandro,lvl
[08/01/2014 19:14:45] /addskill Leandro,lvl
[08/01/2014 19:14:45] /addskill Leandro,lvl
[08/01/2014 19:14:45] /addskill Leandro,lvl
[08/01/2014 19:14:45] /addskill Leandro,lvl
[08/01/2014 19:14:45] /addskill Leandro,lvl
[08/01/2014 19:14:45] /addskill Leandro,lvl
[08/01/2014 19:14:46] /addskill Leandro,lvl
[08/01/2014 19:14:46] /addskill Leandro,lvl
[08/01/2014 19:14:46] /addskill Leandro,lvl
[08/01/2014 19:14:46] /addskill Leandro,lvl
[08/01/2014 19:14:46] /addskill Leandro,lvl
[08/01/2014 19:14:46] /addskill Leandro,lvl
[08/01/2014 19:14:46] /addskill Leandro,lvl
[08/01/2014 19:14:46] /addskill Leandro,lvl
[08/01/2014 19:14:46] /addskill Leandro,lvl
[08/01/2014 19:14:46] /addskill Leandro,lvl
[08/01/2014 19:14:46] /addskill Leandro,lvl
[08/01/2014 19:14:46] /addskill Leandro,lvl
[08/01/2014 19:14:46] /addskill Leandro,lvl
[08/01/2014 19:14:46] /addskill Leandro,lvl
[08/01/2014 19:14:46] /addskill Leandro,lvl
[08/01/2014 19:14:46] /addskill Leandro,lvl
[08/01/2014 19:14:46] /addskill Leandro,lvl
[08/01/2014 19:14:46] /addskill Leandro,lvl
[08/01/2014 19:14:46] /addskill Leandro,lvl
[08/01/2014 19:14:46] /addskill Leandro,lvl
[08/01/2014 19:14:46] /addskill Leandro,lvl
[08/01/2014 19:14:46] /addskill Leandro,lvl
[08/01/2014 19:14:46] /addskill Leandro,lvl
[08/01/2014 19:19:17] /attr group 6
[08/01/2014 19:21:20] /goto warlock
[08/01/2014 19:21:24] /t
[08/01/2014 19:24:17] /up
[08/01/2014 19:24:20] /a
[08/01/2014 19:24:55] /a
[08/01/2014 19:24:59] /down
[08/01/2014 19:28:04] /r
[08/01/2014 19:28:08] /r
[08/01/2014 19:28:43] /a
[08/01/2014 19:29:02] /down
[08/01/2014 19:29:14] /up
[08/01/2014 19:29:48] /a
[08/01/2014 19:30:27] /a
[08/01/2014 19:30:37] /goto annihilator
[08/01/2014 19:32:09] /t
[08/01/2014 19:32:26] /goto ice titan
[08/01/2014 19:36:18] /a 30
[08/01/2014 19:36:21] /a
[08/01/2014 19:36:21] /a
[08/01/2014 19:36:30] /s demon
[08/01/2014 19:36:46] /s demon
[08/01/2014 19:38:37] /up
[08/01/2014 19:47:20] /t
[17/01/2014 11:21:19] /ghost
[17/01/2014 11:21:24] /t
[17/01/2014 11:21:33] /goto yakotep
[17/01/2014 11:22:27] /a
[17/01/2014 11:22:28] /a
[17/01/2014 11:22:28] /a
[17/01/2014 11:22:28] /a
[17/01/2014 11:22:28] /a
[17/01/2014 11:22:28] /a
[17/01/2014 11:22:28] /a
[17/01/2014 11:22:29] /a
[17/01/2014 11:22:29] /a
[17/01/2014 11:22:30] /a
[17/01/2014 11:22:30] /a
[17/01/2014 11:22:30] /a
[17/01/2014 11:22:30] /a
[17/01/2014 11:22:31] /a
[17/01/2014 11:22:31] /a
[17/01/2014 11:22:31] /a
[17/01/2014 11:22:31] /a
[17/01/2014 11:22:31] /a
[17/01/2014 11:22:31] /a
[17/01/2014 11:22:31] /a
[17/01/2014 11:22:31] /a
[17/01/2014 11:22:31] /a
[17/01/2014 11:22:31] /a
[17/01/2014 11:22:31] /a
[17/01/2014 11:22:31] /a
[17/01/2014 11:22:31] /a
[17/01/2014 11:22:31] /a
[17/01/2014 11:22:31] /a
[17/01/2014 11:22:31] /a
[17/01/2014 11:22:31] /a
[17/01/2014 11:22:32] /a
[17/01/2014 11:22:32] /a
[17/01/2014 11:22:32] /a
[17/01/2014 11:22:32] /a
[17/01/2014 11:22:32] /a
[17/01/2014 11:22:32] /a
[17/01/2014 11:22:32] /a
[17/01/2014 11:22:32] /a
[17/01/2014 11:22:32] /a
[17/01/2014 11:22:32] /a
[17/01/2014 11:22:32] /a
[17/01/2014 11:22:32] /a
[17/01/2014 11:22:32] /a
[17/01/2014 11:22:32] /a
[17/01/2014 11:22:32] /a
[17/01/2014 11:22:32] /a
[17/01/2014 11:22:33] /a
[17/01/2014 11:22:33] /a
[17/01/2014 11:22:33] /a
[17/01/2014 11:22:33] /a
[17/01/2014 11:22:33] /a
[17/01/2014 11:22:33] /a
[17/01/2014 11:22:33] /a
[17/01/2014 11:22:33] /a
[17/01/2014 11:22:33] /a
[17/01/2014 11:22:33] /a
[17/01/2014 11:22:33] /a
[17/01/2014 11:22:33] /a
[17/01/2014 11:22:33] /a
[17/01/2014 11:22:33] /a
[17/01/2014 11:22:33] /a
[17/01/2014 11:22:33] /a
[17/01/2014 11:22:33] /a
[17/01/2014 11:22:33] /a
[17/01/2014 11:22:34] /a
[17/01/2014 11:22:34] /a
[17/01/2014 11:22:34] /a
[17/01/2014 11:22:34] /a
[17/01/2014 11:22:34] /a
[17/01/2014 11:22:34] /a
[17/01/2014 11:22:34] /a
[17/01/2014 11:22:34] /a
[17/01/2014 11:22:34] /a
[17/01/2014 11:22:34] /a
[17/01/2014 11:22:34] /a
[17/01/2014 11:22:34] /a
[17/01/2014 11:22:34] /a
[17/01/2014 11:22:34] /a
[17/01/2014 11:22:34] /a
[17/01/2014 11:22:34] /a
[17/01/2014 11:22:34] /a
[17/01/2014 11:22:34] /a
[17/01/2014 11:22:35] /a
[17/01/2014 11:22:35] /a
[17/01/2014 11:22:35] /a
[17/01/2014 11:22:35] /a
[17/01/2014 11:22:35] /a
[17/01/2014 11:22:35] /a
[17/01/2014 11:22:35] /a
[17/01/2014 11:22:35] /a
[17/01/2014 11:22:35] /a
[17/01/2014 11:22:35] /a
[17/01/2014 11:22:35] /a
[17/01/2014 11:22:35] /a
[17/01/2014 11:22:35] /a
[17/01/2014 11:22:35] /a
[17/01/2014 11:22:35] /a
[17/01/2014 11:22:35] /a
[17/01/2014 11:22:35] /a
[17/01/2014 11:22:36] /a
[17/01/2014 11:22:43] /a
[17/01/2014 11:22:43] /a
[17/01/2014 11:22:43] /a
[17/01/2014 11:22:43] /a
[17/01/2014 11:22:43] /a
[17/01/2014 11:22:43] /a
[17/01/2014 11:22:43] /a
[17/01/2014 11:22:43] /a
[17/01/2014 11:22:43] /a
[17/01/2014 11:22:43] /a
[17/01/2014 11:22:43] /a
[17/01/2014 11:22:43] /a
[17/01/2014 11:22:43] /a
[17/01/2014 11:22:43] /a
[17/01/2014 11:22:43] /a
[17/01/2014 11:22:43] /a
[17/01/2014 11:22:43] /a
[17/01/2014 11:22:43] /a
[17/01/2014 11:22:43] /a
[17/01/2014 11:22:43] /a
[17/01/2014 11:22:43] /a
[17/01/2014 11:22:43] /a
[17/01/2014 11:22:43] /a
[17/01/2014 11:22:43] /a
[17/01/2014 11:22:43] /a
[17/01/2014 11:22:43] /a
[17/01/2014 11:22:43] /a
[17/01/2014 11:22:43] /a
[17/01/2014 11:22:43] /a
[17/01/2014 11:22:43] /a
[17/01/2014 11:22:43] /a
[17/01/2014 11:22:43] /a
[17/01/2014 11:22:43] /a
[17/01/2014 11:22:43] /a
[17/01/2014 11:22:43] /a
[17/01/2014 11:22:43] /a
[17/01/2014 11:22:43] /a
[17/01/2014 11:22:43] /a
[17/01/2014 11:22:43] /a
[17/01/2014 11:22:43] /a
[17/01/2014 11:22:43] /a
[17/01/2014 11:22:43] /a
[17/01/2014 11:22:43] /a
[17/01/2014 11:22:43] /a
[17/01/2014 11:22:43] /a
[17/01/2014 11:22:43] /a
[17/01/2014 11:22:43] /a
[17/01/2014 11:22:43] /a
[17/01/2014 11:22:43] /a
[17/01/2014 11:22:43] /a
[17/01/2014 11:22:43] /a
[17/01/2014 11:22:43] /a
[17/01/2014 11:22:43] /a
[17/01/2014 11:24:16] /a
[17/01/2014 11:24:16] /a
[17/01/2014 11:24:16] /a
[17/01/2014 11:24:16] /a
[17/01/2014 11:24:16] /a
[17/01/2014 11:24:17] /a
[17/01/2014 11:24:17] /a
[17/01/2014 11:24:17] /a
[17/01/2014 11:24:17] /a
[17/01/2014 11:24:17] /a
[17/01/2014 11:24:18] /down
[17/01/2014 11:24:21] /down
[17/01/2014 11:24:24] /a
[17/01/2014 11:24:24] /a
[17/01/2014 11:24:24] /a
[17/01/2014 11:24:24] /a
[17/01/2014 11:24:25] /a
[17/01/2014 11:24:25] /a
[17/01/2014 11:24:25] /a
[17/01/2014 11:24:25] /a
[17/01/2014 11:24:25] /a
[17/01/2014 11:24:25] /a
[17/01/2014 11:24:25] /a
[17/01/2014 11:24:25] /a
[17/01/2014 11:24:25] /a
[17/01/2014 11:24:25] /a
[17/01/2014 11:24:25] /a
[17/01/2014 11:24:25] /a
[17/01/2014 11:24:25] /a
[17/01/2014 11:24:25] /a
[17/01/2014 11:24:25] /a
[17/01/2014 11:24:25] /a
[17/01/2014 11:24:25] /a
[17/01/2014 11:24:25] /a
[17/01/2014 11:24:26] /a
[17/01/2014 11:24:26] /a
[17/01/2014 11:24:26] /a
[17/01/2014 11:24:26] /a
[17/01/2014 11:24:26] /a
[17/01/2014 11:24:26] /a
[17/01/2014 11:24:26] /a
[17/01/2014 11:24:26] /a
[17/01/2014 11:24:26] /a
[17/01/2014 11:24:26] /a
[17/01/2014 11:24:26] /a
[17/01/2014 11:24:26] /a
[17/01/2014 11:24:26] /a
[17/01/2014 11:24:26] /a
[17/01/2014 11:24:26] /a
[17/01/2014 11:24:26] /a
[17/01/2014 11:24:26] /a
[17/01/2014 11:24:27] /a
[17/01/2014 11:24:27] /a
[17/01/2014 11:24:27] /a
[17/01/2014 11:24:27] /a
[17/01/2014 11:24:27] /a
[17/01/2014 11:24:28] /a
[17/01/2014 11:24:28] /a
[17/01/2014 11:24:28] /a
[17/01/2014 11:24:30] /down
[17/01/2014 11:24:31] /a
[17/01/2014 11:24:32] /a
[17/01/2014 11:24:32] /a
[17/01/2014 11:24:32] /a
[17/01/2014 11:24:32] /a
[17/01/2014 11:24:32] /a
[17/01/2014 11:24:32] /a
[17/01/2014 11:24:32] /a
[17/01/2014 11:24:32] /a
[17/01/2014 11:24:32] /a
[17/01/2014 11:24:32] /a
[17/01/2014 11:24:33] /a
[17/01/2014 11:24:33] /a
[17/01/2014 11:24:33] /a
[17/01/2014 11:24:33] /a
[17/01/2014 11:24:33] /a
[17/01/2014 11:24:33] /a
[17/01/2014 11:24:33] /a
[17/01/2014 11:24:33] /a
[17/01/2014 11:24:33] /a
[17/01/2014 11:24:33] /a
[17/01/2014 11:24:33] /a
[17/01/2014 11:24:33] /a
[17/01/2014 11:24:33] /a
[17/01/2014 11:24:33] /a
[17/01/2014 11:24:33] /a
[17/01/2014 11:24:33] /a
[17/01/2014 11:24:33] /a
[17/01/2014 11:24:34] /a
[17/01/2014 11:24:34] /a
[17/01/2014 11:24:34] /a
[17/01/2014 11:24:34] /a
[17/01/2014 11:24:34] /a
[17/01/2014 11:24:34] /a
[17/01/2014 11:24:34] /a
[17/01/2014 11:24:34] /a
[17/01/2014 11:24:34] /a
[17/01/2014 11:24:34] /a
[17/01/2014 11:24:34] /a
[17/01/2014 11:24:34] /a
[17/01/2014 11:24:34] /a
[17/01/2014 11:24:34] /a
[17/01/2014 11:24:34] /a
[17/01/2014 11:24:34] /a
[17/01/2014 11:24:34] /a
[17/01/2014 11:24:35] /a
[17/01/2014 11:24:35] /a
[17/01/2014 11:24:35] /a
[17/01/2014 11:24:35] /a
[17/01/2014 11:24:35] /a
[17/01/2014 11:24:35] /a
[17/01/2014 11:24:36] /a
[17/01/2014 11:24:36] /a
[17/01/2014 11:24:36] /a
[17/01/2014 11:24:36] /a
[17/01/2014 11:24:36] /a
[17/01/2014 11:24:36] /a
[17/01/2014 11:24:36] /a
[17/01/2014 11:24:36] /a
[17/01/2014 11:24:37] /a
[17/01/2014 11:24:37] /a
[17/01/2014 11:24:37] /a
[17/01/2014 11:24:37] /a
[17/01/2014 11:24:37] /a
[17/01/2014 11:24:37] /a
[17/01/2014 11:24:37] /a
[17/01/2014 11:24:37] /a
[17/01/2014 11:24:37] /a
[17/01/2014 11:24:37] /a
[17/01/2014 11:24:37] /a
[17/01/2014 11:24:37] /a
[17/01/2014 11:24:37] /a
[17/01/2014 11:24:37] /a
[17/01/2014 11:24:38] /a
[17/01/2014 11:24:38] /a
[17/01/2014 11:24:38] /a
[17/01/2014 11:24:38] /a
[17/01/2014 11:24:38] /a
[17/01/2014 11:24:38] /a
[17/01/2014 11:24:38] /a
[17/01/2014 11:24:38] /a
[17/01/2014 11:24:38] /a
[17/01/2014 11:24:39] /a
[17/01/2014 11:24:39] /a
[17/01/2014 11:24:39] /a
[17/01/2014 11:24:39] /a
[17/01/2014 11:24:39] /a
[17/01/2014 11:24:39] /a
[17/01/2014 11:24:39] /a
[17/01/2014 11:24:39] /a
[17/01/2014 11:24:39] /a
[17/01/2014 11:24:39] /a
[17/01/2014 11:24:39] /a
[17/01/2014 11:24:39] /a
[17/01/2014 11:24:39] /a
[17/01/2014 11:24:39] /a
[17/01/2014 11:24:39] /a
[17/01/2014 11:24:39] /a
[17/01/2014 11:24:40] /a
[17/01/2014 11:24:40] /a
[17/01/2014 11:24:40] /a
[17/01/2014 11:24:40] /a
[17/01/2014 11:24:40] /a
[17/01/2014 11:24:40] /a
[17/01/2014 11:24:40] /a
[17/01/2014 11:24:40] /a
[17/01/2014 11:24:40] /a
[17/01/2014 11:24:40] /a
[17/01/2014 11:24:40] /a
[17/01/2014 11:24:40] /a
[17/01/2014 11:24:40] /a
[17/01/2014 11:24:40] /a
[17/01/2014 11:24:40] /a
[17/01/2014 11:24:40] /a
[17/01/2014 11:24:40] /a
[17/01/2014 11:24:40] /a
[17/01/2014 11:24:41] /a
[17/01/2014 11:24:41] /a
[17/01/2014 11:24:41] /a
[17/01/2014 11:24:42] /a
[17/01/2014 11:24:42] /a
[17/01/2014 11:24:42] /a
[17/01/2014 11:24:43] /a
[17/01/2014 11:24:43] /a
[17/01/2014 11:24:43] /a
[17/01/2014 11:24:43] /a
[17/01/2014 11:24:43] /a
[17/01/2014 11:24:44] /a
[17/01/2014 11:24:44] /a
[17/01/2014 11:24:44] /a
[17/01/2014 11:24:44] /a
[17/01/2014 11:24:44] /a
[17/01/2014 11:24:44] /a
[17/01/2014 11:24:44] /a
[17/01/2014 11:24:44] /a
[17/01/2014 11:24:44] /a
[17/01/2014 11:24:44] /a
[17/01/2014 11:24:44] /a
[17/01/2014 11:24:44] /a
[17/01/2014 11:24:44] /a
[17/01/2014 11:24:44] /a
[17/01/2014 11:24:44] /a
[17/01/2014 11:24:44] /a
[17/01/2014 11:24:45] /a
[17/01/2014 11:24:45] /a
[17/01/2014 11:24:45] /a
[17/01/2014 11:24:45] /a
[17/01/2014 11:24:45] /a
[17/01/2014 11:24:45] /a
[17/01/2014 11:25:12] /t
