[14/01/2014 19:58:32] /ghost
[14/01/2014 19:58:37] /bat
[14/01/2014 19:58:41] /bat
[14/01/2014 19:59:00] /bat
[14/01/2014 19:59:36] /a 1
[14/01/2014 19:59:40] /a
[14/01/2014 20:01:27] /goto  [GOD] Yin
[14/01/2014 20:01:35] /goto [GOD] Yin
[14/01/2014 20:01:36] /goto [GOD] Yin
[14/01/2014 20:01:36] /goto [GOD] Yin
[14/01/2014 20:01:36] /goto [GOD] Yin
[14/01/2014 20:01:36] /goto [GOD] Yin
[14/01/2014 20:01:36] /goto [GOD] Yin
[14/01/2014 20:01:36] /goto [GOD] Yin
[14/01/2014 20:01:36] /goto [GOD] Yin
[14/01/2014 20:01:36] /goto [GOD] Yin
[14/01/2014 20:01:36] /goto [GOD] Yin
[14/01/2014 20:01:36] /goto [GOD] Yin
[14/01/2014 20:01:37] /goto [GOD] Yin
[14/01/2014 20:01:37] /goto [GOD] Yin
[14/01/2014 20:01:37] /goto [GOD] Yin
[14/01/2014 20:02:11] /goto [GOD] Yin
[14/01/2014 20:04:09] /a
[14/01/2014 20:04:20] /a 5
[14/01/2014 20:04:25] /a 3
[14/01/2014 20:04:28] /a 2
[14/01/2014 20:04:37] /a 7
[14/01/2014 20:04:44] /goto [GOD] Yin
[14/01/2014 20:04:46] /goto [GOD] Yin
[14/01/2014 20:04:50] /goto [GOD] Yin
[14/01/2014 20:04:56] /goto [GOD] Yin
[14/01/2014 20:04:58] /goto [GOD] Yin
[14/01/2014 20:05:24] /goto [GOD] Yin
[14/01/2014 20:05:28] /goto [GOD] Yin
[14/01/2014 20:05:36] /goto [GOD] Yin
[14/01/2014 20:05:40] /goto [GOD] Yin
[14/01/2014 20:05:49] /goto [GOD] Yin
[14/01/2014 20:05:54] /goto [GOD] Yin
[14/01/2014 20:06:02] /a 12
[14/01/2014 20:06:14] /goto [GOD] Yin
[14/01/2014 20:06:17] /goto [GOD] Yin
[14/01/2014 20:06:20] /a 2
[14/01/2014 20:06:26] /a 10
[14/01/2014 20:06:34] /a 8
[14/01/2014 20:06:45] /goto [GOD] Yin
[14/01/2014 20:06:45] /goto [GOD] Yin
[14/01/2014 20:06:45] /goto [GOD] Yin
[14/01/2014 20:08:53] /a 2
[14/01/2014 20:09:01] /a 3
[14/01/2014 20:09:50] /a 70
[14/01/2014 20:09:52] /a 70
[14/01/2014 20:09:54] /a 70
[14/01/2014 20:09:59] /a 2
[14/01/2014 20:09:59] /a 2
[14/01/2014 20:10:02] /a 2
[14/01/2014 20:10:05] /a 2
[14/01/2014 20:10:05] /a 2
[14/01/2014 20:10:06] /a 2
[14/01/2014 20:10:08] /a 2
[14/01/2014 20:10:09] /a 70
[14/01/2014 20:10:10] /a 2
[14/01/2014 20:10:11] /a 2
[14/01/2014 20:10:17] /a 2
[14/01/2014 20:10:20] /a 2
[14/01/2014 20:10:21] /a 2
[14/01/2014 20:10:21] /a 2
[14/01/2014 20:10:23] /a 2
[14/01/2014 20:10:26] /a 2
[14/01/2014 20:10:29] /a 2
[14/01/2014 20:10:31] /a 2
[14/01/2014 20:10:33] /a 2
[14/01/2014 20:10:35] /a 2
[14/01/2014 20:10:53] /a 2
[14/01/2014 20:10:59] /goto [GOD] Yin
[14/01/2014 20:11:08] /goto [GOD] Yin
[14/01/2014 20:11:10] /a 70
[14/01/2014 20:11:44] /a 2
[14/01/2014 20:11:45] /t
[14/01/2014 20:11:57] /goto [GOD] Yin
[14/01/2014 20:11:58] /a 70
[14/01/2014 20:12:00] /a 70
[14/01/2014 20:12:02] /a 2
[14/01/2014 20:12:02] /a 2
[14/01/2014 20:12:03] /a 2
[14/01/2014 20:12:03] /a 2
[14/01/2014 20:12:03] /a 2
[14/01/2014 20:12:03] /a 2
[14/01/2014 20:12:03] /a 2
[14/01/2014 20:12:04] /a 2
[14/01/2014 20:12:04] /a 2
[14/01/2014 20:12:04] /a 2
[14/01/2014 20:12:04] /a 2
[14/01/2014 20:12:05] /a 2
[14/01/2014 20:12:05] /a 2
[14/01/2014 20:12:05] /a 2
[14/01/2014 20:13:22] /a 2
[14/01/2014 20:13:50] /a 2
[14/01/2014 20:18:40] /ghost
[14/01/2014 20:24:01] /a 20
[14/01/2014 20:24:13] /a 20
[14/01/2014 20:24:19] /a 2
[14/01/2014 20:24:22] /a 2
[14/01/2014 20:24:53] /c Sorc zika
[14/01/2014 20:27:50] /ghost
[14/01/2014 20:28:39] /ghost
[14/01/2014 20:29:23] /a 70
[14/01/2014 20:29:27] /a 20
[14/01/2014 20:30:05] /a 50
[14/01/2014 20:30:12] /a 50
[14/01/2014 20:30:39] /t
[14/01/2014 20:30:47] /t d
[14/01/2014 20:30:54] /t deserto
[14/01/2014 20:31:20] /a 70
[14/01/2014 20:31:25] /a 50
[14/01/2014 20:31:29] /a 30
[14/01/2014 20:31:34] /up
[14/01/2014 20:31:36] /up
[14/01/2014 20:31:45] /down
[14/01/2014 20:31:48] /a 2
[14/01/2014 20:32:05] /up
[14/01/2014 20:32:10] /a 70
[14/01/2014 20:32:12] /up
[14/01/2014 20:32:17] /a 70
[14/01/2014 20:32:21] /a 70
[14/01/2014 20:32:24] /a 80
[14/01/2014 20:32:29] /a 90
[14/01/2014 20:32:32] /a 100
[14/01/2014 20:32:42] /a 100
[14/01/2014 20:32:44] /down
[14/01/2014 20:32:46] /a 2
[14/01/2014 20:32:49] /up
[14/01/2014 20:32:53] /up
[14/01/2014 20:32:57] /a 2
[14/01/2014 20:32:59] /up
[14/01/2014 20:33:05] /t
[14/01/2014 20:33:36] /down
[14/01/2014 20:33:41] /up
[14/01/2014 20:35:21] /a 30
[14/01/2014 20:35:44] /a 20
[14/01/2014 20:35:45] /a 20
[14/01/2014 20:35:48] /a 20
[14/01/2014 20:35:54] /a 20
[14/01/2014 20:35:57] /down
[14/01/2014 20:36:03] /a 20
[14/01/2014 20:36:07] /a 20
[14/01/2014 20:36:09] /a 20
[14/01/2014 20:36:10] /a 20
[14/01/2014 20:36:11] /a 20
[14/01/2014 20:36:12] /a 20
[14/01/2014 20:36:20] /a 2
[14/01/2014 20:36:22] /a 20
[14/01/2014 20:36:24] /a 20
[14/01/2014 20:36:25] /a 20
[14/01/2014 20:36:26] /a 20
[14/01/2014 20:36:27] /a 20
[14/01/2014 20:36:31] /a 20
[14/01/2014 20:37:14] /a 20
[14/01/2014 20:37:18] /a 20
[14/01/2014 20:37:19] /a 20
[14/01/2014 20:37:20] /a 20
[14/01/2014 20:37:22] /a 20
[14/01/2014 20:37:23] /a 20
[14/01/2014 20:38:05] /a 2
