[08/01/2014 19:20:03] /goto dark warlock
[08/01/2014 19:20:23] /i 2156
[08/01/2014 19:49:37] /a
[08/01/2014 19:50:04] /addskill Sorcerer,lvl
[08/01/2014 19:50:04] /addskill Sorcerer,lvl
[08/01/2014 19:50:04] /addskill Sorcerer,lvl
[08/01/2014 19:50:05] /addskill Sorcerer,lvl
[08/01/2014 19:50:05] /addskill Sorcerer,lvl
[08/01/2014 19:50:05] /addskill Sorcerer,lvl
[08/01/2014 19:50:06] /addskill Sorcerer,lvl
[08/01/2014 19:50:06] /addskill Sorcerer,lvl
[08/01/2014 19:50:06] /addskill Sorcerer,lvl
[08/01/2014 19:50:06] /addskill Sorcerer,lvl
[08/01/2014 19:50:06] /addskill Sorcerer,lvl
[08/01/2014 19:50:06] /addskill Sorcerer,lvl
[08/01/2014 19:50:06] /addskill Sorcerer,lvl
[08/01/2014 19:50:06] /addskill Sorcerer,lvl
[08/01/2014 19:50:07] /addskill Sorcerer,lvl
[08/01/2014 19:50:07] /addskill Sorcerer,lvl
[08/01/2014 19:50:07] /addskill Sorcerer,lvl
[08/01/2014 19:50:07] /addskill Sorcerer,lvl
[08/01/2014 19:50:08] /addskill Sorcerer,lvl
[08/01/2014 19:50:08] /addskill Sorcerer,lvl
[08/01/2014 19:50:08] /addskill Sorcerer,lvl
[08/01/2014 19:50:08] /addskill Sorcerer,lvl
[08/01/2014 19:50:08] /addskill Sorcerer,lvl
[08/01/2014 19:50:08] /addskill Sorcerer,lvl
[08/01/2014 19:50:08] /addskill Sorcerer,lvl
[08/01/2014 19:51:23] /t
[08/01/2014 19:55:24] /goto warlock
[08/01/2014 19:55:28] /t
